<?xml version="1.0" encoding="UTF-8"?>
<coverage generated="1746340150877" clover="3.2.0">
  <project timestamp="1746340150877" name="All files">
    <metrics statements="810" coveredstatements="568" conditionals="701" coveredconditionals="397" methods="225" coveredmethods="123" elements="1736" coveredelements="1088" complexity="0" loc="810" ncloc="810" packages="7" files="19" classes="19"/>
    <package name="src">
      <metrics statements="67" coveredstatements="54" conditionals="51" coveredconditionals="27" methods="12" coveredmethods="9"/>
      <file name="App.js" path="C:\Users\matth\Desktop\1-FRESH_RESEARCH\GNN-Application\frontend\src\App.js">
        <metrics statements="26" coveredstatements="17" conditionals="32" coveredconditionals="8" methods="5" coveredmethods="4"/>
        <line num="13" count="2" type="stmt"/>
        <line num="14" count="2" type="stmt"/>
        <line num="49" count="34" type="stmt"/>
        <line num="52" count="34" type="stmt"/>
        <line num="54" count="34" type="stmt"/>
        <line num="58" count="34" type="stmt"/>
        <line num="59" count="34" type="stmt"/>
        <line num="60" count="14" type="stmt"/>
        <line num="64" count="34" type="stmt"/>
        <line num="67" count="0" type="cond" truecount="0" falsecount="2"/>
        <line num="68" count="0" type="cond" truecount="0" falsecount="2"/>
        <line num="69" count="0" type="cond" truecount="0" falsecount="3"/>
        <line num="70" count="0" type="cond" truecount="0" falsecount="3"/>
        <line num="71" count="0" type="cond" truecount="0" falsecount="3"/>
        <line num="72" count="0" type="cond" truecount="0" falsecount="3"/>
        <line num="73" count="0" type="stmt"/>
        <line num="87" count="34" type="stmt"/>
        <line num="91" count="10" type="cond" truecount="1" falsecount="1"/>
        <line num="92" count="0" type="stmt"/>
        <line num="94" count="10" type="cond" truecount="1" falsecount="1"/>
        <line num="95" count="10" type="stmt"/>
        <line num="97" count="10" type="cond" truecount="1" falsecount="1"/>
        <line num="98" count="10" type="stmt"/>
        <line num="100" count="0" type="stmt"/>
        <line num="106" count="34" type="stmt"/>
        <line num="115" count="34" type="stmt"/>
      </file>
      <file name="api.js" path="C:\Users\matth\Desktop\1-FRESH_RESEARCH\GNN-Application\frontend\src\api.js">
        <metrics statements="40" coveredstatements="36" conditionals="19" coveredconditionals="19" methods="7" coveredmethods="5"/>
        <line num="3" count="1" type="cond" truecount="2" falsecount="0"/>
        <line num="11" count="1" type="stmt"/>
        <line num="12" count="0" type="stmt"/>
        <line num="13" count="0" type="stmt"/>
        <line num="14" count="0" type="stmt"/>
        <line num="16" count="0" type="stmt"/>
        <line num="28" count="1" type="stmt"/>
        <line num="30" count="13" type="cond" truecount="5" falsecount="0"/>
        <line num="31" count="2" type="stmt"/>
        <line num="32" count="2" type="stmt"/>
        <line num="33" count="2" type="stmt"/>
        <line num="36" count="11" type="cond" truecount="4" falsecount="0"/>
        <line num="37" count="1" type="stmt"/>
        <line num="38" count="1" type="stmt"/>
        <line num="39" count="1" type="stmt"/>
        <line num="42" count="10" type="cond" truecount="2" falsecount="0"/>
        <line num="43" count="1" type="stmt"/>
        <line num="44" count="1" type="stmt"/>
        <line num="45" count="1" type="stmt"/>
        <line num="48" count="9" type="cond" truecount="2" falsecount="0"/>
        <line num="49" count="1" type="stmt"/>
        <line num="50" count="1" type="stmt"/>
        <line num="53" count="9" type="stmt"/>
        <line num="55" count="9" type="stmt"/>
        <line num="67" count="5" type="stmt"/>
        <line num="68" count="5" type="cond" truecount="2" falsecount="0"/>
        <line num="71" count="10" type="stmt"/>
        <line num="74" count="4" type="cond" truecount="2" falsecount="0"/>
        <line num="75" count="4" type="stmt"/>
        <line num="78" count="4" type="stmt"/>
        <line num="79" count="8" type="stmt"/>
        <line num="80" count="8" type="stmt"/>
        <line num="81" count="7" type="stmt"/>
        <line num="83" count="1" type="stmt"/>
        <line num="88" count="4" type="stmt"/>
        <line num="93" count="9" type="stmt"/>
        <line num="95" count="2" type="stmt"/>
        <line num="96" count="2" type="stmt"/>
        <line num="100" count="3" type="stmt"/>
        <line num="101" count="3" type="stmt"/>
      </file>
      <file name="sectionsInfo.js" path="C:\Users\matth\Desktop\1-FRESH_RESEARCH\GNN-Application\frontend\src\sectionsInfo.js">
        <metrics statements="1" coveredstatements="1" conditionals="0" coveredconditionals="0" methods="0" coveredmethods="0"/>
        <line num="3" count="2" type="stmt"/>
      </file>
    </package>
    <package name="src.components">
      <metrics statements="60" coveredstatements="39" conditionals="46" coveredconditionals="31" methods="17" coveredmethods="12"/>
      <file name="Header.js" path="C:\Users\matth\Desktop\1-FRESH_RESEARCH\GNN-Application\frontend\src\components\Header.js">
        <metrics statements="3" coveredstatements="3" conditionals="2" coveredconditionals="2" methods="2" coveredmethods="2"/>
        <line num="5" count="2" type="stmt"/>
        <line num="6" count="14" type="stmt"/>
        <line num="17" count="24" type="cond" truecount="2" falsecount="0"/>
      </file>
      <file name="InfoButton.js" path="C:\Users\matth\Desktop\1-FRESH_RESEARCH\GNN-Application\frontend\src\components\InfoButton.js">
        <metrics statements="5" coveredstatements="5" conditionals="0" coveredconditionals="0" methods="3" coveredmethods="1"/>
        <line num="11" count="2" type="stmt"/>
        <line num="12" count="60" type="stmt"/>
        <line num="14" count="60" type="stmt"/>
        <line num="15" count="60" type="stmt"/>
        <line num="17" count="60" type="stmt"/>
      </file>
      <file name="InfoModal.js" path="C:\Users\matth\Desktop\1-FRESH_RESEARCH\GNN-Application\frontend\src\components\InfoModal.js">
        <metrics statements="3" coveredstatements="3" conditionals="0" coveredconditionals="0" methods="1" coveredmethods="1"/>
        <line num="5" count="2" type="stmt"/>
        <line num="7" count="2" type="stmt"/>
        <line num="8" count="60" type="stmt"/>
      </file>
      <file name="Sidebar.js" path="C:\Users\matth\Desktop\1-FRESH_RESEARCH\GNN-Application\frontend\src\components\Sidebar.js">
        <metrics statements="49" coveredstatements="28" conditionals="44" coveredconditionals="29" methods="11" coveredmethods="8"/>
        <line num="20" count="2" type="stmt"/>
        <line num="23" count="48" type="stmt"/>
        <line num="26" count="48" type="cond" truecount="2" falsecount="0"/>
        <line num="27" count="48" type="cond" truecount="2" falsecount="0"/>
        <line num="30" count="48" type="cond" truecount="2" falsecount="0"/>
        <line num="31" count="48" type="cond" truecount="2" falsecount="0"/>
        <line num="37" count="48" type="stmt"/>
        <line num="38" count="14" type="cond" truecount="4" falsecount="0"/>
        <line num="39" count="2" type="stmt"/>
        <line num="40" count="2" type="stmt"/>
        <line num="43" count="12" type="stmt"/>
        <line num="44" count="12" type="stmt"/>
        <line num="45" count="30" type="stmt"/>
        <line num="47" count="12" type="stmt"/>
        <line num="48" count="18" type="cond" truecount="2" falsecount="0"/>
        <line num="49" count="18" type="cond" truecount="2" falsecount="0"/>
        <line num="54" count="12" type="stmt"/>
        <line num="55" count="12" type="stmt"/>
        <line num="56" count="30" type="cond" truecount="2" falsecount="0"/>
        <line num="60" count="15" type="stmt"/>
        <line num="61" count="12" type="stmt"/>
        <line num="62" count="15" type="stmt"/>
        <line num="64" count="12" type="stmt"/>
        <line num="71" count="48" type="stmt"/>
        <line num="72" count="0" type="cond" truecount="0" falsecount="2"/>
        <line num="73" count="0" type="stmt"/>
        <line num="74" count="0" type="stmt"/>
        <line num="75" count="0" type="stmt"/>
        <line num="77" count="0" type="stmt"/>
        <line num="78" count="0" type="stmt"/>
        <line num="79" count="0" type="stmt"/>
        <line num="80" count="0" type="stmt"/>
        <line num="82" count="0" type="stmt"/>
        <line num="88" count="48" type="stmt"/>
        <line num="89" count="0" type="cond" truecount="0" falsecount="2"/>
        <line num="93" count="0" type="stmt"/>
        <line num="94" count="0" type="stmt"/>
        <line num="96" count="0" type="cond" truecount="0" falsecount="2"/>
        <line num="97" count="0" type="cond" truecount="0" falsecount="2"/>
        <line num="100" count="0" type="stmt"/>
        <line num="101" count="0" type="stmt"/>
        <line num="103" count="0" type="stmt"/>
        <line num="104" count="0" type="stmt"/>
        <line num="105" count="0" type="stmt"/>
        <line num="106" count="0" type="stmt"/>
        <line num="108" count="0" type="stmt"/>
        <line num="111" count="48" type="stmt"/>
        <line num="128" count="1" type="cond" truecount="1" falsecount="1"/>
        <line num="140" count="9" type="cond" truecount="1" falsecount="1"/>
      </file>
    </package>
    <package name="src.components.GraphNet-Tab">
      <metrics statements="113" coveredstatements="37" conditionals="94" coveredconditionals="20" methods="62" coveredmethods="10"/>
      <file name="ConfigurationPanel.js" path="C:\Users\matth\Desktop\1-FRESH_RESEARCH\GNN-Application\frontend\src\components\GraphNet-Tab\ConfigurationPanel.js">
        <metrics statements="60" coveredstatements="13" conditionals="61" coveredconditionals="5" methods="41" coveredmethods="5"/>
        <line num="17" count="0" type="stmt"/>
        <line num="18" count="0" type="cond" truecount="0" falsecount="5"/>
        <line num="19" count="0" type="cond" truecount="0" falsecount="4"/>
        <line num="20" count="0" type="stmt"/>
        <line num="23" count="1" type="stmt"/>
        <line num="35" count="3" type="stmt"/>
        <line num="36" count="6" type="stmt"/>
        <line num="40" count="3" type="stmt"/>
        <line num="42" count="3" type="stmt"/>
        <line num="43" count="3" type="cond" truecount="1" falsecount="1"/>
        <line num="44" count="0" type="stmt"/>
        <line num="51" count="3" type="stmt"/>
        <line num="52" count="0" type="stmt"/>
        <line num="53" count="0" type="stmt"/>
        <line num="54" count="0" type="stmt"/>
        <line num="55" count="0" type="stmt"/>
        <line num="59" count="3" type="stmt"/>
        <line num="60" count="0" type="stmt"/>
        <line num="74" count="0" type="stmt"/>
        <line num="77" count="3" type="stmt"/>
        <line num="78" count="0" type="stmt"/>
        <line num="79" count="0" type="stmt"/>
        <line num="80" count="0" type="stmt"/>
        <line num="81" count="0" type="stmt"/>
        <line num="84" count="3" type="stmt"/>
        <line num="85" count="0" type="stmt"/>
        <line num="86" count="0" type="cond" truecount="0" falsecount="2"/>
        <line num="87" count="0" type="stmt"/>
        <line num="89" count="0" type="stmt"/>
        <line num="91" count="0" type="stmt"/>
        <line num="104" count="0" type="stmt"/>
        <line num="106" count="0" type="stmt"/>
        <line num="133" count="0" type="stmt"/>
        <line num="140" count="0" type="stmt"/>
        <line num="145" count="0" type="stmt"/>
        <line num="158" count="0" type="stmt"/>
        <line num="163" count="0" type="stmt"/>
        <line num="176" count="0" type="stmt"/>
        <line num="193" count="0" type="stmt"/>
        <line num="209" count="0" type="stmt"/>
        <line num="227" count="0" type="stmt"/>
        <line num="246" count="0" type="stmt"/>
        <line num="265" count="0" type="stmt"/>
        <line num="284" count="0" type="stmt"/>
        <line num="307" count="0" type="stmt"/>
        <line num="321" count="0" type="stmt"/>
        <line num="336" count="0" type="stmt"/>
        <line num="355" count="0" type="stmt"/>
        <line num="374" count="3" type="stmt"/>
        <line num="407" count="12" type="stmt"/>
        <line num="413" count="0" type="stmt"/>
        <line num="429" count="0" type="stmt"/>
        <line num="434" count="12" type="stmt"/>
        <line num="487" count="0" type="stmt"/>
        <line num="488" count="0" type="stmt"/>
        <line num="490" count="0" type="stmt"/>
        <line num="498" count="0" type="stmt"/>
        <line num="507" count="0" type="stmt"/>
        <line num="523" count="0" type="stmt"/>
        <line num="559" count="0" type="stmt"/>
      </file>
      <file name="FileUploader.js" path="C:\Users\matth\Desktop\1-FRESH_RESEARCH\GNN-Application\frontend\src\components\GraphNet-Tab\FileUploader.js">
        <metrics statements="12" coveredstatements="4" conditionals="6" coveredconditionals="2" methods="4" coveredmethods="1"/>
        <line num="7" count="1" type="stmt"/>
        <line num="8" count="3" type="stmt"/>
        <line num="9" count="0" type="cond" truecount="0" falsecount="2"/>
        <line num="10" count="0" type="stmt"/>
        <line num="12" count="0" type="stmt"/>
        <line num="16" count="0" type="stmt"/>
        <line num="17" count="0" type="stmt"/>
        <line num="18" count="0" type="stmt"/>
        <line num="21" count="0" type="stmt"/>
        <line num="22" count="0" type="stmt"/>
        <line num="27" count="3" type="stmt"/>
        <line num="35" count="3" type="stmt"/>
      </file>
      <file name="GraphNet.js" path="C:\Users\matth\Desktop\1-FRESH_RESEARCH\GNN-Application\frontend\src\components\GraphNet-Tab\GraphNet.js">
        <metrics statements="18" coveredstatements="14" conditionals="17" coveredconditionals="13" methods="9" coveredmethods="3"/>
        <line num="13" count="1" type="stmt"/>
        <line num="14" count="1" type="stmt"/>
        <line num="15" count="1" type="stmt"/>
        <line num="16" count="1" type="stmt"/>
        <line num="17" count="1" type="stmt"/>
        <line num="44" count="3" type="stmt"/>
        <line num="46" count="3" type="stmt"/>
        <line num="49" count="3" type="stmt"/>
        <line num="51" count="3" type="stmt"/>
        <line num="52" count="0" type="stmt"/>
        <line num="53" count="0" type="stmt"/>
        <line num="56" count="3" type="stmt"/>
        <line num="57" count="3" type="stmt"/>
        <line num="60" count="3" type="stmt"/>
        <line num="65" count="0" type="cond" truecount="2" falsecount="0"/>
        <line num="74" count="3" type="stmt"/>
        <line num="83" count="3" type="stmt"/>
        <line num="95" count="0" type="stmt"/>
      </file>
      <file name="NodeEditModal.js" path="C:\Users\matth\Desktop\1-FRESH_RESEARCH\GNN-Application\frontend\src\components\GraphNet-Tab\NodeEditModal.js">
        <metrics statements="13" coveredstatements="2" conditionals="10" coveredconditionals="0" methods="4" coveredmethods="0"/>
        <line num="4" count="1" type="stmt"/>
        <line num="6" count="1" type="stmt"/>
        <line num="7" count="0" type="cond" truecount="0" falsecount="2"/>
        <line num="8" count="0" type="cond" truecount="0" falsecount="2"/>
        <line num="10" count="0" type="stmt"/>
        <line num="11" count="0" type="cond" truecount="0" falsecount="2"/>
        <line num="12" count="0" type="cond" truecount="0" falsecount="2"/>
        <line num="13" count="0" type="cond" truecount="0" falsecount="2"/>
        <line num="17" count="0" type="stmt"/>
        <line num="18" count="0" type="stmt"/>
        <line num="19" count="0" type="stmt"/>
        <line num="22" count="0" type="stmt"/>
        <line num="38" count="0" type="stmt"/>
      </file>
      <file name="ReactFlowWrapper.js" path="C:\Users\matth\Desktop\1-FRESH_RESEARCH\GNN-Application\frontend\src\components\GraphNet-Tab\ReactFlowWrapper.js">
        <metrics statements="2" coveredstatements="2" conditionals="0" coveredconditionals="0" methods="1" coveredmethods="1"/>
        <line num="4" count="1" type="stmt"/>
        <line num="12" count="3" type="stmt"/>
      </file>
      <file name="RelationshipModal.js" path="C:\Users\matth\Desktop\1-FRESH_RESEARCH\GNN-Application\frontend\src\components\GraphNet-Tab\RelationshipModal.js">
        <metrics statements="8" coveredstatements="2" conditionals="0" coveredconditionals="0" methods="3" coveredmethods="0"/>
        <line num="4" count="1" type="stmt"/>
        <line num="6" count="1" type="stmt"/>
        <line num="7" count="0" type="stmt"/>
        <line num="9" count="0" type="stmt"/>
        <line num="10" count="0" type="stmt"/>
        <line num="11" count="0" type="stmt"/>
        <line num="14" count="0" type="stmt"/>
        <line num="30" count="0" type="stmt"/>
      </file>
    </package>
    <package name="src.components.Training-Tab">
      <metrics statements="164" coveredstatements="132" conditionals="217" coveredconditionals="154" methods="38" coveredmethods="31"/>
      <file name="MetricsVisualizer.js" path="C:\Users\matth\Desktop\1-FRESH_RESEARCH\GNN-Application\frontend\src\components\Training-Tab\MetricsVisualizer.js">
        <metrics statements="36" coveredstatements="28" conditionals="46" coveredconditionals="33" methods="11" coveredmethods="7"/>
        <line num="19" count="3" type="stmt"/>
        <line num="39" count="3" type="stmt"/>
        <line num="41" count="11" type="stmt"/>
        <line num="44" count="11" type="cond" truecount="2" falsecount="0"/>
        <line num="45" count="1" type="stmt"/>
        <line num="52" count="10" type="stmt"/>
        <line num="54" count="9" type="cond" truecount="1" falsecount="1"/>
        <line num="55" count="134" type="cond" truecount="1" falsecount="1"/>
        <line num="57" count="9" type="stmt"/>
        <line num="84" count="10" type="stmt"/>
        <line num="86" count="9" type="cond" truecount="1" falsecount="1"/>
        <line num="87" count="134" type="cond" truecount="1" falsecount="1"/>
        <line num="89" count="9" type="stmt"/>
        <line num="116" count="10" type="stmt"/>
        <line num="118" count="6" type="cond" truecount="1" falsecount="1"/>
        <line num="119" count="0" type="stmt"/>
        <line num="122" count="6" type="stmt"/>
        <line num="123" count="6" type="stmt"/>
        <line num="126" count="6" type="stmt"/>
        <line num="127" count="18" type="stmt"/>
        <line num="128" count="18" type="stmt"/>
        <line num="131" count="6" type="stmt"/>
        <line num="144" count="10" type="stmt"/>
        <line num="160" count="0" type="stmt"/>
        <line num="172" count="10" type="stmt"/>
        <line num="180" count="0" type="stmt"/>
        <line num="187" count="10" type="stmt"/>
        <line num="200" count="0" type="cond" truecount="0" falsecount="2"/>
        <line num="201" count="0" type="cond" truecount="0" falsecount="2"/>
        <line num="202" count="0" type="stmt"/>
        <line num="203" count="0" type="stmt"/>
        <line num="204" count="0" type="stmt"/>
        <line num="212" count="10" type="cond" truecount="2" falsecount="0"/>
        <line num="213" count="10" type="cond" truecount="2" falsecount="0"/>
        <line num="214" count="10" type="cond" truecount="2" falsecount="0"/>
        <line num="216" count="10" type="stmt"/>
      </file>
      <file name="TrainingTab.js" path="C:\Users\matth\Desktop\1-FRESH_RESEARCH\GNN-Application\frontend\src\components\Training-Tab\TrainingTab.js">
        <metrics statements="128" coveredstatements="104" conditionals="171" coveredconditionals="121" methods="27" coveredmethods="24"/>
        <line num="13" count="3" type="stmt"/>
        <line num="15" count="72" type="stmt"/>
        <line num="16" count="72" type="stmt"/>
        <line num="17" count="72" type="cond" truecount="2" falsecount="0"/>
        <line num="18" count="72" type="cond" truecount="1" falsecount="1"/>
        <line num="21" count="72" type="stmt"/>
        <line num="22" count="30" type="stmt"/>
        <line num="23" count="30" type="stmt"/>
        <line num="24" count="30" type="stmt"/>
        <line num="28" count="72" type="stmt"/>
        <line num="29" count="65" type="stmt"/>
        <line num="33" count="72" type="stmt"/>
        <line num="36" count="72" type="cond" truecount="2" falsecount="0"/>
        <line num="41" count="72" type="stmt"/>
        <line num="42" count="65" type="cond" truecount="2" falsecount="0"/>
        <line num="47" count="8" type="stmt"/>
        <line num="55" count="57" type="stmt"/>
        <line num="56" count="57" type="stmt"/>
        <line num="57" count="57" type="stmt"/>
        <line num="59" count="55" type="cond" truecount="3" falsecount="0"/>
        <line num="63" count="57" type="stmt"/>
        <line num="64" count="57" type="cond" truecount="2" falsecount="0"/>
        <line num="65" count="43" type="stmt"/>
        <line num="70" count="86" type="cond" truecount="3" falsecount="0"/>
        <line num="74" count="86" type="stmt"/>
        <line num="78" count="57" type="stmt"/>
        <line num="91" count="72" type="cond" truecount="7" falsecount="0"/>
        <line num="101" count="72" type="stmt"/>
        <line num="106" count="72" type="stmt"/>
        <line num="118" count="72" type="stmt"/>
        <line num="120" count="72" type="cond" truecount="2" falsecount="0"/>
        <line num="121" count="72" type="stmt"/>
        <line num="122" count="72" type="stmt"/>
        <line num="125" count="72" type="stmt"/>
        <line num="128" count="72" type="stmt"/>
        <line num="132" count="72" type="stmt"/>
        <line num="133" count="33" type="stmt"/>
        <line num="134" count="33" type="stmt"/>
        <line num="135" count="33" type="stmt"/>
        <line num="140" count="72" type="stmt"/>
        <line num="141" count="69" type="cond" truecount="2" falsecount="0"/>
        <line num="142" count="54" type="stmt"/>
        <line num="149" count="72" type="stmt"/>
        <line num="150" count="0" type="stmt"/>
        <line num="152" count="0" type="stmt"/>
        <line num="153" count="0" type="cond" truecount="0" falsecount="6"/>
        <line num="154" count="0" type="stmt"/>
        <line num="156" count="0" type="cond" truecount="0" falsecount="4"/>
        <line num="157" count="0" type="cond" truecount="0" falsecount="4"/>
        <line num="158" count="0" type="stmt"/>
        <line num="160" count="0" type="cond" truecount="0" falsecount="4"/>
        <line num="162" count="0" type="cond" truecount="0" falsecount="4"/>
        <line num="165" count="0" type="stmt"/>
        <line num="174" count="72" type="stmt"/>
        <line num="175" count="3" type="stmt"/>
        <line num="177" count="3" type="stmt"/>
        <line num="186" count="72" type="stmt"/>
        <line num="188" count="6" type="cond" truecount="4" falsecount="1"/>
        <line num="189" count="0" type="stmt"/>
        <line num="190" count="0" type="stmt"/>
        <line num="194" count="6" type="stmt"/>
        <line num="195" count="6" type="stmt"/>
        <line num="196" count="6" type="stmt"/>
        <line num="197" count="6" type="stmt"/>
        <line num="204" count="6" type="stmt"/>
        <line num="213" count="6" type="cond" truecount="1" falsecount="1"/>
        <line num="214" count="0" type="stmt"/>
        <line num="215" count="6" type="cond" truecount="1" falsecount="1"/>
        <line num="216" count="0" type="stmt"/>
        <line num="220" count="6" type="stmt"/>
        <line num="222" count="3" type="cond" truecount="4" falsecount="0"/>
        <line num="224" count="1" type="cond" truecount="1" falsecount="1"/>
        <line num="227" count="0" type="stmt"/>
        <line num="230" count="1" type="stmt"/>
        <line num="232" count="2" type="cond" truecount="1" falsecount="1"/>
        <line num="233" count="0" type="stmt"/>
        <line num="234" count="2" type="cond" truecount="1" falsecount="1"/>
        <line num="235" count="2" type="stmt"/>
        <line num="236" count="2" type="stmt"/>
        <line num="237" count="0" type="cond" truecount="0" falsecount="2"/>
        <line num="238" count="0" type="stmt"/>
        <line num="243" count="6" type="stmt"/>
        <line num="244" count="1" type="stmt"/>
        <line num="246" count="1" type="stmt"/>
        <line num="247" count="1" type="cond" truecount="3" falsecount="1"/>
        <line num="248" count="1" type="cond" truecount="1" falsecount="1"/>
        <line num="249" count="1" type="stmt"/>
        <line num="250" count="0" type="cond" truecount="0" falsecount="5"/>
        <line num="251" count="0" type="stmt"/>
        <line num="253" count="0" type="cond" truecount="0" falsecount="2"/>
        <line num="254" count="0" type="stmt"/>
        <line num="256" count="1" type="stmt"/>
        <line num="257" count="1" type="stmt"/>
        <line num="260" count="6" type="stmt"/>
        <line num="262" count="6" type="stmt"/>
        <line num="269" count="0" type="stmt"/>
        <line num="276" count="72" type="stmt"/>
        <line num="277" count="1" type="cond" truecount="1" falsecount="1"/>
        <line num="278" count="1" type="stmt"/>
        <line num="279" count="1" type="stmt"/>
        <line num="280" count="1" type="stmt"/>
        <line num="291" count="72" type="stmt"/>
        <line num="292" count="49" type="cond" truecount="3" falsecount="0"/>
        <line num="294" count="2" type="stmt"/>
        <line num="311" count="2" type="stmt"/>
        <line num="328" count="45" type="stmt"/>
        <line num="335" count="72" type="stmt"/>
        <line num="336" count="49" type="cond" truecount="2" falsecount="0"/>
        <line num="338" count="3" type="stmt"/>
        <line num="366" count="72" type="stmt"/>
        <line num="367" count="49" type="cond" truecount="2" falsecount="0"/>
        <line num="369" count="3" type="stmt"/>
        <line num="375" count="72" type="stmt"/>
        <line num="378" count="49" type="cond" truecount="5" falsecount="0"/>
        <line num="385" count="49" type="cond" truecount="1" falsecount="1"/>
        <line num="386" count="49" type="stmt"/>
        <line num="395" count="0" type="stmt"/>
        <line num="405" count="49" type="stmt"/>
        <line num="428" count="86" type="stmt"/>
        <line num="442" count="72" type="stmt"/>
        <line num="443" count="49" type="stmt"/>
        <line num="475" count="72" type="cond" truecount="6" falsecount="0"/>
        <line num="476" count="15" type="stmt"/>
        <line num="485" count="57" type="cond" truecount="5" falsecount="0"/>
        <line num="492" count="57" type="cond" truecount="2" falsecount="0"/>
        <line num="493" count="8" type="stmt"/>
        <line num="512" count="49" type="stmt"/>
        <line num="695" count="2" type="stmt"/>
      </file>
    </package>
    <package name="src.context">
      <metrics statements="137" coveredstatements="116" conditionals="94" coveredconditionals="57" methods="30" coveredmethods="28"/>
      <file name="GraphDataContext.js" path="C:\Users\matth\Desktop\1-FRESH_RESEARCH\GNN-Application\frontend\src\context\GraphDataContext.js">
        <metrics statements="137" coveredstatements="116" conditionals="94" coveredconditionals="57" methods="30" coveredmethods="28"/>
        <line num="8" count="2650" type="cond" truecount="1" falsecount="1"/>
        <line num="9" count="2650" type="cond" truecount="3" falsecount="1"/>
        <line num="10" count="2650" type="cond" truecount="3" falsecount="1"/>
        <line num="11" count="2650" type="stmt"/>
        <line num="16" count="522" type="stmt"/>
        <line num="21" count="5" type="stmt"/>
        <line num="23" count="5" type="stmt"/>
        <line num="36" count="66" type="cond" truecount="6" falsecount="2"/>
        <line num="38" count="11" type="stmt"/>
        <line num="40" count="1" type="stmt"/>
        <line num="42" count="1" type="stmt"/>
        <line num="44" count="13" type="stmt"/>
        <line num="46" count="2" type="cond" truecount="1" falsecount="1"/>
        <line num="48" count="38" type="stmt"/>
        <line num="50" count="0" type="stmt"/>
        <line num="52" count="0" type="stmt"/>
        <line num="58" count="5" type="stmt"/>
        <line num="59" count="5" type="stmt"/>
        <line num="65" count="233" type="stmt"/>
        <line num="66" count="75" type="stmt"/>
        <line num="67" count="75" type="stmt"/>
        <line num="68" count="75" type="cond" truecount="2" falsecount="0"/>
        <line num="69" count="53" type="stmt"/>
        <line num="71" count="53" type="stmt"/>
        <line num="72" count="53" type="cond" truecount="1" falsecount="1"/>
        <line num="73" count="53" type="cond" truecount="2" falsecount="0"/>
        <line num="74" count="51" type="stmt"/>
        <line num="75" count="2" type="cond" truecount="1" falsecount="1"/>
        <line num="76" count="2" type="stmt"/>
        <line num="79" count="53" type="cond" truecount="4" falsecount="1"/>
        <line num="80" count="53" type="stmt"/>
        <line num="84" count="0" type="stmt"/>
        <line num="86" count="22" type="stmt"/>
        <line num="89" count="233" type="stmt"/>
        <line num="92" count="233" type="stmt"/>
        <line num="95" count="233" type="stmt"/>
        <line num="96" count="233" type="stmt"/>
        <line num="97" count="138" type="stmt"/>
        <line num="101" count="233" type="stmt"/>
        <line num="102" count="233" type="stmt"/>
        <line num="104" count="138" type="stmt"/>
        <line num="105" count="138" type="stmt"/>
        <line num="107" count="138" type="stmt"/>
        <line num="109" count="138" type="stmt"/>
        <line num="114" count="138" type="stmt"/>
        <line num="115" count="138" type="stmt"/>
        <line num="117" count="0" type="stmt"/>
        <line num="119" count="138" type="cond" truecount="1" falsecount="1"/>
        <line num="124" count="233" type="stmt"/>
        <line num="125" count="75" type="stmt"/>
        <line num="130" count="233" type="stmt"/>
        <line num="132" count="233" type="stmt"/>
        <line num="133" count="75" type="stmt"/>
        <line num="134" count="75" type="stmt"/>
        <line num="136" count="0" type="stmt"/>
        <line num="137" count="0" type="stmt"/>
        <line num="138" count="0" type="stmt"/>
        <line num="141" count="75" type="stmt"/>
        <line num="142" count="0" type="cond" truecount="0" falsecount="2"/>
        <line num="143" count="0" type="stmt"/>
        <line num="144" count="0" type="stmt"/>
        <line num="146" count="0" type="cond" truecount="0" falsecount="5"/>
        <line num="147" count="0" type="stmt"/>
        <line num="150" count="0" type="stmt"/>
        <line num="155" count="75" type="stmt"/>
        <line num="156" count="75" type="cond" truecount="1" falsecount="1"/>
        <line num="157" count="75" type="stmt"/>
        <line num="160" count="75" type="stmt"/>
        <line num="161" count="75" type="cond" truecount="1" falsecount="1"/>
        <line num="162" count="75" type="stmt"/>
        <line num="163" count="75" type="stmt"/>
        <line num="171" count="233" type="stmt"/>
        <line num="173" count="99" type="cond" truecount="1" falsecount="1"/>
        <line num="174" count="99" type="stmt"/>
        <line num="175" count="99" type="stmt"/>
        <line num="176" count="1" type="cond" truecount="1" falsecount="1"/>
        <line num="177" count="1" type="stmt"/>
        <line num="178" count="1" type="stmt"/>
        <line num="179" count="1" type="cond" truecount="2" falsecount="3"/>
        <line num="180" count="1" type="stmt"/>
        <line num="183" count="0" type="stmt"/>
        <line num="187" count="99" type="stmt"/>
        <line num="188" count="99" type="stmt"/>
        <line num="189" count="99" type="cond" truecount="2" falsecount="0"/>
        <line num="194" count="233" type="stmt"/>
        <line num="195" count="70" type="cond" truecount="1" falsecount="1"/>
        <line num="196" count="70" type="stmt"/>
        <line num="197" count="70" type="stmt"/>
        <line num="202" count="0" type="stmt"/>
        <line num="209" count="233" type="stmt"/>
        <line num="210" count="14" type="stmt"/>
        <line num="211" count="14" type="stmt"/>
        <line num="212" count="14" type="stmt"/>
        <line num="215" count="233" type="stmt"/>
        <line num="216" count="1" type="stmt"/>
        <line num="217" count="1" type="stmt"/>
        <line num="218" count="1" type="stmt"/>
        <line num="221" count="233" type="stmt"/>
        <line num="222" count="1" type="stmt"/>
        <line num="223" count="1" type="stmt"/>
        <line num="224" count="1" type="stmt"/>
        <line num="227" count="233" type="stmt"/>
        <line num="228" count="13" type="stmt"/>
        <line num="229" count="13" type="stmt"/>
        <line num="230" count="13" type="stmt"/>
        <line num="234" count="233" type="stmt"/>
        <line num="235" count="2" type="stmt"/>
        <line num="241" count="2" type="stmt"/>
        <line num="242" count="2" type="stmt"/>
        <line num="245" count="233" type="stmt"/>
        <line num="246" count="39" type="stmt"/>
        <line num="252" count="39" type="stmt"/>
        <line num="253" count="39" type="stmt"/>
        <line num="256" count="233" type="stmt"/>
        <line num="257" count="0" type="stmt"/>
        <line num="263" count="0" type="stmt"/>
        <line num="264" count="0" type="stmt"/>
        <line num="269" count="233" type="stmt"/>
        <line num="271" count="1" type="stmt"/>
        <line num="272" count="1" type="cond" truecount="4" falsecount="2"/>
        <line num="273" count="0" type="stmt"/>
        <line num="275" count="1" type="stmt"/>
        <line num="284" count="233" type="stmt"/>
        <line num="286" count="10" type="cond" truecount="1" falsecount="1"/>
        <line num="290" count="233" type="stmt"/>
        <line num="292" count="10" type="stmt"/>
        <line num="301" count="233" type="stmt"/>
        <line num="308" count="233" type="stmt"/>
        <line num="319" count="233" type="stmt"/>
        <line num="337" count="237" type="stmt"/>
        <line num="338" count="237" type="cond" truecount="1" falsecount="1"/>
        <line num="339" count="0" type="stmt"/>
        <line num="342" count="237" type="stmt"/>
        <line num="351" count="202" type="stmt"/>
        <line num="352" count="202" type="cond" truecount="1" falsecount="1"/>
        <line num="353" count="0" type="stmt"/>
        <line num="355" count="202" type="stmt"/>
      </file>
    </package>
    <package name="src.hooks">
      <metrics statements="251" coveredstatements="187" conditionals="183" coveredconditionals="105" methods="54" coveredmethods="32"/>
      <file name="useGraph.js" path="C:\Users\matth\Desktop\1-FRESH_RESEARCH\GNN-Application\frontend\src\hooks\useGraph.js">
        <metrics statements="149" coveredstatements="103" conditionals="111" coveredconditionals="52" methods="40" coveredmethods="19"/>
        <line num="11" count="2" type="stmt"/>
        <line num="13" count="115" type="stmt"/>
        <line num="14" count="115" type="stmt"/>
        <line num="17" count="115" type="stmt"/>
        <line num="18" count="115" type="stmt"/>
        <line num="19" count="115" type="stmt"/>
        <line num="26" count="115" type="stmt"/>
        <line num="27" count="115" type="stmt"/>
        <line num="28" count="115" type="stmt"/>
        <line num="31" count="115" type="stmt"/>
        <line num="32" count="115" type="stmt"/>
        <line num="34" count="115" type="stmt"/>
        <line num="35" count="115" type="stmt"/>
        <line num="37" count="115" type="stmt"/>
        <line num="38" count="115" type="stmt"/>
        <line num="40" count="115" type="stmt"/>
        <line num="41" count="115" type="stmt"/>
        <line num="45" count="115" type="stmt"/>
        <line num="46" count="12" type="stmt"/>
        <line num="47" count="12" type="stmt"/>
        <line num="49" count="12" type="stmt"/>
        <line num="55" count="12" type="stmt"/>
        <line num="56" count="12" type="stmt"/>
        <line num="57" count="12" type="stmt"/>
        <line num="58" count="12" type="stmt"/>
        <line num="59" count="12" type="stmt"/>
        <line num="62" count="115" type="stmt"/>
        <line num="63" count="1" type="stmt"/>
        <line num="66" count="115" type="stmt"/>
        <line num="67" count="11" type="stmt"/>
        <line num="68" count="11" type="cond" truecount="1" falsecount="1"/>
        <line num="69" count="0" type="stmt"/>
        <line num="71" count="0" type="stmt"/>
        <line num="73" count="0" type="stmt"/>
        <line num="74" count="0" type="cond" truecount="0" falsecount="2"/>
        <line num="76" count="11" type="stmt"/>
        <line num="77" count="11" type="stmt"/>
        <line num="81" count="11" type="stmt"/>
        <line num="97" count="115" type="stmt"/>
        <line num="98" count="0" type="stmt"/>
        <line num="99" count="0" type="stmt"/>
        <line num="102" count="115" type="stmt"/>
        <line num="103" count="0" type="cond" truecount="0" falsecount="2"/>
        <line num="105" count="0" type="stmt"/>
        <line num="110" count="0" type="stmt"/>
        <line num="112" count="0" type="stmt"/>
        <line num="124" count="0" type="stmt"/>
        <line num="125" count="0" type="stmt"/>
        <line num="128" count="115" type="stmt"/>
        <line num="129" count="0" type="stmt"/>
        <line num="130" count="0" type="stmt"/>
        <line num="133" count="115" type="stmt"/>
        <line num="134" count="0" type="stmt"/>
        <line num="135" count="0" type="stmt"/>
        <line num="136" count="0" type="cond" truecount="0" falsecount="2"/>
        <line num="137" count="0" type="stmt"/>
        <line num="143" count="0" type="stmt"/>
        <line num="145" count="0" type="stmt"/>
        <line num="148" count="0" type="stmt"/>
        <line num="149" count="0" type="stmt"/>
        <line num="150" count="0" type="cond" truecount="0" falsecount="2"/>
        <line num="151" count="0" type="stmt"/>
        <line num="158" count="0" type="stmt"/>
        <line num="162" count="0" type="stmt"/>
        <line num="163" count="0" type="stmt"/>
        <line num="168" count="115" type="stmt"/>
        <line num="169" count="12" type="cond" truecount="4" falsecount="0"/>
        <line num="170" count="1" type="stmt"/>
        <line num="171" count="1" type="stmt"/>
        <line num="174" count="11" type="stmt"/>
        <line num="175" count="11" type="stmt"/>
        <line num="177" count="11" type="stmt"/>
        <line num="178" count="11" type="stmt"/>
        <line num="188" count="11" type="stmt"/>
        <line num="190" count="10" type="cond" truecount="2" falsecount="0"/>
        <line num="191" count="9" type="stmt"/>
        <line num="192" count="9" type="stmt"/>
        <line num="193" count="9" type="stmt"/>
        <line num="195" count="1" type="stmt"/>
        <line num="196" count="1" type="stmt"/>
        <line num="199" count="1" type="stmt"/>
        <line num="200" count="1" type="cond" truecount="1" falsecount="1"/>
        <line num="201" count="1" type="stmt"/>
        <line num="203" count="11" type="stmt"/>
        <line num="210" count="115" type="stmt"/>
        <line num="211" count="115" type="cond" truecount="1" falsecount="1"/>
        <line num="212" count="115" type="cond" truecount="1" falsecount="1"/>
        <line num="214" count="115" type="cond" truecount="1" falsecount="1"/>
        <line num="219" count="115" type="stmt"/>
        <line num="220" count="115" type="stmt"/>
        <line num="221" count="115" type="cond" truecount="3" falsecount="0"/>
        <line num="222" count="115" type="stmt"/>
        <line num="223" count="115" type="cond" truecount="2" falsecount="0"/>
        <line num="224" count="98" type="stmt"/>
        <line num="227" count="115" type="cond" truecount="2" falsecount="0"/>
        <line num="229" count="98" type="cond" truecount="2" falsecount="0"/>
        <line num="230" count="98" type="stmt"/>
        <line num="235" count="115" type="cond" truecount="2" falsecount="0"/>
        <line num="239" count="115" type="stmt"/>
        <line num="250" count="115" type="stmt"/>
        <line num="251" count="115" type="stmt"/>
        <line num="252" count="115" type="cond" truecount="3" falsecount="0"/>
        <line num="255" count="115" type="stmt"/>
        <line num="256" count="115" type="stmt"/>
        <line num="260" count="115" type="stmt"/>
        <line num="263" count="115" type="stmt"/>
        <line num="264" count="115" type="cond" truecount="1" falsecount="1"/>
        <line num="265" count="115" type="cond" truecount="2" falsecount="0"/>
        <line num="266" count="58" type="cond" truecount="2" falsecount="0"/>
        <line num="267" count="50" type="cond" truecount="2" falsecount="0"/>
        <line num="268" count="44" type="stmt"/>
        <line num="273" count="115" type="stmt"/>
        <line num="274" count="0" type="stmt"/>
        <line num="275" count="0" type="cond" truecount="0" falsecount="2"/>
        <line num="276" count="0" type="cond" truecount="0" falsecount="2"/>
        <line num="278" count="0" type="stmt"/>
        <line num="285" count="0" type="stmt"/>
        <line num="293" count="0" type="stmt"/>
        <line num="295" count="0" type="stmt"/>
        <line num="297" count="0" type="cond" truecount="0" falsecount="2"/>
        <line num="298" count="0" type="stmt"/>
        <line num="300" count="0" type="stmt"/>
        <line num="301" count="0" type="stmt"/>
        <line num="304" count="0" type="stmt"/>
        <line num="310" count="0" type="cond" truecount="0" falsecount="5"/>
        <line num="311" count="0" type="stmt"/>
        <line num="315" count="0" type="stmt"/>
        <line num="317" count="0" type="stmt"/>
        <line num="319" count="0" type="cond" truecount="0" falsecount="2"/>
        <line num="321" count="0" type="stmt"/>
        <line num="322" count="0" type="stmt"/>
        <line num="328" count="115" type="stmt"/>
        <line num="374" count="60" type="stmt"/>
        <line num="390" count="60" type="cond" truecount="1" falsecount="1"/>
        <line num="392" count="60" type="cond" truecount="1" falsecount="1"/>
        <line num="393" count="60" type="cond" truecount="1" falsecount="1"/>
        <line num="398" count="60" type="stmt"/>
        <line num="399" count="60" type="stmt"/>
        <line num="400" count="60" type="stmt"/>
        <line num="401" count="16" type="cond" truecount="3" falsecount="0"/>
        <line num="403" count="60" type="stmt"/>
        <line num="404" count="60" type="cond" truecount="2" falsecount="0"/>
        <line num="405" count="12" type="stmt"/>
        <line num="408" count="60" type="cond" truecount="2" falsecount="0"/>
        <line num="410" count="12" type="cond" truecount="2" falsecount="0"/>
        <line num="411" count="12" type="stmt"/>
        <line num="416" count="60" type="cond" truecount="2" falsecount="0"/>
        <line num="421" count="60" type="cond" truecount="4" falsecount="0"/>
        <line num="425" count="60" type="stmt"/>
      </file>
      <file name="useSyncBeforeNavigation.js" path="C:\Users\matth\Desktop\1-FRESH_RESEARCH\GNN-Application\frontend\src\hooks\useSyncBeforeNavigation.js">
        <metrics statements="102" coveredstatements="84" conditionals="72" coveredconditionals="53" methods="14" coveredmethods="13"/>
        <line num="30" count="50" type="cond" truecount="1" falsecount="1"/>
        <line num="33" count="50" type="cond" truecount="3" falsecount="0"/>
        <line num="34" count="50" type="cond" truecount="1" falsecount="1"/>
        <line num="43" count="50" type="cond" truecount="3" falsecount="1"/>
        <line num="45" count="50" type="stmt"/>
        <line num="46" count="50" type="stmt"/>
        <line num="47" count="50" type="stmt"/>
        <line num="49" count="50" type="cond" truecount="3" falsecount="1"/>
        <line num="52" count="50" type="stmt"/>
        <line num="53" count="50" type="stmt"/>
        <line num="54" count="50" type="stmt"/>
        <line num="55" count="50" type="stmt"/>
        <line num="56" count="50" type="stmt"/>
        <line num="59" count="50" type="cond" truecount="3" falsecount="0"/>
        <line num="62" count="50" type="stmt"/>
        <line num="63" count="77" type="stmt"/>
        <line num="67" count="50" type="stmt"/>
        <line num="68" count="30" type="cond" truecount="2" falsecount="0"/>
        <line num="69" count="1" type="cond" truecount="1" falsecount="1"/>
        <line num="70" count="0" type="stmt"/>
        <line num="71" count="0" type="stmt"/>
        <line num="72" count="0" type="stmt"/>
        <line num="74" count="1" type="stmt"/>
        <line num="79" count="29" type="cond" truecount="4" falsecount="0"/>
        <line num="80" count="5" type="stmt"/>
        <line num="81" count="5" type="cond" truecount="4" falsecount="1"/>
        <line num="84" count="5" type="stmt"/>
        <line num="85" count="5" type="stmt"/>
        <line num="86" count="5" type="stmt"/>
        <line num="88" count="5" type="stmt"/>
        <line num="90" count="24" type="stmt"/>
        <line num="94" count="29" type="stmt"/>
        <line num="95" count="29" type="cond" truecount="2" falsecount="0"/>
        <line num="96" count="1" type="stmt"/>
        <line num="97" count="1" type="stmt"/>
        <line num="98" count="1" type="stmt"/>
        <line num="105" count="50" type="stmt"/>
        <line num="106" count="20" type="cond" truecount="2" falsecount="0"/>
        <line num="107" count="19" type="stmt"/>
        <line num="108" count="0" type="stmt"/>
        <line num="109" count="0" type="stmt"/>
        <line num="110" count="0" type="stmt"/>
        <line num="112" count="19" type="stmt"/>
        <line num="113" count="19" type="stmt"/>
        <line num="118" count="50" type="stmt"/>
        <line num="119" count="12" type="cond" truecount="2" falsecount="0"/>
        <line num="120" count="1" type="stmt"/>
        <line num="121" count="1" type="cond" truecount="1" falsecount="1"/>
        <line num="122" count="1" type="stmt"/>
        <line num="124" count="1" type="stmt"/>
        <line num="126" count="11" type="stmt"/>
        <line num="127" count="11" type="stmt"/>
        <line num="128" count="11" type="stmt"/>
        <line num="132" count="50" type="stmt"/>
        <line num="133" count="50" type="stmt"/>
        <line num="134" count="50" type="cond" truecount="4" falsecount="0"/>
        <line num="136" count="15" type="stmt"/>
        <line num="137" count="15" type="stmt"/>
        <line num="139" count="15" type="stmt"/>
        <line num="140" count="15" type="stmt"/>
        <line num="141" count="15" type="stmt"/>
        <line num="142" count="15" type="cond" truecount="1" falsecount="1"/>
        <line num="143" count="0" type="stmt"/>
        <line num="145" count="15" type="stmt"/>
        <line num="146" count="14" type="cond" truecount="3" falsecount="1"/>
        <line num="147" count="0" type="stmt"/>
        <line num="148" count="0" type="stmt"/>
        <line num="150" count="14" type="cond" truecount="1" falsecount="1"/>
        <line num="151" count="14" type="stmt"/>
        <line num="152" count="14" type="stmt"/>
        <line num="153" count="14" type="stmt"/>
        <line num="154" count="14" type="stmt"/>
        <line num="155" count="14" type="cond" truecount="2" falsecount="0"/>
        <line num="156" count="4" type="stmt"/>
        <line num="157" count="4" type="stmt"/>
        <line num="159" count="14" type="cond" truecount="1" falsecount="1"/>
        <line num="160" count="14" type="stmt"/>
        <line num="163" count="0" type="stmt"/>
        <line num="164" count="0" type="stmt"/>
        <line num="165" count="0" type="stmt"/>
        <line num="166" count="0" type="stmt"/>
        <line num="169" count="1" type="cond" truecount="3" falsecount="1"/>
        <line num="170" count="0" type="stmt"/>
        <line num="171" count="0" type="stmt"/>
        <line num="173" count="1" type="stmt"/>
        <line num="174" count="1" type="stmt"/>
        <line num="175" count="1" type="stmt"/>
        <line num="176" count="1" type="cond" truecount="3" falsecount="1"/>
        <line num="178" count="15" type="cond" truecount="1" falsecount="1"/>
        <line num="179" count="15" type="stmt"/>
        <line num="180" count="15" type="stmt"/>
        <line num="185" count="15" type="stmt"/>
        <line num="188" count="15" type="stmt"/>
        <line num="189" count="15" type="stmt"/>
        <line num="198" count="50" type="stmt"/>
        <line num="199" count="20" type="stmt"/>
        <line num="200" count="20" type="cond" truecount="1" falsecount="1"/>
        <line num="201" count="0" type="stmt"/>
        <line num="202" count="0" type="stmt"/>
        <line num="203" count="0" type="stmt"/>
        <line num="205" count="20" type="stmt"/>
        <line num="210" count="50" type="stmt"/>
      </file>
    </package>
    <package name="src.tests">
      <metrics statements="18" coveredstatements="3" conditionals="16" coveredconditionals="3" methods="12" coveredmethods="1"/>
      <file name="testRouterUtils.js" path="C:\Users\matth\Desktop\1-FRESH_RESEARCH\GNN-Application\frontend\src\tests\testRouterUtils.js">
        <metrics statements="18" coveredstatements="3" conditionals="16" coveredconditionals="3" methods="12" coveredmethods="1"/>
        <line num="10" count="2" type="cond" truecount="0" falsecount="1"/>
        <line num="20" count="2" type="cond" truecount="0" falsecount="1"/>
        <line num="21" count="0" type="stmt"/>
        <line num="23" count="0" type="stmt"/>
        <line num="24" count="0" type="stmt"/>
        <line num="28" count="0" type="stmt"/>
        <line num="43" count="0" type="stmt"/>
        <line num="69" count="14" type="stmt"/>
        <line num="84" count="0" type="stmt"/>
        <line num="85" count="0" type="stmt"/>
        <line num="86" count="0" type="stmt"/>
        <line num="88" count="0" type="stmt"/>
        <line num="99" count="0" type="stmt"/>
        <line num="100" count="0" type="stmt"/>
        <line num="101" count="0" type="stmt"/>
        <line num="103" count="0" type="stmt"/>
        <line num="110" count="0" type="stmt"/>
        <line num="111" count="0" type="stmt"/>
      </file>
    </package>
  </project>
</coverage>
