{"C:\\Users\\matth\\Desktop\\1-FRESH_RESEARCH\\GNN-Application\\frontend\\src\\App.js": {"path":"C:\\Users\\matth\\Desktop\\1-FRESH_RESEARCH\\GNN-Application\\frontend\\src\\App.js","statementMap":{"0":{"start":{"line":13,"column":23},"end":{"line":13,"column":35}},"1":{"start":{"line":14,"column":24},"end":{"line":14,"column":37}},"2":{"start":{"line":49,"column":6},"end":{"line":49,"column":16}},"3":{"start":{"line":52,"column":55},"end":{"line":52,"column":69}},"4":{"start":{"line":54,"column":19},"end":{"line":54,"column":32}},"5":{"start":{"line":58,"column":23},"end":{"line":58,"column":46}},"6":{"start":{"line":59,"column":2},"end":{"line":61,"column":18}},"7":{"start":{"line":60,"column":4},"end":{"line":60,"column":37}},"8":{"start":{"line":64,"column":22},"end":{"line":79,"column":3}},"9":{"start":{"line":67,"column":23},"end":{"line":67,"column":43}},"10":{"start":{"line":68,"column":21},"end":{"line":68,"column":39}},"11":{"start":{"line":69,"column":29},"end":{"line":69,"column":105}},"12":{"start":{"line":70,"column":27},"end":{"line":70,"column":102}},"13":{"start":{"line":71,"column":29},"end":{"line":71,"column":110}},"14":{"start":{"line":72,"column":27},"end":{"line":72,"column":97}},"15":{"start":{"line":73,"column":6},"end":{"line":76,"column":8}},"16":{"start":{"line":87,"column":6},"end":{"line":103,"column":4}},"17":{"start":{"line":91,"column":6},"end":{"line":93,"column":7}},"18":{"start":{"line":92,"column":8},"end":{"line":92,"column":36}},"19":{"start":{"line":94,"column":6},"end":{"line":96,"column":7}},"20":{"start":{"line":95,"column":8},"end":{"line":95,"column":35}},"21":{"start":{"line":97,"column":6},"end":{"line":99,"column":7}},"22":{"start":{"line":98,"column":8},"end":{"line":98,"column":31}},"23":{"start":{"line":100,"column":6},"end":{"line":100,"column":18}},"24":{"start":{"line":106,"column":23},"end":{"line":113,"column":76}},"25":{"start":{"line":106,"column":44},"end":{"line":113,"column":3}},"26":{"start":{"line":115,"column":2},"end":{"line":184,"column":4}}},"fnMap":{"0":{"name":"App","decl":{"start":{"line":16,"column":9},"end":{"line":16,"column":12}},"loc":{"start":{"line":16,"column":15},"end":{"line":185,"column":1}},"line":16},"1":{"name":"(anonymous_1)","decl":{"start":{"line":59,"column":18},"end":{"line":59,"column":19}},"loc":{"start":{"line":59,"column":24},"end":{"line":61,"column":3}},"line":59},"2":{"name":"(anonymous_2)","decl":{"start":{"line":65,"column":4},"end":{"line":65,"column":5}},"loc":{"start":{"line":65,"column":18},"end":{"line":77,"column":5}},"line":65},"3":{"name":"(anonymous_3)","decl":{"start":{"line":90,"column":12},"end":{"line":90,"column":13}},"loc":{"start":{"line":90,"column":24},"end":{"line":101,"column":5}},"line":90},"4":{"name":"(anonymous_4)","decl":{"start":{"line":106,"column":37},"end":{"line":106,"column":38}},"loc":{"start":{"line":106,"column":44},"end":{"line":113,"column":3}},"line":106}},"branchMap":{"0":{"loc":{"start":{"line":67,"column":23},"end":{"line":67,"column":43}},"type":"binary-expr","locations":[{"start":{"line":67,"column":23},"end":{"line":67,"column":37}},{"start":{"line":67,"column":41},"end":{"line":67,"column":43}}],"line":67},"1":{"loc":{"start":{"line":68,"column":21},"end":{"line":68,"column":39}},"type":"binary-expr","locations":[{"start":{"line":68,"column":21},"end":{"line":68,"column":33}},{"start":{"line":68,"column":37},"end":{"line":68,"column":39}}],"line":68},"2":{"loc":{"start":{"line":69,"column":29},"end":{"line":69,"column":105}},"type":"binary-expr","locations":[{"start":{"line":69,"column":29},"end":{"line":69,"column":45}},{"start":{"line":69,"column":49},"end":{"line":69,"column":73}},{"start":{"line":69,"column":77},"end":{"line":69,"column":105}}],"line":69},"3":{"loc":{"start":{"line":70,"column":27},"end":{"line":70,"column":102}},"type":"binary-expr","locations":[{"start":{"line":70,"column":27},"end":{"line":70,"column":46}},{"start":{"line":70,"column":50},"end":{"line":70,"column":72}},{"start":{"line":70,"column":76},"end":{"line":70,"column":102}}],"line":70},"4":{"loc":{"start":{"line":71,"column":29},"end":{"line":71,"column":110}},"type":"binary-expr","locations":[{"start":{"line":71,"column":29},"end":{"line":71,"column":50}},{"start":{"line":71,"column":54},"end":{"line":71,"column":78}},{"start":{"line":71,"column":82},"end":{"line":71,"column":110}}],"line":71},"5":{"loc":{"start":{"line":72,"column":27},"end":{"line":72,"column":97}},"type":"binary-expr","locations":[{"start":{"line":72,"column":27},"end":{"line":72,"column":41}},{"start":{"line":72,"column":45},"end":{"line":72,"column":67}},{"start":{"line":72,"column":71},"end":{"line":72,"column":97}}],"line":72},"6":{"loc":{"start":{"line":74,"column":8},"end":{"line":75,"column":40}},"type":"binary-expr","locations":[{"start":{"line":74,"column":9},"end":{"line":74,"column":23}},{"start":{"line":74,"column":27},"end":{"line":74,"column":39}},{"start":{"line":75,"column":9},"end":{"line":75,"column":23}},{"start":{"line":75,"column":27},"end":{"line":75,"column":39}}],"line":74},"7":{"loc":{"start":{"line":91,"column":6},"end":{"line":93,"column":7}},"type":"if","locations":[{"start":{"line":91,"column":6},"end":{"line":93,"column":7}},{"start":{},"end":{}}],"line":91},"8":{"loc":{"start":{"line":94,"column":6},"end":{"line":96,"column":7}},"type":"if","locations":[{"start":{"line":94,"column":6},"end":{"line":96,"column":7}},{"start":{},"end":{}}],"line":94},"9":{"loc":{"start":{"line":97,"column":6},"end":{"line":99,"column":7}},"type":"if","locations":[{"start":{"line":97,"column":6},"end":{"line":99,"column":7}},{"start":{},"end":{}}],"line":97},"10":{"loc":{"start":{"line":124,"column":13},"end":{"line":179,"column":13}},"type":"cond-expr","locations":[{"start":{"line":125,"column":14},"end":{"line":127,"column":20}},{"start":{"line":129,"column":14},"end":{"line":178,"column":23}}],"line":124},"11":{"loc":{"start":{"line":124,"column":14},"end":{"line":124,"column":33}},"type":"binary-expr","locations":[{"start":{"line":124,"column":14},"end":{"line":124,"column":20}},{"start":{"line":124,"column":24},"end":{"line":124,"column":33}}],"line":124},"12":{"loc":{"start":{"line":126,"column":17},"end":{"line":126,"column":102}},"type":"cond-expr","locations":[{"start":{"line":126,"column":29},"end":{"line":126,"column":76}},{"start":{"line":126,"column":79},"end":{"line":126,"column":102}}],"line":126}},"s":{"0":2,"1":2,"2":34,"3":34,"4":34,"5":34,"6":34,"7":14,"8":34,"9":0,"10":0,"11":0,"12":0,"13":0,"14":0,"15":0,"16":34,"17":10,"18":0,"19":10,"20":10,"21":10,"22":10,"23":0,"24":34,"25":34,"26":34},"f":{"0":34,"1":14,"2":0,"3":10,"4":34},"b":{"0":[0,0],"1":[0,0],"2":[0,0,0],"3":[0,0,0],"4":[0,0,0],"5":[0,0,0],"6":[0,0,0,0],"7":[0,10],"8":[10,0],"9":[10,0],"10":[10,24],"11":[34,34],"12":[10,0]},"_coverageSchema":"1a1c01bbd47fc00a2c39e90264f33305004495a9","hash":"74b0cc51ce3d5bcc45fc845f2e81642b2ce42b21"}
,"C:\\Users\\matth\\Desktop\\1-FRESH_RESEARCH\\GNN-Application\\frontend\\src\\api.js": {"path":"C:\\Users\\matth\\Desktop\\1-FRESH_RESEARCH\\GNN-Application\\frontend\\src\\api.js","statementMap":{"0":{"start":{"line":3,"column":21},"end":{"line":3,"column":82}},"1":{"start":{"line":11,"column":27},"end":{"line":18,"column":1}},"2":{"start":{"line":12,"column":2},"end":{"line":17,"column":3}},"3":{"start":{"line":13,"column":21},"end":{"line":13,"column":87}},"4":{"start":{"line":14,"column":4},"end":{"line":14,"column":25}},"5":{"start":{"line":16,"column":4},"end":{"line":16,"column":16}},"6":{"start":{"line":28,"column":26},"end":{"line":103,"column":1}},"7":{"start":{"line":30,"column":2},"end":{"line":34,"column":3}},"8":{"start":{"line":31,"column":18},"end":{"line":31,"column":79}},"9":{"start":{"line":32,"column":4},"end":{"line":32,"column":19}},"10":{"start":{"line":33,"column":4},"end":{"line":33,"column":33}},"11":{"start":{"line":36,"column":2},"end":{"line":40,"column":3}},"12":{"start":{"line":37,"column":18},"end":{"line":37,"column":87}},"13":{"start":{"line":38,"column":4},"end":{"line":38,"column":19}},"14":{"start":{"line":39,"column":4},"end":{"line":39,"column":33}},"15":{"start":{"line":42,"column":2},"end":{"line":46,"column":3}},"16":{"start":{"line":43,"column":18},"end":{"line":43,"column":59}},"17":{"start":{"line":44,"column":4},"end":{"line":44,"column":19}},"18":{"start":{"line":45,"column":4},"end":{"line":45,"column":33}},"19":{"start":{"line":48,"column":2},"end":{"line":51,"column":3}},"20":{"start":{"line":49,"column":4},"end":{"line":49,"column":77}},"21":{"start":{"line":50,"column":4},"end":{"line":50,"column":61}},"22":{"start":{"line":50,"column":23},"end":{"line":50,"column":60}},"23":{"start":{"line":53,"column":2},"end":{"line":102,"column":3}},"24":{"start":{"line":55,"column":19},"end":{"line":90,"column":5}},"25":{"start":{"line":67,"column":24},"end":{"line":67,"column":60}},"26":{"start":{"line":68,"column":8},"end":{"line":68,"column":29}},"27":{"start":{"line":68,"column":22},"end":{"line":68,"column":29}},"28":{"start":{"line":71,"column":25},"end":{"line":71,"column":72}},"29":{"start":{"line":71,"column":60},"end":{"line":71,"column":71}},"30":{"start":{"line":74,"column":35},"end":{"line":74,"column":72}},"31":{"start":{"line":75,"column":28},"end":{"line":75,"column":62}},"32":{"start":{"line":78,"column":8},"end":{"line":85,"column":11}},"33":{"start":{"line":79,"column":10},"end":{"line":84,"column":11}},"34":{"start":{"line":80,"column":34},"end":{"line":80,"column":53}},"35":{"start":{"line":81,"column":12},"end":{"line":81,"column":37}},"36":{"start":{"line":83,"column":12},"end":{"line":83,"column":72}},"37":{"start":{"line":88,"column":8},"end":{"line":88,"column":59}},"38":{"start":{"line":93,"column":4},"end":{"line":97,"column":7}},"39":{"start":{"line":95,"column":6},"end":{"line":95,"column":21}},"40":{"start":{"line":96,"column":6},"end":{"line":96,"column":18}},"41":{"start":{"line":100,"column":4},"end":{"line":100,"column":19}},"42":{"start":{"line":101,"column":4},"end":{"line":101,"column":33}}},"fnMap":{"0":{"name":"(anonymous_0)","decl":{"start":{"line":11,"column":27},"end":{"line":11,"column":28}},"loc":{"start":{"line":11,"column":51},"end":{"line":18,"column":1}},"line":11},"1":{"name":"(anonymous_1)","decl":{"start":{"line":28,"column":26},"end":{"line":28,"column":27}},"loc":{"start":{"line":28,"column":70},"end":{"line":103,"column":1}},"line":28},"2":{"name":"(anonymous_2)","decl":{"start":{"line":50,"column":14},"end":{"line":50,"column":15}},"loc":{"start":{"line":50,"column":23},"end":{"line":50,"column":60}},"line":50},"3":{"name":"(anonymous_3)","decl":{"start":{"line":65,"column":26},"end":{"line":65,"column":27}},"loc":{"start":{"line":65,"column":45},"end":{"line":89,"column":7}},"line":65},"4":{"name":"(anonymous_4)","decl":{"start":{"line":71,"column":52},"end":{"line":71,"column":53}},"loc":{"start":{"line":71,"column":60},"end":{"line":71,"column":71}},"line":71},"5":{"name":"(anonymous_5)","decl":{"start":{"line":78,"column":28},"end":{"line":78,"column":29}},"loc":{"start":{"line":78,"column":39},"end":{"line":85,"column":9}},"line":78},"6":{"name":"(anonymous_6)","decl":{"start":{"line":93,"column":31},"end":{"line":93,"column":32}},"loc":{"start":{"line":93,"column":40},"end":{"line":97,"column":5}},"line":93}},"branchMap":{"0":{"loc":{"start":{"line":3,"column":21},"end":{"line":3,"column":82}},"type":"binary-expr","locations":[{"start":{"line":3,"column":21},"end":{"line":3,"column":55}},{"start":{"line":3,"column":59},"end":{"line":3,"column":82}}],"line":3},"1":{"loc":{"start":{"line":30,"column":2},"end":{"line":34,"column":3}},"type":"if","locations":[{"start":{"line":30,"column":2},"end":{"line":34,"column":3}},{"start":{},"end":{}}],"line":30},"2":{"loc":{"start":{"line":30,"column":6},"end":{"line":30,"column":44}},"type":"binary-expr","locations":[{"start":{"line":30,"column":6},"end":{"line":30,"column":12}},{"start":{"line":30,"column":16},"end":{"line":30,"column":28}},{"start":{"line":30,"column":32},"end":{"line":30,"column":44}}],"line":30},"3":{"loc":{"start":{"line":36,"column":2},"end":{"line":40,"column":3}},"type":"if","locations":[{"start":{"line":36,"column":2},"end":{"line":40,"column":3}},{"start":{},"end":{}}],"line":36},"4":{"loc":{"start":{"line":36,"column":6},"end":{"line":36,"column":45}},"type":"binary-expr","locations":[{"start":{"line":36,"column":6},"end":{"line":36,"column":18}},{"start":{"line":36,"column":22},"end":{"line":36,"column":45}}],"line":36},"5":{"loc":{"start":{"line":42,"column":2},"end":{"line":46,"column":3}},"type":"if","locations":[{"start":{"line":42,"column":2},"end":{"line":46,"column":3}},{"start":{},"end":{}}],"line":42},"6":{"loc":{"start":{"line":48,"column":2},"end":{"line":51,"column":3}},"type":"if","locations":[{"start":{"line":48,"column":2},"end":{"line":51,"column":3}},{"start":{},"end":{}}],"line":48},"7":{"loc":{"start":{"line":68,"column":8},"end":{"line":68,"column":29}},"type":"if","locations":[{"start":{"line":68,"column":8},"end":{"line":68,"column":29}},{"start":{},"end":{}}],"line":68},"8":{"loc":{"start":{"line":74,"column":35},"end":{"line":74,"column":72}},"type":"binary-expr","locations":[{"start":{"line":74,"column":35},"end":{"line":74,"column":67}},{"start":{"line":74,"column":71},"end":{"line":74,"column":72}}],"line":74}},"s":{"0":1,"1":1,"2":0,"3":0,"4":0,"5":0,"6":1,"7":13,"8":2,"9":2,"10":2,"11":11,"12":1,"13":1,"14":1,"15":10,"16":1,"17":1,"18":1,"19":9,"20":1,"21":1,"22":0,"23":9,"24":9,"25":5,"26":5,"27":1,"28":4,"29":10,"30":4,"31":4,"32":4,"33":8,"34":8,"35":7,"36":1,"37":4,"38":9,"39":2,"40":2,"41":3,"42":3},"f":{"0":0,"1":13,"2":0,"3":5,"4":10,"5":8,"6":2},"b":{"0":[1,1],"1":[2,11],"2":[13,13,12],"3":[1,10],"4":[11,11],"5":[1,9],"6":[1,8],"7":[1,4],"8":[4,3]},"_coverageSchema":"1a1c01bbd47fc00a2c39e90264f33305004495a9","hash":"ea3d649dc5748aab82101c8e07a7fdd4c95e3afd"}
,"C:\\Users\\matth\\Desktop\\1-FRESH_RESEARCH\\GNN-Application\\frontend\\src\\sectionsInfo.js": {"path":"C:\\Users\\matth\\Desktop\\1-FRESH_RESEARCH\\GNN-Application\\frontend\\src\\sectionsInfo.js","statementMap":{"0":{"start":{"line":3,"column":21},"end":{"line":66,"column":1}}},"fnMap":{},"branchMap":{},"s":{"0":2},"f":{},"b":{},"_coverageSchema":"1a1c01bbd47fc00a2c39e90264f33305004495a9","hash":"b591bcaba600208af808ee6d9271171a767b0231"}
,"C:\\Users\\matth\\Desktop\\1-FRESH_RESEARCH\\GNN-Application\\frontend\\src\\components\\Header.js": {"path":"C:\\Users\\matth\\Desktop\\1-FRESH_RESEARCH\\GNN-Application\\frontend\\src\\components\\Header.js","statementMap":{"0":{"start":{"line":5,"column":15},"end":{"line":25,"column":1}},"1":{"start":{"line":6,"column":2},"end":{"line":24,"column":4}},"2":{"start":{"line":17,"column":12},"end":{"line":17,"column":58}}},"fnMap":{"0":{"name":"(anonymous_0)","decl":{"start":{"line":5,"column":15},"end":{"line":5,"column":16}},"loc":{"start":{"line":5,"column":21},"end":{"line":25,"column":1}},"line":5},"1":{"name":"(anonymous_1)","decl":{"start":{"line":16,"column":21},"end":{"line":16,"column":22}},"loc":{"start":{"line":17,"column":12},"end":{"line":17,"column":58}},"line":17}},"branchMap":{"0":{"loc":{"start":{"line":17,"column":12},"end":{"line":17,"column":58}},"type":"cond-expr","locations":[{"start":{"line":17,"column":23},"end":{"line":17,"column":45}},{"start":{"line":17,"column":48},"end":{"line":17,"column":58}}],"line":17}},"s":{"0":2,"1":14,"2":24},"f":{"0":14,"1":24},"b":{"0":[15,9]},"_coverageSchema":"1a1c01bbd47fc00a2c39e90264f33305004495a9","hash":"9c336b146855febad321d880074da5fcc833b35a"}
,"C:\\Users\\matth\\Desktop\\1-FRESH_RESEARCH\\GNN-Application\\frontend\\src\\components\\InfoButton.js": {"path":"C:\\Users\\matth\\Desktop\\1-FRESH_RESEARCH\\GNN-Application\\frontend\\src\\components\\InfoButton.js","statementMap":{"0":{"start":{"line":11,"column":19},"end":{"line":28,"column":1}},"1":{"start":{"line":12,"column":36},"end":{"line":12,"column":51}},"2":{"start":{"line":14,"column":21},"end":{"line":14,"column":45}},"3":{"start":{"line":14,"column":27},"end":{"line":14,"column":45}},"4":{"start":{"line":15,"column":22},"end":{"line":15,"column":47}},"5":{"start":{"line":15,"column":28},"end":{"line":15,"column":47}},"6":{"start":{"line":17,"column":2},"end":{"line":27,"column":4}}},"fnMap":{"0":{"name":"(anonymous_0)","decl":{"start":{"line":11,"column":19},"end":{"line":11,"column":20}},"loc":{"start":{"line":11,"column":47},"end":{"line":28,"column":1}},"line":11},"1":{"name":"(anonymous_1)","decl":{"start":{"line":14,"column":21},"end":{"line":14,"column":22}},"loc":{"start":{"line":14,"column":27},"end":{"line":14,"column":45}},"line":14},"2":{"name":"(anonymous_2)","decl":{"start":{"line":15,"column":22},"end":{"line":15,"column":23}},"loc":{"start":{"line":15,"column":28},"end":{"line":15,"column":47}},"line":15}},"branchMap":{},"s":{"0":2,"1":60,"2":60,"3":0,"4":60,"5":0,"6":60},"f":{"0":60,"1":0,"2":0},"b":{},"_coverageSchema":"1a1c01bbd47fc00a2c39e90264f33305004495a9","hash":"0a2356bbbbe8de4ca5547c770e2d20a4f3e373ba"}
,"C:\\Users\\matth\\Desktop\\1-FRESH_RESEARCH\\GNN-Application\\frontend\\src\\components\\InfoModal.js": {"path":"C:\\Users\\matth\\Desktop\\1-FRESH_RESEARCH\\GNN-Application\\frontend\\src\\components\\InfoModal.js","statementMap":{"0":{"start":{"line":5,"column":0},"end":{"line":5,"column":29}},"1":{"start":{"line":7,"column":18},"end":{"line":26,"column":1}},"2":{"start":{"line":8,"column":2},"end":{"line":25,"column":4}}},"fnMap":{"0":{"name":"(anonymous_0)","decl":{"start":{"line":7,"column":18},"end":{"line":7,"column":19}},"loc":{"start":{"line":7,"column":70},"end":{"line":26,"column":1}},"line":7}},"branchMap":{},"s":{"0":2,"1":2,"2":60},"f":{"0":60},"b":{},"_coverageSchema":"1a1c01bbd47fc00a2c39e90264f33305004495a9","hash":"bd54364e1852b65ce88abfab3cdccbfe55d12e52"}
,"C:\\Users\\matth\\Desktop\\1-FRESH_RESEARCH\\GNN-Application\\frontend\\src\\components\\Sidebar.js": {"path":"C:\\Users\\matth\\Desktop\\1-FRESH_RESEARCH\\GNN-Application\\frontend\\src\\components\\Sidebar.js","statementMap":{"0":{"start":{"line":20,"column":0},"end":{"line":20,"column":86}},"1":{"start":{"line":23,"column":38},"end":{"line":23,"column":74}},"2":{"start":{"line":26,"column":18},"end":{"line":26,"column":38}},"3":{"start":{"line":27,"column":18},"end":{"line":27,"column":67}},"4":{"start":{"line":30,"column":20},"end":{"line":30,"column":49}},"5":{"start":{"line":31,"column":20},"end":{"line":31,"column":49}},"6":{"start":{"line":37,"column":2},"end":{"line":65,"column":18}},"7":{"start":{"line":38,"column":4},"end":{"line":41,"column":5}},"8":{"start":{"line":39,"column":6},"end":{"line":39,"column":48}},"9":{"start":{"line":40,"column":6},"end":{"line":40,"column":13}},"10":{"start":{"line":43,"column":20},"end":{"line":43,"column":22}},"11":{"start":{"line":44,"column":4},"end":{"line":46,"column":5}},"12":{"start":{"line":45,"column":6},"end":{"line":45,"column":27}},"13":{"start":{"line":47,"column":4},"end":{"line":50,"column":5}},"14":{"start":{"line":48,"column":6},"end":{"line":48,"column":61}},"15":{"start":{"line":49,"column":6},"end":{"line":49,"column":61}},"16":{"start":{"line":54,"column":23},"end":{"line":54,"column":25}},"17":{"start":{"line":55,"column":4},"end":{"line":57,"column":7}},"18":{"start":{"line":56,"column":6},"end":{"line":56,"column":51}},"19":{"start":{"line":60,"column":26},"end":{"line":60,"column":93}},"20":{"start":{"line":60,"column":59},"end":{"line":60,"column":70}},"21":{"start":{"line":60,"column":87},"end":{"line":60,"column":92}},"22":{"start":{"line":61,"column":19},"end":{"line":61,"column":44}},"23":{"start":{"line":62,"column":19},"end":{"line":62,"column":56}},"24":{"start":{"line":62,"column":42},"end":{"line":62,"column":55}},"25":{"start":{"line":64,"column":4},"end":{"line":64,"column":38}},"26":{"start":{"line":71,"column":29},"end":{"line":83,"column":3}},"27":{"start":{"line":72,"column":4},"end":{"line":72,"column":27}},"28":{"start":{"line":72,"column":20},"end":{"line":72,"column":27}},"29":{"start":{"line":73,"column":23},"end":{"line":73,"column":57}},"30":{"start":{"line":74,"column":17},"end":{"line":74,"column":69}},"31":{"start":{"line":75,"column":16},"end":{"line":75,"column":41}},"32":{"start":{"line":77,"column":17},"end":{"line":77,"column":44}},"33":{"start":{"line":78,"column":4},"end":{"line":78,"column":20}},"34":{"start":{"line":79,"column":4},"end":{"line":79,"column":38}},"35":{"start":{"line":80,"column":4},"end":{"line":80,"column":17}},"36":{"start":{"line":82,"column":4},"end":{"line":82,"column":29}},"37":{"start":{"line":88,"column":28},"end":{"line":109,"column":3}},"38":{"start":{"line":89,"column":4},"end":{"line":89,"column":27}},"39":{"start":{"line":89,"column":20},"end":{"line":89,"column":27}},"40":{"start":{"line":93,"column":21},"end":{"line":93,"column":41}},"41":{"start":{"line":94,"column":4},"end":{"line":98,"column":7}},"42":{"start":{"line":96,"column":26},"end":{"line":96,"column":97}},"43":{"start":{"line":97,"column":6},"end":{"line":97,"column":69}},"44":{"start":{"line":100,"column":17},"end":{"line":100,"column":61}},"45":{"start":{"line":101,"column":16},"end":{"line":101,"column":41}},"46":{"start":{"line":103,"column":17},"end":{"line":103,"column":44}},"47":{"start":{"line":104,"column":4},"end":{"line":104,"column":20}},"48":{"start":{"line":105,"column":4},"end":{"line":105,"column":37}},"49":{"start":{"line":106,"column":4},"end":{"line":106,"column":17}},"50":{"start":{"line":108,"column":4},"end":{"line":108,"column":29}},"51":{"start":{"line":111,"column":2},"end":{"line":252,"column":4}},"52":{"start":{"line":128,"column":25},"end":{"line":128,"column":74}},"53":{"start":{"line":140,"column":25},"end":{"line":140,"column":79}}},"fnMap":{"0":{"name":"Sidebar","decl":{"start":{"line":22,"column":9},"end":{"line":22,"column":16}},"loc":{"start":{"line":22,"column":90},"end":{"line":253,"column":1}},"line":22},"1":{"name":"(anonymous_1)","decl":{"start":{"line":37,"column":12},"end":{"line":37,"column":13}},"loc":{"start":{"line":37,"column":18},"end":{"line":65,"column":3}},"line":37},"2":{"name":"(anonymous_2)","decl":{"start":{"line":55,"column":35},"end":{"line":55,"column":36}},"loc":{"start":{"line":55,"column":44},"end":{"line":57,"column":5}},"line":55},"3":{"name":"(anonymous_3)","decl":{"start":{"line":60,"column":54},"end":{"line":60,"column":55}},"loc":{"start":{"line":60,"column":59},"end":{"line":60,"column":70}},"line":60},"4":{"name":"(anonymous_4)","decl":{"start":{"line":60,"column":77},"end":{"line":60,"column":78}},"loc":{"start":{"line":60,"column":87},"end":{"line":60,"column":92}},"line":60},"5":{"name":"(anonymous_5)","decl":{"start":{"line":62,"column":37},"end":{"line":62,"column":38}},"loc":{"start":{"line":62,"column":42},"end":{"line":62,"column":55}},"line":62},"6":{"name":"(anonymous_6)","decl":{"start":{"line":71,"column":29},"end":{"line":71,"column":30}},"loc":{"start":{"line":71,"column":35},"end":{"line":83,"column":3}},"line":71},"7":{"name":"(anonymous_7)","decl":{"start":{"line":88,"column":28},"end":{"line":88,"column":29}},"loc":{"start":{"line":88,"column":34},"end":{"line":109,"column":3}},"line":88},"8":{"name":"(anonymous_8)","decl":{"start":{"line":94,"column":28},"end":{"line":94,"column":29}},"loc":{"start":{"line":94,"column":38},"end":{"line":98,"column":5}},"line":94},"9":{"name":"(anonymous_9)","decl":{"start":{"line":128,"column":19},"end":{"line":128,"column":20}},"loc":{"start":{"line":128,"column":25},"end":{"line":128,"column":74}},"line":128},"10":{"name":"(anonymous_10)","decl":{"start":{"line":140,"column":19},"end":{"line":140,"column":20}},"loc":{"start":{"line":140,"column":25},"end":{"line":140,"column":79}},"line":140}},"branchMap":{"0":{"loc":{"start":{"line":26,"column":18},"end":{"line":26,"column":38}},"type":"binary-expr","locations":[{"start":{"line":26,"column":18},"end":{"line":26,"column":33}},{"start":{"line":26,"column":37},"end":{"line":26,"column":38}}],"line":26},"1":{"loc":{"start":{"line":27,"column":18},"end":{"line":27,"column":67}},"type":"cond-expr","locations":[{"start":{"line":27,"column":33},"end":{"line":27,"column":63}},{"start":{"line":27,"column":66},"end":{"line":27,"column":67}}],"line":27},"2":{"loc":{"start":{"line":30,"column":20},"end":{"line":30,"column":49}},"type":"binary-expr","locations":[{"start":{"line":30,"column":20},"end":{"line":30,"column":44}},{"start":{"line":30,"column":48},"end":{"line":30,"column":49}}],"line":30},"3":{"loc":{"start":{"line":31,"column":20},"end":{"line":31,"column":49}},"type":"binary-expr","locations":[{"start":{"line":31,"column":20},"end":{"line":31,"column":44}},{"start":{"line":31,"column":48},"end":{"line":31,"column":49}}],"line":31},"4":{"loc":{"start":{"line":38,"column":4},"end":{"line":41,"column":5}},"type":"if","locations":[{"start":{"line":38,"column":4},"end":{"line":41,"column":5}},{"start":{},"end":{}}],"line":38},"5":{"loc":{"start":{"line":38,"column":8},"end":{"line":38,"column":62}},"type":"binary-expr","locations":[{"start":{"line":38,"column":8},"end":{"line":38,"column":33}},{"start":{"line":38,"column":37},"end":{"line":38,"column":62}}],"line":38},"6":{"loc":{"start":{"line":48,"column":30},"end":{"line":48,"column":55}},"type":"binary-expr","locations":[{"start":{"line":48,"column":30},"end":{"line":48,"column":50}},{"start":{"line":48,"column":54},"end":{"line":48,"column":55}}],"line":48},"7":{"loc":{"start":{"line":49,"column":30},"end":{"line":49,"column":55}},"type":"binary-expr","locations":[{"start":{"line":49,"column":30},"end":{"line":49,"column":50}},{"start":{"line":49,"column":54},"end":{"line":49,"column":55}}],"line":49},"8":{"loc":{"start":{"line":56,"column":25},"end":{"line":56,"column":45}},"type":"binary-expr","locations":[{"start":{"line":56,"column":25},"end":{"line":56,"column":40}},{"start":{"line":56,"column":44},"end":{"line":56,"column":45}}],"line":56},"9":{"loc":{"start":{"line":72,"column":4},"end":{"line":72,"column":27}},"type":"if","locations":[{"start":{"line":72,"column":4},"end":{"line":72,"column":27}},{"start":{},"end":{}}],"line":72},"10":{"loc":{"start":{"line":89,"column":4},"end":{"line":89,"column":27}},"type":"if","locations":[{"start":{"line":89,"column":4},"end":{"line":89,"column":27}},{"start":{},"end":{}}],"line":89},"11":{"loc":{"start":{"line":96,"column":26},"end":{"line":96,"column":97}},"type":"cond-expr","locations":[{"start":{"line":96,"column":42},"end":{"line":96,"column":92}},{"start":{"line":96,"column":95},"end":{"line":96,"column":97}}],"line":96},"12":{"loc":{"start":{"line":97,"column":34},"end":{"line":97,"column":49}},"type":"binary-expr","locations":[{"start":{"line":97,"column":34},"end":{"line":97,"column":43}},{"start":{"line":97,"column":47},"end":{"line":97,"column":49}}],"line":97},"13":{"loc":{"start":{"line":128,"column":25},"end":{"line":128,"column":74}},"type":"cond-expr","locations":[{"start":{"line":128,"column":45},"end":{"line":128,"column":67}},{"start":{"line":128,"column":70},"end":{"line":128,"column":74}}],"line":128},"14":{"loc":{"start":{"line":130,"column":109},"end":{"line":130,"column":146}},"type":"cond-expr","locations":[{"start":{"line":130,"column":121},"end":{"line":130,"column":134}},{"start":{"line":130,"column":137},"end":{"line":130,"column":146}}],"line":130},"15":{"loc":{"start":{"line":140,"column":25},"end":{"line":140,"column":79}},"type":"cond-expr","locations":[{"start":{"line":140,"column":45},"end":{"line":140,"column":72}},{"start":{"line":140,"column":75},"end":{"line":140,"column":79}}],"line":140},"16":{"loc":{"start":{"line":142,"column":109},"end":{"line":142,"column":146}},"type":"cond-expr","locations":[{"start":{"line":142,"column":121},"end":{"line":142,"column":134}},{"start":{"line":142,"column":137},"end":{"line":142,"column":146}}],"line":142},"17":{"loc":{"start":{"line":147,"column":9},"end":{"line":155,"column":9}},"type":"binary-expr","locations":[{"start":{"line":147,"column":9},"end":{"line":147,"column":18}},{"start":{"line":148,"column":10},"end":{"line":154,"column":16}}],"line":147},"18":{"loc":{"start":{"line":156,"column":9},"end":{"line":166,"column":9}},"type":"binary-expr","locations":[{"start":{"line":156,"column":9},"end":{"line":156,"column":18}},{"start":{"line":157,"column":10},"end":{"line":165,"column":16}}],"line":156},"19":{"loc":{"start":{"line":163,"column":30},"end":{"line":163,"column":113}},"type":"cond-expr","locations":[{"start":{"line":163,"column":62},"end":{"line":163,"column":71}},{"start":{"line":163,"column":75},"end":{"line":163,"column":112}}],"line":163},"20":{"loc":{"start":{"line":163,"column":75},"end":{"line":163,"column":112}},"type":"binary-expr","locations":[{"start":{"line":163,"column":75},"end":{"line":163,"column":93}},{"start":{"line":163,"column":97},"end":{"line":163,"column":112}}],"line":163},"21":{"loc":{"start":{"line":221,"column":11},"end":{"line":248,"column":11}},"type":"cond-expr","locations":[{"start":{"line":222,"column":12},"end":{"line":245,"column":18}},{"start":{"line":247,"column":12},"end":{"line":247,"column":75}}],"line":221}},"s":{"0":2,"1":48,"2":48,"3":48,"4":48,"5":48,"6":48,"7":14,"8":2,"9":2,"10":12,"11":12,"12":30,"13":12,"14":18,"15":18,"16":12,"17":12,"18":30,"19":12,"20":15,"21":3,"22":12,"23":12,"24":15,"25":12,"26":48,"27":0,"28":0,"29":0,"30":0,"31":0,"32":0,"33":0,"34":0,"35":0,"36":0,"37":48,"38":0,"39":0,"40":0,"41":0,"42":0,"43":0,"44":0,"45":0,"46":0,"47":0,"48":0,"49":0,"50":0,"51":48,"52":1,"53":9},"f":{"0":48,"1":14,"2":30,"3":15,"4":3,"5":15,"6":0,"7":0,"8":0,"9":1,"10":9},"b":{"0":[48,28],"1":[20,28],"2":[48,6],"3":[48,6],"4":[2,12],"5":[14,12],"6":[18,12],"7":[18,18],"8":[30,15],"9":[0,0],"10":[0,0],"11":[0,0],"12":[0,0],"13":[1,0],"14":[10,38],"15":[9,0],"16":[10,38],"17":[48,10],"18":[48,0],"19":[0,0],"20":[0,0],"21":[30,18]},"_coverageSchema":"1a1c01bbd47fc00a2c39e90264f33305004495a9","hash":"f5def3f125ba8ae6f12b6267641c2f6876230624"}
,"C:\\Users\\matth\\Desktop\\1-FRESH_RESEARCH\\GNN-Application\\frontend\\src\\components\\GraphNet-Tab\\ConfigurationPanel.js": {"path":"C:\\Users\\matth\\Desktop\\1-FRESH_RESEARCH\\GNN-Application\\frontend\\src\\components\\GraphNet-Tab\\ConfigurationPanel.js","statementMap":{"0":{"start":{"line":17,"column":48},"end":{"line":17,"column":55}},"1":{"start":{"line":18,"column":2},"end":{"line":18,"column":61}},"2":{"start":{"line":18,"column":48},"end":{"line":18,"column":61}},"3":{"start":{"line":19,"column":2},"end":{"line":19,"column":62}},"4":{"start":{"line":19,"column":49},"end":{"line":19,"column":62}},"5":{"start":{"line":20,"column":2},"end":{"line":20,"column":14}},"6":{"start":{"line":23,"column":27},"end":{"line":568,"column":1}},"7":{"start":{"line":35,"column":48},"end":{"line":37,"column":3}},"8":{"start":{"line":36,"column":29},"end":{"line":36,"column":33}},"9":{"start":{"line":40,"column":40},"end":{"line":40,"column":52}},"10":{"start":{"line":42,"column":2},"end":{"line":49,"column":40}},"11":{"start":{"line":43,"column":4},"end":{"line":48,"column":5}},"12":{"start":{"line":44,"column":6},"end":{"line":47,"column":9}},"13":{"start":{"line":44,"column":35},"end":{"line":47,"column":7}},"14":{"start":{"line":51,"column":23},"end":{"line":57,"column":3}},"15":{"start":{"line":52,"column":4},"end":{"line":56,"column":7}},"16":{"start":{"line":53,"column":22},"end":{"line":53,"column":31}},"17":{"start":{"line":54,"column":6},"end":{"line":54,"column":36}},"18":{"start":{"line":55,"column":6},"end":{"line":55,"column":21}},"19":{"start":{"line":59,"column":21},"end":{"line":75,"column":3}},"20":{"start":{"line":60,"column":4},"end":{"line":73,"column":7}},"21":{"start":{"line":60,"column":32},"end":{"line":73,"column":5}},"22":{"start":{"line":74,"column":4},"end":{"line":74,"column":50}},"23":{"start":{"line":74,"column":33},"end":{"line":74,"column":48}},"24":{"start":{"line":77,"column":24},"end":{"line":82,"column":3}},"25":{"start":{"line":78,"column":20},"end":{"line":78,"column":64}},"26":{"start":{"line":78,"column":52},"end":{"line":78,"column":63}},"27":{"start":{"line":79,"column":4},"end":{"line":79,"column":31}},"28":{"start":{"line":80,"column":28},"end":{"line":80,"column":73}},"29":{"start":{"line":80,"column":61},"end":{"line":80,"column":72}},"30":{"start":{"line":81,"column":4},"end":{"line":81,"column":40}},"31":{"start":{"line":84,"column":24},"end":{"line":92,"column":3}},"32":{"start":{"line":85,"column":20},"end":{"line":90,"column":6}},"33":{"start":{"line":86,"column":6},"end":{"line":88,"column":7}},"34":{"start":{"line":87,"column":8},"end":{"line":87,"column":44}},"35":{"start":{"line":89,"column":6},"end":{"line":89,"column":21}},"36":{"start":{"line":91,"column":4},"end":{"line":91,"column":31}},"37":{"start":{"line":104,"column":8},"end":{"line":104,"column":15}},"38":{"start":{"line":106,"column":4},"end":{"line":129,"column":6}},"39":{"start":{"line":133,"column":4},"end":{"line":371,"column":6}},"40":{"start":{"line":140,"column":31},"end":{"line":140,"column":85}},"41":{"start":{"line":145,"column":16},"end":{"line":147,"column":25}},"42":{"start":{"line":158,"column":31},"end":{"line":158,"column":82}},"43":{"start":{"line":163,"column":16},"end":{"line":165,"column":25}},"44":{"start":{"line":176,"column":31},"end":{"line":176,"column":75}},"45":{"start":{"line":193,"column":20},"end":{"line":193,"column":76}},"46":{"start":{"line":209,"column":20},"end":{"line":209,"column":83}},"47":{"start":{"line":227,"column":22},"end":{"line":230,"column":24}},"48":{"start":{"line":246,"column":22},"end":{"line":249,"column":24}},"49":{"start":{"line":265,"column":24},"end":{"line":268,"column":26}},"50":{"start":{"line":284,"column":24},"end":{"line":287,"column":26}},"51":{"start":{"line":307,"column":20},"end":{"line":307,"column":69}},"52":{"start":{"line":321,"column":20},"end":{"line":321,"column":70}},"53":{"start":{"line":336,"column":20},"end":{"line":339,"column":22}},"54":{"start":{"line":355,"column":22},"end":{"line":358,"column":24}},"55":{"start":{"line":374,"column":2},"end":{"line":567,"column":4}},"56":{"start":{"line":407,"column":14},"end":{"line":417,"column":20}},"57":{"start":{"line":413,"column":34},"end":{"line":413,"column":51}},"58":{"start":{"line":429,"column":33},"end":{"line":429,"column":63}},"59":{"start":{"line":434,"column":18},"end":{"line":434,"column":56}},"60":{"start":{"line":487,"column":33},"end":{"line":487,"column":59}},"61":{"start":{"line":488,"column":33},"end":{"line":488,"column":55}},"62":{"start":{"line":490,"column":16},"end":{"line":531,"column":18}},"63":{"start":{"line":498,"column":37},"end":{"line":498,"column":57}},"64":{"start":{"line":507,"column":41},"end":{"line":507,"column":60}},"65":{"start":{"line":523,"column":41},"end":{"line":523,"column":60}},"66":{"start":{"line":559,"column":27},"end":{"line":559,"column":48}}},"fnMap":{"0":{"name":"isFeatureComplete","decl":{"start":{"line":16,"column":9},"end":{"line":16,"column":26}},"loc":{"start":{"line":16,"column":36},"end":{"line":21,"column":1}},"line":16},"1":{"name":"(anonymous_1)","decl":{"start":{"line":23,"column":27},"end":{"line":23,"column":28}},"loc":{"start":{"line":33,"column":6},"end":{"line":568,"column":1}},"line":33},"2":{"name":"(anonymous_2)","decl":{"start":{"line":36,"column":23},"end":{"line":36,"column":24}},"loc":{"start":{"line":36,"column":29},"end":{"line":36,"column":33}},"line":36},"3":{"name":"(anonymous_3)","decl":{"start":{"line":42,"column":18},"end":{"line":42,"column":19}},"loc":{"start":{"line":42,"column":24},"end":{"line":49,"column":3}},"line":42},"4":{"name":"(anonymous_4)","decl":{"start":{"line":44,"column":25},"end":{"line":44,"column":26}},"loc":{"start":{"line":44,"column":35},"end":{"line":47,"column":7}},"line":44},"5":{"name":"(anonymous_5)","decl":{"start":{"line":51,"column":23},"end":{"line":51,"column":24}},"loc":{"start":{"line":51,"column":34},"end":{"line":57,"column":3}},"line":51},"6":{"name":"(anonymous_6)","decl":{"start":{"line":52,"column":23},"end":{"line":52,"column":24}},"loc":{"start":{"line":52,"column":33},"end":{"line":56,"column":5}},"line":52},"7":{"name":"(anonymous_7)","decl":{"start":{"line":59,"column":21},"end":{"line":59,"column":22}},"loc":{"start":{"line":59,"column":27},"end":{"line":75,"column":3}},"line":59},"8":{"name":"(anonymous_8)","decl":{"start":{"line":60,"column":22},"end":{"line":60,"column":23}},"loc":{"start":{"line":60,"column":32},"end":{"line":73,"column":5}},"line":60},"9":{"name":"(anonymous_9)","decl":{"start":{"line":74,"column":23},"end":{"line":74,"column":24}},"loc":{"start":{"line":74,"column":33},"end":{"line":74,"column":48}},"line":74},"10":{"name":"(anonymous_10)","decl":{"start":{"line":77,"column":24},"end":{"line":77,"column":25}},"loc":{"start":{"line":77,"column":35},"end":{"line":82,"column":3}},"line":77},"11":{"name":"(anonymous_11)","decl":{"start":{"line":78,"column":42},"end":{"line":78,"column":43}},"loc":{"start":{"line":78,"column":52},"end":{"line":78,"column":63}},"line":78},"12":{"name":"(anonymous_12)","decl":{"start":{"line":80,"column":51},"end":{"line":80,"column":52}},"loc":{"start":{"line":80,"column":61},"end":{"line":80,"column":72}},"line":80},"13":{"name":"(anonymous_13)","decl":{"start":{"line":84,"column":24},"end":{"line":84,"column":25}},"loc":{"start":{"line":84,"column":47},"end":{"line":92,"column":3}},"line":84},"14":{"name":"(anonymous_14)","decl":{"start":{"line":85,"column":39},"end":{"line":85,"column":40}},"loc":{"start":{"line":85,"column":55},"end":{"line":90,"column":5}},"line":85},"15":{"name":"renderFeatureSummary","decl":{"start":{"line":94,"column":11},"end":{"line":94,"column":31}},"loc":{"start":{"line":94,"column":48},"end":{"line":130,"column":3}},"line":94},"16":{"name":"renderEditForm","decl":{"start":{"line":132,"column":11},"end":{"line":132,"column":25}},"loc":{"start":{"line":132,"column":42},"end":{"line":372,"column":3}},"line":132},"17":{"name":"(anonymous_17)","decl":{"start":{"line":140,"column":24},"end":{"line":140,"column":25}},"loc":{"start":{"line":140,"column":31},"end":{"line":140,"column":85}},"line":140},"18":{"name":"(anonymous_18)","decl":{"start":{"line":144,"column":27},"end":{"line":144,"column":28}},"loc":{"start":{"line":145,"column":16},"end":{"line":147,"column":25}},"line":145},"19":{"name":"(anonymous_19)","decl":{"start":{"line":158,"column":24},"end":{"line":158,"column":25}},"loc":{"start":{"line":158,"column":31},"end":{"line":158,"column":82}},"line":158},"20":{"name":"(anonymous_20)","decl":{"start":{"line":162,"column":27},"end":{"line":162,"column":28}},"loc":{"start":{"line":163,"column":16},"end":{"line":165,"column":25}},"line":163},"21":{"name":"(anonymous_21)","decl":{"start":{"line":176,"column":24},"end":{"line":176,"column":25}},"loc":{"start":{"line":176,"column":31},"end":{"line":176,"column":75}},"line":176},"22":{"name":"(anonymous_22)","decl":{"start":{"line":192,"column":28},"end":{"line":192,"column":29}},"loc":{"start":{"line":193,"column":20},"end":{"line":193,"column":76}},"line":193},"23":{"name":"(anonymous_23)","decl":{"start":{"line":208,"column":28},"end":{"line":208,"column":29}},"loc":{"start":{"line":209,"column":20},"end":{"line":209,"column":83}},"line":209},"24":{"name":"(anonymous_24)","decl":{"start":{"line":226,"column":30},"end":{"line":226,"column":31}},"loc":{"start":{"line":227,"column":22},"end":{"line":230,"column":24}},"line":227},"25":{"name":"(anonymous_25)","decl":{"start":{"line":245,"column":30},"end":{"line":245,"column":31}},"loc":{"start":{"line":246,"column":22},"end":{"line":249,"column":24}},"line":246},"26":{"name":"(anonymous_26)","decl":{"start":{"line":264,"column":32},"end":{"line":264,"column":33}},"loc":{"start":{"line":265,"column":24},"end":{"line":268,"column":26}},"line":265},"27":{"name":"(anonymous_27)","decl":{"start":{"line":283,"column":32},"end":{"line":283,"column":33}},"loc":{"start":{"line":284,"column":24},"end":{"line":287,"column":26}},"line":284},"28":{"name":"(anonymous_28)","decl":{"start":{"line":306,"column":28},"end":{"line":306,"column":29}},"loc":{"start":{"line":307,"column":20},"end":{"line":307,"column":69}},"line":307},"29":{"name":"(anonymous_29)","decl":{"start":{"line":320,"column":28},"end":{"line":320,"column":29}},"loc":{"start":{"line":321,"column":20},"end":{"line":321,"column":70}},"line":321},"30":{"name":"(anonymous_30)","decl":{"start":{"line":335,"column":28},"end":{"line":335,"column":29}},"loc":{"start":{"line":336,"column":20},"end":{"line":339,"column":22}},"line":336},"31":{"name":"(anonymous_31)","decl":{"start":{"line":354,"column":30},"end":{"line":354,"column":31}},"loc":{"start":{"line":355,"column":22},"end":{"line":358,"column":24}},"line":355},"32":{"name":"(anonymous_32)","decl":{"start":{"line":406,"column":25},"end":{"line":406,"column":26}},"loc":{"start":{"line":407,"column":14},"end":{"line":417,"column":20}},"line":407},"33":{"name":"(anonymous_33)","decl":{"start":{"line":413,"column":28},"end":{"line":413,"column":29}},"loc":{"start":{"line":413,"column":34},"end":{"line":413,"column":51}},"line":413},"34":{"name":"(anonymous_34)","decl":{"start":{"line":429,"column":26},"end":{"line":429,"column":27}},"loc":{"start":{"line":429,"column":33},"end":{"line":429,"column":63}},"line":429},"35":{"name":"(anonymous_35)","decl":{"start":{"line":433,"column":29},"end":{"line":433,"column":30}},"loc":{"start":{"line":434,"column":18},"end":{"line":434,"column":56}},"line":434},"36":{"name":"(anonymous_36)","decl":{"start":{"line":486,"column":34},"end":{"line":486,"column":35}},"loc":{"start":{"line":486,"column":54},"end":{"line":532,"column":15}},"line":486},"37":{"name":"(anonymous_37)","decl":{"start":{"line":498,"column":31},"end":{"line":498,"column":32}},"loc":{"start":{"line":498,"column":37},"end":{"line":498,"column":57}},"line":498},"38":{"name":"(anonymous_38)","decl":{"start":{"line":507,"column":35},"end":{"line":507,"column":36}},"loc":{"start":{"line":507,"column":41},"end":{"line":507,"column":60}},"line":507},"39":{"name":"(anonymous_39)","decl":{"start":{"line":523,"column":35},"end":{"line":523,"column":36}},"loc":{"start":{"line":523,"column":41},"end":{"line":523,"column":60}},"line":523},"40":{"name":"(anonymous_40)","decl":{"start":{"line":559,"column":21},"end":{"line":559,"column":22}},"loc":{"start":{"line":559,"column":27},"end":{"line":559,"column":48}},"line":559}},"branchMap":{"0":{"loc":{"start":{"line":18,"column":2},"end":{"line":18,"column":61}},"type":"if","locations":[{"start":{"line":18,"column":2},"end":{"line":18,"column":61}},{"start":{},"end":{}}],"line":18},"1":{"loc":{"start":{"line":18,"column":6},"end":{"line":18,"column":46}},"type":"binary-expr","locations":[{"start":{"line":18,"column":6},"end":{"line":18,"column":21}},{"start":{"line":18,"column":25},"end":{"line":18,"column":37}},{"start":{"line":18,"column":41},"end":{"line":18,"column":46}}],"line":18},"2":{"loc":{"start":{"line":19,"column":2},"end":{"line":19,"column":62}},"type":"if","locations":[{"start":{"line":19,"column":2},"end":{"line":19,"column":62}},{"start":{},"end":{}}],"line":19},"3":{"loc":{"start":{"line":19,"column":6},"end":{"line":19,"column":47}},"type":"binary-expr","locations":[{"start":{"line":19,"column":6},"end":{"line":19,"column":21}},{"start":{"line":19,"column":25},"end":{"line":19,"column":47}}],"line":19},"4":{"loc":{"start":{"line":43,"column":4},"end":{"line":48,"column":5}},"type":"if","locations":[{"start":{"line":43,"column":4},"end":{"line":48,"column":5}},{"start":{},"end":{}}],"line":43},"5":{"loc":{"start":{"line":86,"column":6},"end":{"line":88,"column":7}},"type":"if","locations":[{"start":{"line":86,"column":6},"end":{"line":88,"column":7}},{"start":{},"end":{}}],"line":86},"6":{"loc":{"start":{"line":113,"column":11},"end":{"line":117,"column":11}},"type":"binary-expr","locations":[{"start":{"line":113,"column":11},"end":{"line":113,"column":26}},{"start":{"line":114,"column":12},"end":{"line":116,"column":16}}],"line":113},"7":{"loc":{"start":{"line":118,"column":11},"end":{"line":126,"column":11}},"type":"binary-expr","locations":[{"start":{"line":118,"column":11},"end":{"line":118,"column":29}},{"start":{"line":119,"column":12},"end":{"line":125,"column":15}}],"line":118},"8":{"loc":{"start":{"line":123,"column":46},"end":{"line":123,"column":73}},"type":"binary-expr","locations":[{"start":{"line":123,"column":46},"end":{"line":123,"column":63}},{"start":{"line":123,"column":67},"end":{"line":123,"column":73}}],"line":123},"9":{"loc":{"start":{"line":185,"column":9},"end":{"line":296,"column":9}},"type":"binary-expr","locations":[{"start":{"line":185,"column":9},"end":{"line":185,"column":32}},{"start":{"line":186,"column":10},"end":{"line":295,"column":13}}],"line":185},"10":{"loc":{"start":{"line":219,"column":13},"end":{"line":237,"column":13}},"type":"binary-expr","locations":[{"start":{"line":219,"column":13},"end":{"line":219,"column":49}},{"start":{"line":220,"column":14},"end":{"line":236,"column":20}}],"line":219},"11":{"loc":{"start":{"line":225,"column":27},"end":{"line":225,"column":75}},"type":"binary-expr","locations":[{"start":{"line":225,"column":27},"end":{"line":225,"column":69}},{"start":{"line":225,"column":73},"end":{"line":225,"column":75}}],"line":225},"12":{"loc":{"start":{"line":238,"column":13},"end":{"line":255,"column":13}},"type":"binary-expr","locations":[{"start":{"line":238,"column":13},"end":{"line":238,"column":52}},{"start":{"line":239,"column":14},"end":{"line":254,"column":20}}],"line":238},"13":{"loc":{"start":{"line":244,"column":27},"end":{"line":244,"column":78}},"type":"binary-expr","locations":[{"start":{"line":244,"column":27},"end":{"line":244,"column":72}},{"start":{"line":244,"column":76},"end":{"line":244,"column":78}}],"line":244},"14":{"loc":{"start":{"line":256,"column":13},"end":{"line":294,"column":13}},"type":"binary-expr","locations":[{"start":{"line":256,"column":13},"end":{"line":256,"column":48}},{"start":{"line":257,"column":14},"end":{"line":293,"column":17}}],"line":256},"15":{"loc":{"start":{"line":263,"column":29},"end":{"line":263,"column":93}},"type":"binary-expr","locations":[{"start":{"line":263,"column":29},"end":{"line":263,"column":70}},{"start":{"line":263,"column":74},"end":{"line":263,"column":93}}],"line":263},"16":{"loc":{"start":{"line":282,"column":29},"end":{"line":282,"column":76}},"type":"binary-expr","locations":[{"start":{"line":282,"column":29},"end":{"line":282,"column":70}},{"start":{"line":282,"column":74},"end":{"line":282,"column":76}}],"line":282},"17":{"loc":{"start":{"line":286,"column":43},"end":{"line":286,"column":72}},"type":"binary-expr","locations":[{"start":{"line":286,"column":43},"end":{"line":286,"column":67}},{"start":{"line":286,"column":71},"end":{"line":286,"column":72}}],"line":286},"18":{"loc":{"start":{"line":299,"column":9},"end":{"line":369,"column":9}},"type":"binary-expr","locations":[{"start":{"line":299,"column":9},"end":{"line":299,"column":35}},{"start":{"line":300,"column":10},"end":{"line":368,"column":13}}],"line":299},"19":{"loc":{"start":{"line":334,"column":25},"end":{"line":334,"column":60}},"type":"binary-expr","locations":[{"start":{"line":334,"column":25},"end":{"line":334,"column":50}},{"start":{"line":334,"column":54},"end":{"line":334,"column":60}}],"line":334},"20":{"loc":{"start":{"line":347,"column":13},"end":{"line":367,"column":13}},"type":"binary-expr","locations":[{"start":{"line":347,"column":13},"end":{"line":347,"column":51}},{"start":{"line":348,"column":14},"end":{"line":366,"column":20}}],"line":347},"21":{"loc":{"start":{"line":353,"column":27},"end":{"line":353,"column":61}},"type":"binary-expr","locations":[{"start":{"line":353,"column":27},"end":{"line":353,"column":56}},{"start":{"line":353,"column":60},"end":{"line":353,"column":61}}],"line":353},"22":{"loc":{"start":{"line":453,"column":7},"end":{"line":543,"column":7}},"type":"binary-expr","locations":[{"start":{"line":453,"column":7},"end":{"line":453,"column":22}},{"start":{"line":454,"column":8},"end":{"line":542,"column":20}}],"line":453},"23":{"loc":{"start":{"line":503,"column":21},"end":{"line":513,"column":21}},"type":"binary-expr","locations":[{"start":{"line":503,"column":21},"end":{"line":503,"column":29}},{"start":{"line":503,"column":33},"end":{"line":503,"column":42}},{"start":{"line":504,"column":22},"end":{"line":512,"column":25}}],"line":503},"24":{"loc":{"start":{"line":514,"column":21},"end":{"line":529,"column":21}},"type":"binary-expr","locations":[{"start":{"line":514,"column":22},"end":{"line":514,"column":31}},{"start":{"line":514,"column":35},"end":{"line":514,"column":43}},{"start":{"line":515,"column":22},"end":{"line":528,"column":25}}],"line":514},"25":{"loc":{"start":{"line":516,"column":25},"end":{"line":520,"column":25}},"type":"binary-expr","locations":[{"start":{"line":516,"column":25},"end":{"line":516,"column":33}},{"start":{"line":517,"column":26},"end":{"line":519,"column":32}}],"line":516},"26":{"loc":{"start":{"line":526,"column":27},"end":{"line":526,"column":54}},"type":"cond-expr","locations":[{"start":{"line":526,"column":38},"end":{"line":526,"column":45}},{"start":{"line":526,"column":48},"end":{"line":526,"column":54}}],"line":526},"27":{"loc":{"start":{"line":560,"column":22},"end":{"line":560,"column":59}},"type":"binary-expr","locations":[{"start":{"line":560,"column":22},"end":{"line":560,"column":29}},{"start":{"line":560,"column":33},"end":{"line":560,"column":59}}],"line":560},"28":{"loc":{"start":{"line":562,"column":13},"end":{"line":562,"column":56}},"type":"cond-expr","locations":[{"start":{"line":562,"column":23},"end":{"line":562,"column":38}},{"start":{"line":562,"column":41},"end":{"line":562,"column":56}}],"line":562}},"s":{"0":0,"1":0,"2":0,"3":0,"4":0,"5":0,"6":1,"7":3,"8":6,"9":3,"10":3,"11":3,"12":0,"13":0,"14":3,"15":0,"16":0,"17":0,"18":0,"19":3,"20":0,"21":0,"22":0,"23":0,"24":3,"25":0,"26":0,"27":0,"28":0,"29":0,"30":0,"31":3,"32":0,"33":0,"34":0,"35":0,"36":0,"37":0,"38":0,"39":0,"40":0,"41":0,"42":0,"43":0,"44":0,"45":0,"46":0,"47":0,"48":0,"49":0,"50":0,"51":0,"52":0,"53":0,"54":0,"55":3,"56":12,"57":0,"58":0,"59":12,"60":0,"61":0,"62":0,"63":0,"64":0,"65":0,"66":0},"f":{"0":0,"1":3,"2":6,"3":3,"4":0,"5":0,"6":0,"7":0,"8":0,"9":0,"10":0,"11":0,"12":0,"13":0,"14":0,"15":0,"16":0,"17":0,"18":0,"19":0,"20":0,"21":0,"22":0,"23":0,"24":0,"25":0,"26":0,"27":0,"28":0,"29":0,"30":0,"31":0,"32":12,"33":0,"34":0,"35":12,"36":0,"37":0,"38":0,"39":0,"40":0},"b":{"0":[0,0],"1":[0,0,0],"2":[0,0],"3":[0,0],"4":[0,3],"5":[0,0],"6":[0,0],"7":[0,0],"8":[0,0],"9":[0,0],"10":[0,0],"11":[0,0],"12":[0,0],"13":[0,0],"14":[0,0],"15":[0,0],"16":[0,0],"17":[0,0],"18":[0,0],"19":[0,0],"20":[0,0],"21":[0,0],"22":[3,0],"23":[0,0,0],"24":[0,0,0],"25":[0,0],"26":[0,0],"27":[3,3],"28":[0,3]},"_coverageSchema":"1a1c01bbd47fc00a2c39e90264f33305004495a9","hash":"c692532163a27e82358bed4bf3f986429419db52"}
,"C:\\Users\\matth\\Desktop\\1-FRESH_RESEARCH\\GNN-Application\\frontend\\src\\components\\GraphNet-Tab\\FileUploader.js": {"path":"C:\\Users\\matth\\Desktop\\1-FRESH_RESEARCH\\GNN-Application\\frontend\\src\\components\\GraphNet-Tab\\FileUploader.js","statementMap":{"0":{"start":{"line":7,"column":21},"end":{"line":57,"column":1}},"1":{"start":{"line":8,"column":17},"end":{"line":25,"column":3}},"2":{"start":{"line":9,"column":4},"end":{"line":9,"column":38}},"3":{"start":{"line":9,"column":31},"end":{"line":9,"column":38}},"4":{"start":{"line":10,"column":17},"end":{"line":10,"column":33}},"5":{"start":{"line":12,"column":4},"end":{"line":24,"column":7}},"6":{"start":{"line":16,"column":21},"end":{"line":16,"column":33}},"7":{"start":{"line":17,"column":23},"end":{"line":17,"column":42}},"8":{"start":{"line":18,"column":8},"end":{"line":18,"column":33}},"9":{"start":{"line":21,"column":8},"end":{"line":21,"column":51}},"10":{"start":{"line":22,"column":8},"end":{"line":22,"column":41}},"11":{"start":{"line":27,"column":56},"end":{"line":33,"column":4}},"12":{"start":{"line":35,"column":2},"end":{"line":56,"column":4}}},"fnMap":{"0":{"name":"(anonymous_0)","decl":{"start":{"line":7,"column":21},"end":{"line":7,"column":22}},"loc":{"start":{"line":7,"column":41},"end":{"line":57,"column":1}},"line":7},"1":{"name":"(anonymous_1)","decl":{"start":{"line":8,"column":17},"end":{"line":8,"column":18}},"loc":{"start":{"line":8,"column":36},"end":{"line":25,"column":3}},"line":8},"2":{"name":"(anonymous_2)","decl":{"start":{"line":15,"column":16},"end":{"line":15,"column":17}},"loc":{"start":{"line":15,"column":29},"end":{"line":19,"column":7}},"line":15},"3":{"name":"(anonymous_3)","decl":{"start":{"line":20,"column":13},"end":{"line":20,"column":14}},"loc":{"start":{"line":20,"column":24},"end":{"line":23,"column":7}},"line":20}},"branchMap":{"0":{"loc":{"start":{"line":9,"column":4},"end":{"line":9,"column":38}},"type":"if","locations":[{"start":{"line":9,"column":4},"end":{"line":9,"column":38}},{"start":{},"end":{}}],"line":9},"1":{"loc":{"start":{"line":46,"column":31},"end":{"line":46,"column":59}},"type":"cond-expr","locations":[{"start":{"line":46,"column":46},"end":{"line":46,"column":54}},{"start":{"line":46,"column":57},"end":{"line":46,"column":59}}],"line":46},"2":{"loc":{"start":{"line":49,"column":9},"end":{"line":53,"column":9}},"type":"cond-expr","locations":[{"start":{"line":50,"column":10},"end":{"line":50,"column":42}},{"start":{"line":52,"column":10},"end":{"line":52,"column":69}}],"line":49}},"s":{"0":1,"1":3,"2":0,"3":0,"4":0,"5":0,"6":0,"7":0,"8":0,"9":0,"10":0,"11":3,"12":3},"f":{"0":3,"1":0,"2":0,"3":0},"b":{"0":[0,0],"1":[0,3],"2":[0,3]},"_coverageSchema":"1a1c01bbd47fc00a2c39e90264f33305004495a9","hash":"69fcb731ace4a77b7229683be81862d9065aaa43"}
,"C:\\Users\\matth\\Desktop\\1-FRESH_RESEARCH\\GNN-Application\\frontend\\src\\components\\GraphNet-Tab\\GraphNet.js": {"path":"C:\\Users\\matth\\Desktop\\1-FRESH_RESEARCH\\GNN-Application\\frontend\\src\\components\\GraphNet-Tab\\GraphNet.js","statementMap":{"0":{"start":{"line":13,"column":29},"end":{"line":13,"column":47}},"1":{"start":{"line":14,"column":35},"end":{"line":14,"column":59}},"2":{"start":{"line":15,"column":33},"end":{"line":15,"column":55}},"3":{"start":{"line":16,"column":32},"end":{"line":16,"column":53}},"4":{"start":{"line":17,"column":27},"end":{"line":17,"column":43}},"5":{"start":{"line":44,"column":6},"end":{"line":44,"column":11}},"6":{"start":{"line":46,"column":44},"end":{"line":46,"column":58}},"7":{"start":{"line":49,"column":26},"end":{"line":49,"column":71}},"8":{"start":{"line":49,"column":44},"end":{"line":49,"column":66}},"9":{"start":{"line":51,"column":33},"end":{"line":54,"column":20}},"10":{"start":{"line":52,"column":4},"end":{"line":52,"column":33}},"11":{"start":{"line":53,"column":4},"end":{"line":53,"column":28}},"12":{"start":{"line":56,"column":29},"end":{"line":56,"column":103}},"13":{"start":{"line":56,"column":47},"end":{"line":56,"column":76}},"14":{"start":{"line":57,"column":33},"end":{"line":57,"column":115}},"15":{"start":{"line":57,"column":51},"end":{"line":57,"column":84}},"16":{"start":{"line":60,"column":27},"end":{"line":71,"column":79}},"17":{"start":{"line":60,"column":42},"end":{"line":70,"column":3}},"18":{"start":{"line":65,"column":49},"end":{"line":65,"column":53}},"19":{"start":{"line":74,"column":25},"end":{"line":81,"column":89}},"20":{"start":{"line":74,"column":40},"end":{"line":81,"column":3}},"21":{"start":{"line":83,"column":2},"end":{"line":133,"column":4}},"22":{"start":{"line":95,"column":25},"end":{"line":95,"column":47}}},"fnMap":{"0":{"name":"GraphNet","decl":{"start":{"line":18,"column":9},"end":{"line":18,"column":17}},"loc":{"start":{"line":18,"column":25},"end":{"line":134,"column":1}},"line":18},"1":{"name":"(anonymous_1)","decl":{"start":{"line":49,"column":38},"end":{"line":49,"column":39}},"loc":{"start":{"line":49,"column":44},"end":{"line":49,"column":66}},"line":49},"2":{"name":"(anonymous_2)","decl":{"start":{"line":51,"column":45},"end":{"line":51,"column":46}},"loc":{"start":{"line":51,"column":65},"end":{"line":54,"column":3}},"line":51},"3":{"name":"(anonymous_3)","decl":{"start":{"line":56,"column":41},"end":{"line":56,"column":42}},"loc":{"start":{"line":56,"column":47},"end":{"line":56,"column":76}},"line":56},"4":{"name":"(anonymous_4)","decl":{"start":{"line":57,"column":45},"end":{"line":57,"column":46}},"loc":{"start":{"line":57,"column":51},"end":{"line":57,"column":84}},"line":57},"5":{"name":"(anonymous_5)","decl":{"start":{"line":60,"column":35},"end":{"line":60,"column":36}},"loc":{"start":{"line":60,"column":42},"end":{"line":70,"column":3}},"line":60},"6":{"name":"(anonymous_6)","decl":{"start":{"line":65,"column":44},"end":{"line":65,"column":45}},"loc":{"start":{"line":65,"column":49},"end":{"line":65,"column":53}},"line":65},"7":{"name":"(anonymous_7)","decl":{"start":{"line":74,"column":33},"end":{"line":74,"column":34}},"loc":{"start":{"line":74,"column":40},"end":{"line":81,"column":3}},"line":74},"8":{"name":"(anonymous_8)","decl":{"start":{"line":95,"column":19},"end":{"line":95,"column":20}},"loc":{"start":{"line":95,"column":25},"end":{"line":95,"column":47}},"line":95}},"branchMap":{"0":{"loc":{"start":{"line":65,"column":19},"end":{"line":65,"column":60}},"type":"binary-expr","locations":[{"start":{"line":65,"column":19},"end":{"line":65,"column":54}},{"start":{"line":65,"column":58},"end":{"line":65,"column":60}}],"line":65},"1":{"loc":{"start":{"line":88,"column":7},"end":{"line":90,"column":7}},"type":"binary-expr","locations":[{"start":{"line":88,"column":7},"end":{"line":88,"column":25}},{"start":{"line":89,"column":8},"end":{"line":89,"column":60}}],"line":88},"2":{"loc":{"start":{"line":92,"column":7},"end":{"line":99,"column":7}},"type":"binary-expr","locations":[{"start":{"line":92,"column":7},"end":{"line":92,"column":25}},{"start":{"line":92,"column":29},"end":{"line":92,"column":43}},{"start":{"line":93,"column":8},"end":{"line":98,"column":17}}],"line":92},"3":{"loc":{"start":{"line":101,"column":7},"end":{"line":112,"column":7}},"type":"binary-expr","locations":[{"start":{"line":101,"column":7},"end":{"line":101,"column":25}},{"start":{"line":101,"column":29},"end":{"line":101,"column":42}},{"start":{"line":102,"column":8},"end":{"line":111,"column":11}}],"line":101},"4":{"loc":{"start":{"line":114,"column":7},"end":{"line":114,"column":69}},"type":"binary-expr","locations":[{"start":{"line":114,"column":7},"end":{"line":114,"column":16}},{"start":{"line":114,"column":20},"end":{"line":114,"column":69}}],"line":114},"5":{"loc":{"start":{"line":116,"column":7},"end":{"line":123,"column":7}},"type":"binary-expr","locations":[{"start":{"line":116,"column":7},"end":{"line":116,"column":18}},{"start":{"line":117,"column":8},"end":{"line":122,"column":10}}],"line":116},"6":{"loc":{"start":{"line":125,"column":7},"end":{"line":131,"column":7}},"type":"binary-expr","locations":[{"start":{"line":125,"column":7},"end":{"line":125,"column":18}},{"start":{"line":125,"column":22},"end":{"line":125,"column":45}},{"start":{"line":126,"column":8},"end":{"line":130,"column":10}}],"line":125}},"s":{"0":1,"1":1,"2":1,"3":1,"4":1,"5":3,"6":3,"7":3,"8":0,"9":3,"10":0,"11":0,"12":3,"13":0,"14":3,"15":0,"16":3,"17":3,"18":0,"19":3,"20":3,"21":3,"22":0},"f":{"0":3,"1":0,"2":0,"3":0,"4":0,"5":3,"6":0,"7":3,"8":0},"b":{"0":[3,3],"1":[3,3],"2":[3,3,0],"3":[3,3,3],"4":[3,3],"5":[3,0],"6":[3,0,0]},"_coverageSchema":"1a1c01bbd47fc00a2c39e90264f33305004495a9","hash":"3efdc572b3012b1c2b613830b548b7d83c9eac36"}
,"C:\\Users\\matth\\Desktop\\1-FRESH_RESEARCH\\GNN-Application\\frontend\\src\\components\\GraphNet-Tab\\NodeEditModal.js": {"path":"C:\\Users\\matth\\Desktop\\1-FRESH_RESEARCH\\GNN-Application\\frontend\\src\\components\\GraphNet-Tab\\NodeEditModal.js","statementMap":{"0":{"start":{"line":4,"column":0},"end":{"line":4,"column":29}},"1":{"start":{"line":6,"column":22},"end":{"line":51,"column":1}},"2":{"start":{"line":7,"column":34},"end":{"line":7,"column":59}},"3":{"start":{"line":8,"column":42},"end":{"line":8,"column":71}},"4":{"start":{"line":10,"column":2},"end":{"line":15,"column":21}},"5":{"start":{"line":11,"column":4},"end":{"line":14,"column":5}},"6":{"start":{"line":12,"column":6},"end":{"line":12,"column":35}},"7":{"start":{"line":13,"column":6},"end":{"line":13,"column":43}},"8":{"start":{"line":17,"column":23},"end":{"line":20,"column":3}},"9":{"start":{"line":18,"column":4},"end":{"line":18,"column":23}},"10":{"start":{"line":19,"column":4},"end":{"line":19,"column":47}},"11":{"start":{"line":22,"column":2},"end":{"line":50,"column":4}},"12":{"start":{"line":38,"column":29},"end":{"line":38,"column":56}}},"fnMap":{"0":{"name":"(anonymous_0)","decl":{"start":{"line":6,"column":22},"end":{"line":6,"column":23}},"loc":{"start":{"line":6,"column":76},"end":{"line":51,"column":1}},"line":6},"1":{"name":"(anonymous_1)","decl":{"start":{"line":10,"column":12},"end":{"line":10,"column":13}},"loc":{"start":{"line":10,"column":18},"end":{"line":15,"column":3}},"line":10},"2":{"name":"(anonymous_2)","decl":{"start":{"line":17,"column":23},"end":{"line":17,"column":24}},"loc":{"start":{"line":17,"column":30},"end":{"line":20,"column":3}},"line":17},"3":{"name":"(anonymous_3)","decl":{"start":{"line":38,"column":22},"end":{"line":38,"column":23}},"loc":{"start":{"line":38,"column":29},"end":{"line":38,"column":56}},"line":38}},"branchMap":{"0":{"loc":{"start":{"line":7,"column":43},"end":{"line":7,"column":58}},"type":"binary-expr","locations":[{"start":{"line":7,"column":43},"end":{"line":7,"column":52}},{"start":{"line":7,"column":56},"end":{"line":7,"column":58}}],"line":7},"1":{"loc":{"start":{"line":8,"column":51},"end":{"line":8,"column":70}},"type":"binary-expr","locations":[{"start":{"line":8,"column":51},"end":{"line":8,"column":64}},{"start":{"line":8,"column":68},"end":{"line":8,"column":70}}],"line":8},"2":{"loc":{"start":{"line":11,"column":4},"end":{"line":14,"column":5}},"type":"if","locations":[{"start":{"line":11,"column":4},"end":{"line":14,"column":5}},{"start":{},"end":{}}],"line":11},"3":{"loc":{"start":{"line":12,"column":18},"end":{"line":12,"column":33}},"type":"binary-expr","locations":[{"start":{"line":12,"column":18},"end":{"line":12,"column":27}},{"start":{"line":12,"column":31},"end":{"line":12,"column":33}}],"line":12},"4":{"loc":{"start":{"line":13,"column":22},"end":{"line":13,"column":41}},"type":"binary-expr","locations":[{"start":{"line":13,"column":22},"end":{"line":13,"column":35}},{"start":{"line":13,"column":39},"end":{"line":13,"column":41}}],"line":13}},"s":{"0":1,"1":1,"2":0,"3":0,"4":0,"5":0,"6":0,"7":0,"8":0,"9":0,"10":0,"11":0,"12":0},"f":{"0":0,"1":0,"2":0,"3":0},"b":{"0":[0,0],"1":[0,0],"2":[0,0],"3":[0,0],"4":[0,0]},"_coverageSchema":"1a1c01bbd47fc00a2c39e90264f33305004495a9","hash":"19521da07d7d2ebd3486fb6aea1a7b53b688ede2"}
,"C:\\Users\\matth\\Desktop\\1-FRESH_RESEARCH\\GNN-Application\\frontend\\src\\components\\GraphNet-Tab\\ReactFlowWrapper.js": {"path":"C:\\Users\\matth\\Desktop\\1-FRESH_RESEARCH\\GNN-Application\\frontend\\src\\components\\GraphNet-Tab\\ReactFlowWrapper.js","statementMap":{"0":{"start":{"line":4,"column":25},"end":{"line":29,"column":1}},"1":{"start":{"line":12,"column":2},"end":{"line":28,"column":4}}},"fnMap":{"0":{"name":"(anonymous_0)","decl":{"start":{"line":4,"column":25},"end":{"line":4,"column":26}},"loc":{"start":{"line":11,"column":6},"end":{"line":29,"column":1}},"line":11}},"branchMap":{},"s":{"0":1,"1":3},"f":{"0":3},"b":{},"_coverageSchema":"1a1c01bbd47fc00a2c39e90264f33305004495a9","hash":"3c287fbe272423c21c268ffef968012ac9346acc"}
,"C:\\Users\\matth\\Desktop\\1-FRESH_RESEARCH\\GNN-Application\\frontend\\src\\components\\GraphNet-Tab\\RelationshipModal.js": {"path":"C:\\Users\\matth\\Desktop\\1-FRESH_RESEARCH\\GNN-Application\\frontend\\src\\components\\GraphNet-Tab\\RelationshipModal.js","statementMap":{"0":{"start":{"line":4,"column":0},"end":{"line":4,"column":29}},"1":{"start":{"line":6,"column":26},"end":{"line":43,"column":1}},"2":{"start":{"line":7,"column":50},"end":{"line":7,"column":62}},"3":{"start":{"line":9,"column":23},"end":{"line":12,"column":3}},"4":{"start":{"line":10,"column":4},"end":{"line":10,"column":23}},"5":{"start":{"line":11,"column":4},"end":{"line":11,"column":45}},"6":{"start":{"line":14,"column":2},"end":{"line":42,"column":4}},"7":{"start":{"line":30,"column":29},"end":{"line":30,"column":64}}},"fnMap":{"0":{"name":"(anonymous_0)","decl":{"start":{"line":6,"column":26},"end":{"line":6,"column":27}},"loc":{"start":{"line":6,"column":78},"end":{"line":43,"column":1}},"line":6},"1":{"name":"(anonymous_1)","decl":{"start":{"line":9,"column":23},"end":{"line":9,"column":24}},"loc":{"start":{"line":9,"column":30},"end":{"line":12,"column":3}},"line":9},"2":{"name":"(anonymous_2)","decl":{"start":{"line":30,"column":22},"end":{"line":30,"column":23}},"loc":{"start":{"line":30,"column":29},"end":{"line":30,"column":64}},"line":30}},"branchMap":{},"s":{"0":1,"1":1,"2":0,"3":0,"4":0,"5":0,"6":0,"7":0},"f":{"0":0,"1":0,"2":0},"b":{},"_coverageSchema":"1a1c01bbd47fc00a2c39e90264f33305004495a9","hash":"97d824f57d2239adbe08499bee21cd37f7104512"}
,"C:\\Users\\matth\\Desktop\\1-FRESH_RESEARCH\\GNN-Application\\frontend\\src\\components\\Training-Tab\\MetricsVisualizer.js": {"path":"C:\\Users\\matth\\Desktop\\1-FRESH_RESEARCH\\GNN-Application\\frontend\\src\\components\\Training-Tab\\MetricsVisualizer.js","statementMap":{"0":{"start":{"line":19,"column":0},"end":{"line":30,"column":2}},"1":{"start":{"line":39,"column":26},"end":{"line":300,"column":1}},"2":{"start":{"line":41,"column":29},"end":{"line":41,"column":41}},"3":{"start":{"line":44,"column":2},"end":{"line":46,"column":3}},"4":{"start":{"line":45,"column":4},"end":{"line":45,"column":16}},"5":{"start":{"line":52,"column":27},"end":{"line":78,"column":3}},"6":{"start":{"line":54,"column":20},"end":{"line":54,"column":41}},"7":{"start":{"line":55,"column":19},"end":{"line":55,"column":85}},"8":{"start":{"line":55,"column":79},"end":{"line":55,"column":84}},"9":{"start":{"line":57,"column":4},"end":{"line":77,"column":6}},"10":{"start":{"line":84,"column":31},"end":{"line":110,"column":3}},"11":{"start":{"line":86,"column":20},"end":{"line":86,"column":41}},"12":{"start":{"line":87,"column":19},"end":{"line":87,"column":89}},"13":{"start":{"line":87,"column":83},"end":{"line":87,"column":88}},"14":{"start":{"line":89,"column":4},"end":{"line":109,"column":6}},"15":{"start":{"line":116,"column":35},"end":{"line":141,"column":3}},"16":{"start":{"line":118,"column":4},"end":{"line":120,"column":5}},"17":{"start":{"line":119,"column":6},"end":{"line":119,"column":18}},"18":{"start":{"line":122,"column":23},"end":{"line":122,"column":62}},"19":{"start":{"line":123,"column":19},"end":{"line":123,"column":60}},"20":{"start":{"line":126,"column":29},"end":{"line":129,"column":6}},"21":{"start":{"line":127,"column":18},"end":{"line":127,"column":37}},"22":{"start":{"line":128,"column":6},"end":{"line":128,"column":43}},"23":{"start":{"line":131,"column":4},"end":{"line":140,"column":6}},"24":{"start":{"line":144,"column":27},"end":{"line":169,"column":3}},"25":{"start":{"line":160,"column":31},"end":{"line":160,"column":47}},"26":{"start":{"line":172,"column":31},"end":{"line":184,"column":3}},"27":{"start":{"line":180,"column":31},"end":{"line":180,"column":61}},"28":{"start":{"line":187,"column":26},"end":{"line":209,"column":3}},"29":{"start":{"line":200,"column":26},"end":{"line":200,"column":45}},"30":{"start":{"line":201,"column":26},"end":{"line":201,"column":42}},"31":{"start":{"line":202,"column":26},"end":{"line":202,"column":73}},"32":{"start":{"line":202,"column":64},"end":{"line":202,"column":69}},"33":{"start":{"line":203,"column":31},"end":{"line":203,"column":65}},"34":{"start":{"line":204,"column":12},"end":{"line":204,"column":57}},"35":{"start":{"line":212,"column":25},"end":{"line":212,"column":81}},"36":{"start":{"line":213,"column":29},"end":{"line":213,"column":93}},"37":{"start":{"line":214,"column":31},"end":{"line":214,"column":111}},"38":{"start":{"line":216,"column":2},"end":{"line":299,"column":4}}},"fnMap":{"0":{"name":"(anonymous_0)","decl":{"start":{"line":39,"column":26},"end":{"line":39,"column":27}},"loc":{"start":{"line":39,"column":43},"end":{"line":300,"column":1}},"line":39},"1":{"name":"(anonymous_1)","decl":{"start":{"line":52,"column":27},"end":{"line":52,"column":28}},"loc":{"start":{"line":52,"column":33},"end":{"line":78,"column":3}},"line":52},"2":{"name":"(anonymous_2)","decl":{"start":{"line":55,"column":69},"end":{"line":55,"column":70}},"loc":{"start":{"line":55,"column":79},"end":{"line":55,"column":84}},"line":55},"3":{"name":"(anonymous_3)","decl":{"start":{"line":84,"column":31},"end":{"line":84,"column":32}},"loc":{"start":{"line":84,"column":37},"end":{"line":110,"column":3}},"line":84},"4":{"name":"(anonymous_4)","decl":{"start":{"line":87,"column":73},"end":{"line":87,"column":74}},"loc":{"start":{"line":87,"column":83},"end":{"line":87,"column":88}},"line":87},"5":{"name":"(anonymous_5)","decl":{"start":{"line":116,"column":35},"end":{"line":116,"column":36}},"loc":{"start":{"line":116,"column":41},"end":{"line":141,"column":3}},"line":116},"6":{"name":"(anonymous_6)","decl":{"start":{"line":126,"column":44},"end":{"line":126,"column":45}},"loc":{"start":{"line":126,"column":58},"end":{"line":129,"column":5}},"line":126},"7":{"name":"(anonymous_7)","decl":{"start":{"line":160,"column":20},"end":{"line":160,"column":21}},"loc":{"start":{"line":160,"column":31},"end":{"line":160,"column":47}},"line":160},"8":{"name":"(anonymous_8)","decl":{"start":{"line":180,"column":20},"end":{"line":180,"column":21}},"loc":{"start":{"line":180,"column":31},"end":{"line":180,"column":61}},"line":180},"9":{"name":"(anonymous_9)","decl":{"start":{"line":199,"column":17},"end":{"line":199,"column":18}},"loc":{"start":{"line":199,"column":30},"end":{"line":205,"column":11}},"line":199},"10":{"name":"(anonymous_10)","decl":{"start":{"line":202,"column":54},"end":{"line":202,"column":55}},"loc":{"start":{"line":202,"column":64},"end":{"line":202,"column":69}},"line":202}},"branchMap":{"0":{"loc":{"start":{"line":44,"column":2},"end":{"line":46,"column":3}},"type":"if","locations":[{"start":{"line":44,"column":2},"end":{"line":46,"column":3}},{"start":{},"end":{}}],"line":44},"1":{"loc":{"start":{"line":54,"column":20},"end":{"line":54,"column":41}},"type":"binary-expr","locations":[{"start":{"line":54,"column":20},"end":{"line":54,"column":35}},{"start":{"line":54,"column":39},"end":{"line":54,"column":41}}],"line":54},"2":{"loc":{"start":{"line":55,"column":40},"end":{"line":55,"column":65}},"type":"binary-expr","locations":[{"start":{"line":55,"column":40},"end":{"line":55,"column":60}},{"start":{"line":55,"column":64},"end":{"line":55,"column":65}}],"line":55},"3":{"loc":{"start":{"line":62,"column":16},"end":{"line":62,"column":34}},"type":"binary-expr","locations":[{"start":{"line":62,"column":16},"end":{"line":62,"column":28}},{"start":{"line":62,"column":32},"end":{"line":62,"column":34}}],"line":62},"4":{"loc":{"start":{"line":70,"column":16},"end":{"line":70,"column":38}},"type":"binary-expr","locations":[{"start":{"line":70,"column":16},"end":{"line":70,"column":32}},{"start":{"line":70,"column":36},"end":{"line":70,"column":38}}],"line":70},"5":{"loc":{"start":{"line":86,"column":20},"end":{"line":86,"column":41}},"type":"binary-expr","locations":[{"start":{"line":86,"column":20},"end":{"line":86,"column":35}},{"start":{"line":86,"column":39},"end":{"line":86,"column":41}}],"line":86},"6":{"loc":{"start":{"line":87,"column":40},"end":{"line":87,"column":69}},"type":"binary-expr","locations":[{"start":{"line":87,"column":40},"end":{"line":87,"column":64}},{"start":{"line":87,"column":68},"end":{"line":87,"column":69}}],"line":87},"7":{"loc":{"start":{"line":94,"column":16},"end":{"line":94,"column":38}},"type":"binary-expr","locations":[{"start":{"line":94,"column":16},"end":{"line":94,"column":32}},{"start":{"line":94,"column":36},"end":{"line":94,"column":38}}],"line":94},"8":{"loc":{"start":{"line":102,"column":16},"end":{"line":102,"column":42}},"type":"binary-expr","locations":[{"start":{"line":102,"column":16},"end":{"line":102,"column":36}},{"start":{"line":102,"column":40},"end":{"line":102,"column":42}}],"line":102},"9":{"loc":{"start":{"line":118,"column":4},"end":{"line":120,"column":5}},"type":"if","locations":[{"start":{"line":118,"column":4},"end":{"line":120,"column":5}},{"start":{},"end":{}}],"line":118},"10":{"loc":{"start":{"line":200,"column":26},"end":{"line":200,"column":45}},"type":"binary-expr","locations":[{"start":{"line":200,"column":26},"end":{"line":200,"column":39}},{"start":{"line":200,"column":43},"end":{"line":200,"column":45}}],"line":200},"11":{"loc":{"start":{"line":201,"column":26},"end":{"line":201,"column":42}},"type":"binary-expr","locations":[{"start":{"line":201,"column":26},"end":{"line":201,"column":37}},{"start":{"line":201,"column":41},"end":{"line":201,"column":42}}],"line":201},"12":{"loc":{"start":{"line":212,"column":25},"end":{"line":212,"column":81}},"type":"binary-expr","locations":[{"start":{"line":212,"column":25},"end":{"line":212,"column":46}},{"start":{"line":212,"column":50},"end":{"line":212,"column":81}}],"line":212},"13":{"loc":{"start":{"line":213,"column":29},"end":{"line":213,"column":93}},"type":"binary-expr","locations":[{"start":{"line":213,"column":29},"end":{"line":213,"column":54}},{"start":{"line":213,"column":58},"end":{"line":213,"column":93}}],"line":213},"14":{"loc":{"start":{"line":214,"column":31},"end":{"line":214,"column":111}},"type":"binary-expr","locations":[{"start":{"line":214,"column":31},"end":{"line":214,"column":57}},{"start":{"line":214,"column":61},"end":{"line":214,"column":111}}],"line":214},"15":{"loc":{"start":{"line":222,"column":9},"end":{"line":229,"column":9}},"type":"binary-expr","locations":[{"start":{"line":222,"column":9},"end":{"line":222,"column":23}},{"start":{"line":223,"column":10},"end":{"line":228,"column":16}}],"line":222},"16":{"loc":{"start":{"line":232,"column":9},"end":{"line":239,"column":9}},"type":"binary-expr","locations":[{"start":{"line":232,"column":9},"end":{"line":232,"column":27}},{"start":{"line":233,"column":10},"end":{"line":238,"column":16}}],"line":232},"17":{"loc":{"start":{"line":251,"column":11},"end":{"line":256,"column":11}},"type":"binary-expr","locations":[{"start":{"line":251,"column":11},"end":{"line":251,"column":41}},{"start":{"line":252,"column":12},"end":{"line":255,"column":18}}],"line":251},"18":{"loc":{"start":{"line":258,"column":11},"end":{"line":263,"column":11}},"type":"binary-expr","locations":[{"start":{"line":258,"column":11},"end":{"line":258,"column":42}},{"start":{"line":259,"column":12},"end":{"line":262,"column":18}}],"line":258},"19":{"loc":{"start":{"line":265,"column":11},"end":{"line":270,"column":11}},"type":"binary-expr","locations":[{"start":{"line":265,"column":11},"end":{"line":265,"column":39}},{"start":{"line":266,"column":12},"end":{"line":269,"column":18}}],"line":265},"20":{"loc":{"start":{"line":272,"column":11},"end":{"line":277,"column":11}},"type":"binary-expr","locations":[{"start":{"line":272,"column":11},"end":{"line":272,"column":32}},{"start":{"line":273,"column":12},"end":{"line":276,"column":18}}],"line":272},"21":{"loc":{"start":{"line":282,"column":7},"end":{"line":289,"column":7}},"type":"binary-expr","locations":[{"start":{"line":282,"column":7},"end":{"line":282,"column":27}},{"start":{"line":283,"column":8},"end":{"line":288,"column":14}}],"line":282},"22":{"loc":{"start":{"line":292,"column":7},"end":{"line":297,"column":7}},"type":"binary-expr","locations":[{"start":{"line":292,"column":7},"end":{"line":292,"column":27}},{"start":{"line":293,"column":8},"end":{"line":296,"column":14}}],"line":292}},"s":{"0":3,"1":3,"2":11,"3":11,"4":1,"5":10,"6":9,"7":9,"8":134,"9":9,"10":10,"11":9,"12":9,"13":134,"14":9,"15":10,"16":6,"17":0,"18":6,"19":6,"20":6,"21":18,"22":18,"23":6,"24":10,"25":0,"26":10,"27":0,"28":10,"29":0,"30":0,"31":0,"32":0,"33":0,"34":0,"35":10,"36":10,"37":10,"38":10},"f":{"0":11,"1":9,"2":134,"3":9,"4":134,"5":6,"6":18,"7":0,"8":0,"9":0,"10":0},"b":{"0":[1,10],"1":[9,0],"2":[9,0],"3":[9,0],"4":[9,0],"5":[9,0],"6":[9,0],"7":[9,0],"8":[9,0],"9":[0,6],"10":[0,0],"11":[0,0],"12":[10,10],"13":[10,10],"14":[10,6],"15":[10,9],"16":[10,9],"17":[10,6],"18":[10,6],"19":[10,6],"20":[10,7],"21":[10,6],"22":[10,6]},"_coverageSchema":"1a1c01bbd47fc00a2c39e90264f33305004495a9","hash":"cb5122c93769b008ef89e3dcda33a57f328c4797"}
,"C:\\Users\\matth\\Desktop\\1-FRESH_RESEARCH\\GNN-Application\\frontend\\src\\components\\Training-Tab\\TrainingTab.js": {"path":"C:\\Users\\matth\\Desktop\\1-FRESH_RESEARCH\\GNN-Application\\frontend\\src\\components\\Training-Tab\\TrainingTab.js","statementMap":{"0":{"start":{"line":13,"column":20},"end":{"line":720,"column":1}},"1":{"start":{"line":15,"column":23},"end":{"line":15,"column":37}},"2":{"start":{"line":16,"column":23},"end":{"line":16,"column":40}},"3":{"start":{"line":17,"column":23},"end":{"line":17,"column":54}},"4":{"start":{"line":18,"column":16},"end":{"line":18,"column":76}},"5":{"start":{"line":21,"column":2},"end":{"line":26,"column":9}},"6":{"start":{"line":22,"column":4},"end":{"line":22,"column":41}},"7":{"start":{"line":23,"column":4},"end":{"line":25,"column":6}},"8":{"start":{"line":24,"column":6},"end":{"line":24,"column":45}},"9":{"start":{"line":28,"column":2},"end":{"line":30,"column":28}},"10":{"start":{"line":29,"column":4},"end":{"line":29,"column":84}},"11":{"start":{"line":33,"column":33},"end":{"line":33,"column":43}},"12":{"start":{"line":36,"column":34},"end":{"line":38,"column":24}},"13":{"start":{"line":41,"column":21},"end":{"line":87,"column":20}},"14":{"start":{"line":42,"column":4},"end":{"line":54,"column":5}},"15":{"start":{"line":47,"column":6},"end":{"line":53,"column":8}},"16":{"start":{"line":55,"column":22},"end":{"line":55,"column":47}},"17":{"start":{"line":56,"column":22},"end":{"line":56,"column":47}},"18":{"start":{"line":57,"column":22},"end":{"line":62,"column":5}},"19":{"start":{"line":59,"column":8},"end":{"line":61,"column":25}},"20":{"start":{"line":63,"column":23},"end":{"line":63,"column":25}},"21":{"start":{"line":64,"column":4},"end":{"line":77,"column":5}},"22":{"start":{"line":65,"column":6},"end":{"line":76,"column":8}},"23":{"start":{"line":70,"column":16},"end":{"line":72,"column":33}},"24":{"start":{"line":74,"column":27},"end":{"line":74,"column":37}},"25":{"start":{"line":78,"column":4},"end":{"line":86,"column":6}},"26":{"start":{"line":91,"column":4},"end":{"line":97,"column":12}},"27":{"start":{"line":101,"column":2},"end":{"line":104,"column":89}},"28":{"start":{"line":106,"column":40},"end":{"line":115,"column":4}},"29":{"start":{"line":118,"column":38},"end":{"line":118,"column":53}},"30":{"start":{"line":120,"column":23},"end":{"line":120,"column":54}},"31":{"start":{"line":121,"column":32},"end":{"line":121,"column":46}},"32":{"start":{"line":122,"column":44},"end":{"line":122,"column":58}},"33":{"start":{"line":125,"column":29},"end":{"line":125,"column":41}},"34":{"start":{"line":128,"column":27},"end":{"line":128,"column":39}},"35":{"start":{"line":132,"column":2},"end":{"line":137,"column":31}},"36":{"start":{"line":133,"column":4},"end":{"line":133,"column":37}},"37":{"start":{"line":134,"column":4},"end":{"line":134,"column":21}},"38":{"start":{"line":135,"column":4},"end":{"line":135,"column":27}},"39":{"start":{"line":140,"column":2},"end":{"line":144,"column":21}},"40":{"start":{"line":141,"column":4},"end":{"line":143,"column":5}},"41":{"start":{"line":142,"c
[...]
olumn":9}},"98":{"start":{"line":199,"column":4},"end":{"line":206,"column":6}},"99":{"start":{"line":200,"column":6},"end":{"line":204,"column":7}},"100":{"start":{"line":201,"column":8},"end":{"line":201,"column":29}},"101":{"start":{"line":202,"column":8},"end":{"line":202,"column":34}},"102":{"start":{"line":203,"column":8},"end":{"line":203,"column":57}},"103":{"start":{"line":205,"column":6},"end":{"line":205,"column":32}},"104":{"start":{"line":210,"column":2},"end":{"line":218,"column":4}}},"fnMap":{"0":{"name":"useSyncBeforeNavigation","decl":{"start":{"line":24,"column":16},"end":{"line":24,"column":39}},"loc":{"start":{"line":24,"column":49},"end":{"line":219,"column":1}},"line":24},"1":{"name":"(anonymous_1)","decl":{"start":{"line":62,"column":26},"end":{"line":62,"column":27}},"loc":{"start":{"line":62,"column":35},"end":{"line":64,"column":3}},"line":62},"2":{"name":"(anonymous_2)","decl":{"start":{"line":67,"column":12},"end":{"line":67,"column":13}},"loc":{"start":{"line":67,"column":18},"end":{"line":102,"column":3}},"line":67},"3":{"name":"(anonymous_3)","decl":{"start":{"line":80,"column":43},"end":{"line":80,"column":44}},"loc":{"start":{"line":80,"column":51},"end":{"line":87,"column":7}},"line":80},"4":{"name":"(anonymous_4)","decl":{"start":{"line":94,"column":11},"end":{"line":94,"column":12}},"loc":{"start":{"line":94,"column":17},"end":{"line":100,"column":5}},"line":94},"5":{"name":"(anonymous_5)","decl":{"start":{"line":105,"column":12},"end":{"line":105,"column":13}},"loc":{"start":{"line":105,"column":18},"end":{"line":115,"column":3}},"line":105},"6":{"name":"(anonymous_6)","decl":{"start":{"line":107,"column":31},"end":{"line":107,"column":32}},"loc":{"start":{"line":107,"column":38},"end":{"line":111,"column":5}},"line":107},"7":{"name":"(anonymous_7)","decl":{"start":{"line":113,"column":11},"end":{"line":113,"column":12}},"loc":{"start":{"line":113,"column":17},"end":{"line":113,"column":79}},"line":113},"8":{"name":"(anonymous_8)","decl":{"start":{"line":118,"column":40},"end":{"line":118,"column":41}},"loc":{"start":{"line":118,"column":56},"end":{"line":129,"column":3}},"line":118},"9":{"name":"(anonymous_9)","decl":{"start":{"line":132,"column":12},"end":{"line":132,"column":13}},"loc":{"start":{"line":132,"column":18},"end":{"line":192,"column":3}},"line":132},"10":{"name":"(anonymous_10)","decl":{"start":{"line":139,"column":19},"end":{"line":139,"column":20}},"loc":{"start":{"line":139,"column":31},"end":{"line":183,"column":5}},"line":139},"11":{"name":"(anonymous_11)","decl":{"start":{"line":188,"column":11},"end":{"line":188,"column":12}},"loc":{"start":{"line":188,"column":17},"end":{"line":190,"column":5}},"line":188},"12":{"name":"(anonymous_12)","decl":{"start":{"line":198,"column":12},"end":{"line":198,"column":13}},"loc":{"start":{"line":198,"column":18},"end":{"line":208,"column":3}},"line":198},"13":{"name":"(anonymous_13)","decl":{"start":{"line":199,"column":11},"end":{"line":199,"column":12}},"loc":{"start":{"line":199,"column":17},"end":{"line":206,"column":5}},"line":199}},"branchMap":{"0":{"loc":{"start":{"line":27,"column":4},"end":{"line":27,"column":23}},"type":"default-arg","locations":[{"start":{"line":27,"column":18},"end":{"line":27,"column":23}}],"line":27},"1":{"loc":{"start":{"line":28,"column":4},"end":{"line":28,"column":17}},"type":"default-arg","locations":[{"start":{"line":28,"column":13},"end":{"line":28,"column":17}}],"line":28},"2":{"loc":{"start":{"line":29,"column":4},"end":{"line":29,"column":21}},"type":"default-arg","locations":[{"start":{"line":29,"column":19},"end":{"line":29,"column":21}}],"line":29},"3":{"loc":{"start":{"line":30,"column":6},"end":{"line":30,"column":19}},"type":"binary-expr","locations":[{"start":{"line":30,"column":6},"end":{"line":30,"column":13}},{"start":{"line":30,"column":17},"end":{"line":30,"column":19}}],"line":30},"4":{"loc":{"start":{"line":33,"column":16},"end":{"line":33,"column":102}},"type":"binary-expr","locations":[{"start":{"line":33,"column":16},"end":{"line":33,"column":46}},{"start":{"line":33,"column":50},"end":{"line":33,"column":61}},{"start":{"line":33,"column":65},"end":{"line":33,"column":102}}],"line":33},"5":{"loc":{"start":{"line":34,"column":28},"end":{"line":40,"column":10}},"type":"cond-expr","locations":[{"start":{"line":35,"column":6},"end":{"line":39,"column":10}},{"start":{"line":40,"column":6},"end":{"line":40,"column":10}}],"line":34},"6":{"loc":{"start":{"line":38,"column":26},"end":{"line":38,"column":85}},"type":"cond-expr","locations":[{"start":{"line":38,"column":56},"end":{"line":38,"column":63}},{"start":{"line":38,"column":66},"end":{"line":38,"column":85}}],"line":38},"7":{"loc":{"start":{"line":43,"column":29},"end":{"line":43,"column":82}},"type":"cond-expr","locations":[{"start":{"line":43,"column":58},"end":{"line":43,"column":77}},{"start":{"line":43,"column":80},"end":{"line":43,"column":82}}],"line":43},"8":{"loc":{"start":{"line":43,"column":29},"end":{"line":43,"column":55}},"type":"binary-expr","locations":[{"start":{"line":43,"column":29},"end":{"line":43,"column":34}},{"start":{"line":43,"column":38},"end":{"line":43,"column":55}}],"line":43},"9":{"loc":{"start":{"line":49,"column":20},"end":{"line":49,"column":115}},"type":"cond-expr","locations":[{"start":{"line":49,"column":81},"end":{"line":49,"column":108}},{"start":{"line":49,"column":111},"end":{"line":49,"column":115}}],"line":49},"10":{"loc":{"start":{"line":49,"column":20},"end":{"line":49,"column":78}},"type":"binary-expr","locations":[{"start":{"line":49,"column":20},"end":{"line":49,"column":37}},{"start":{"line":49,"column":41},"end":{"line":49,"column":78}}],"line":49},"11":{"loc":{"start":{"line":59,"column":26},"end":{"line":59,"column":86}},"type":"binary-expr","locations":[{"start":{"line":59,"column":26},"end":{"line":59,"column":39}},{"start":{"line":59,"column":43},"end":{"line":59,"column":71}},{"start":{"line":59,"column":75},"end":{"line":59,"column":86}}],"line":59},"12":{"loc":{"start":{"line":68,"column":4},"end":{"line":75,"column":5}},"type":"if","locations":[{"start":{"line":68,"column":4},"end":{"line":75,"column":5}},{"start":{},"end":{}}],"line":68},"13":{"loc":{"start":{"line":69,"column":6},"end":{"line":73,"column":7}},"type":"if","locations":[{"start":{"line":69,"column":6},"end":{"line":73,"column":7}},{"start":{},"end":{}}],"line":69},"14":{"loc":{"start":{"line":79,"column":4},"end":{"line":91,"column":5}},"type":"if","locations":[{"start":{"line":79,"column":4},"end":{"line":91,"column":5}},{"start":{"line":89,"column":11},"end":{"line":91,"column":5}}],"line":79},"15":{"loc":{"start":{"line":79,"column":8},"end":{"line":79,"column":58}},"type":"binary-expr","locations":[{"start":{"line":79,"column":8},"end":{"line":79,"column":17}},{"start":{"line":79,"column":21},"end":{"line":79,"column":58}}],"line":79},"16":{"loc":{"start":{"line":81,"column":25},"end":{"line":83,"column":14}},"type":"cond-expr","locations":[{"start":{"line":82,"column":12},"end":{"line":82,"column":32}},{"start":{"line":83,"column":12},"end":{"line":83,"column":14}}],"line":81},"17":{"loc":{"start":{"line":81,"column":25},"end":{"line":81,"column":86}},"type":"binary-expr","locations":[{"start":{"line":81,"column":25},"end":{"line":81,"column":27}},{"start":{"line":81,"column":31},"end":{"line":81,"column":42}},{"start":{"line":81,"column":46},"end":{"line":81,"column":86}}],"line":81},"18":{"loc":{"start":{"line":95,"column":6},"end":{"line":99,"column":7}},"type":"if","locations":[{"start":{"line":95,"column":6},"end":{"line":99,"column":7}},{"start":{},"end":{}}],"line":95},"19":{"loc":{"start":{"line":106,"column":4},"end":{"line":106,"column":33}},"type":"if","locations":[{"start":{"line":106,"column":4},"end":{"line":106,"column":33}},{"start":{},"end":{}}],"line":106},"20":{"loc":{"start":{"line":119,"column":4},"end":{"line":125,"column":5}},"type":"if","locations":[{"start":{"line":119,"column":4},"end":{"line":125,"column":5}},{"start":{},"end":{}}],"line":119},"21":{"loc":{"start":{"line":121,"column":6},"end":{"line":123,"column":7}},"type":"if","locations":[{"start":{"line":121,"column":6},"end":{"line":123,"column":7}},{"start":{},"end":{}}],"line":121},"22":{"loc":{"start":{"line":134,"column":4},"end":{"line":134,"column":53}},"type":"if","locations":[{"start":{"line":134,"column":4},"end":{"line":134,"column":53}},{"start":{},"end":{}}],"line":134},"23":{"loc":{"start":{"line":134,"column":8},"end":{"line":134,"column":44}},"type":"binary-expr","locations":[{"start":{"line":134,"column":8},"end":{"line":134,"column":28}},{"start":{"line":134,"column":32},"end":{"line":134,"column":44}}],"line":134},"24":{"loc":{"start":{"line":142,"column":8},"end":{"line":144,"column":9}},"type":"if","locations":[{"start":{"line":142,"column":8},"end":{"line":144,"column":9}},{"start":{},"end":{}}],"line":142},"25":{"loc":{"start":{"line":146,"column":8},"end":{"line":149,"column":9}},"type":"if","locations":[{"start":{"line":146,"column":8},"end":{"line":149,"column":9}},{"start":{},"end":{}}],"line":146},"26":{"loc":{"start":{"line":146,"column":12},"end":{"line":146,"column":52}},"type":"binary-expr","locations":[{"start":{"line":146,"column":12},"end":{"line":146,"column":39}},{"start":{"line":146,"column":43},"end":{"line":146,"column":52}}],"line":146},"27":{"loc":{"start":{"line":150,"column":8},"end":{"line":167,"column":9}},"type":"if","locations":[{"start":{"line":150,"column":8},"end":{"line":167,"column":9}},{"start":{"line":162,"column":15},"end":{"line":167,"column":9}}],"line":150},"28":{"loc":{"start":{"line":155,"column":10},"end":{"line":158,"column":11}},"type":"if","locations":[{"start":{"line":155,"column":10},"end":{"line":158,"column":11}},{"start":{},"end":{}}],"line":155},"29":{"loc":{"start":{"line":159,"column":10},"end":{"line":161,"column":11}},"type":"if","locations":[{"start":{"line":159,"column":10},"end":{"line":161,"column":11}},{"start":{},"end":{}}],"line":159},"30":{"loc":{"start":{"line":169,"column":8},"end":{"line":172,"column":9}},"type":"if","locations":[{"start":{"line":169,"column":8},"end":{"line":172,"column":9}},{"start":{},"end":{}}],"line":169},"31":{"loc":{"start":{"line":169,"column":12},"end":{"line":169,"column":52}},"type":"binary-expr","locations":[{"start":{"line":169,"column":12},"end":{"line":169,"column":39}},{"start":{"line":169,"column":43},"end":{"line":169,"column":52}}],"line":169},"32":{"loc":{"start":{"line":176,"column":27},"end":{"line":176,"column":65}},"type":"cond-expr","locations":[{"start":{"line":176,"column":48},"end":{"line":176,"column":59}},{"start":{"line":176,"column":62},"end":{"line":176,"column":65}}],"line":176},"33":{"loc":{"start":{"line":176,"column":27},"end":{"line":176,"column":45}},"type":"binary-expr","locations":[{"start":{"line":176,"column":27},"end":{"line":176,"column":30}},{"start":{"line":176,"column":34},"end":{"line":176,"column":45}}],"line":176},"34":{"loc":{"start":{"line":178,"column":8},"end":{"line":181,"column":9}},"type":"if","locations":[{"start":{"line":178,"column":8},"end":{"line":181,"column":9}},{"start":{},"end":{}}],"line":178},"35":{"loc":{"start":{"line":200,"column":6},"end":{"line":204,"column":7}},"type":"if","locations":[{"start":{"line":200,"column":6},"end":{"line":204,"column":7}},{"start":{},"end":{}}],"line":200}},"s":{"0":50,"1":50,"2":50,"3":50,"4":50,"5":50,"6":50,"7":50,"8":50,"9":50,"10":50,"11":50,"12":50,"13":50,"14":50,"15":77,"16":50,"17":30,"18":1,"19":0,"20":0,"21":0,"22":1,"23":29,"24":5,"25":5,"26":5,"27":5,"28":5,"29":5,"30":24,"31":29,"32":29,"33":1,"34":1,"35":1,"36":50,"37":20,"38":1,"39":19,"40":0,"41":0,"42":0,"43":19,"44":19,"45":19,"46":50,"47":12,"48":1,"49":1,"50":1,"51":1,"52":11,"53":11,"54":11,"55":50,"56":50,"57":50,"58":35,"59":15,"60":15,"61":15,"62":15,"63":15,"64":15,"65":0,"66":15,"67":14,"68":0,"69":0,"70":14,"71":14,"72":14,"73":14,"74":14,"75":14,"76":4,"77":4,"78":14,"79":14,"80":0,"81":0,"82":0,"83":0,"84":1,"85":0,"86":0,"87":1,"88":1,"89":1,"90":1,"91":15,"92":15,"93":15,"94":15,"95":15,"96":15,"97":50,"98":20,"99":20,"100":0,"101":0,"102":0,"103":20,"104":50},"f":{"0":50,"1":77,"2":30,"3":5,"4":29,"5":20,"6":0,"7":19,"8":12,"9":50,"10":15,"11":15,"12":20,"13":20},"b":{"0":[0],"1":[0],"2":[0],"3":[50,0],"4":[50,50,50],"5":[50,0],"6":[50,0],"7":[50,0],"8":[50,50],"9":[50,0],"10":[50,50],"11":[50,49,49],"12":[1,29],"13":[0,1],"14":[5,24],"15":[29,29],"16":[5,0],"17":[5,5,5],"18":[1,28],"19":[1,19],"20":[1,11],"21":[1,0],"22":[35,15],"23":[50,15],"24":[0,15],"25":[0,14],"26":[14,14],"27":[14,0],"28":[4,10],"29":[14,0],"30":[0,1],"31":[1,1],"32":[1,0],"33":[1,1],"34":[15,0],"35":[0,20]},"_coverageSchema":"1a1c01bbd47fc00a2c39e90264f33305004495a9","hash":"6dc4e1da89a5f006760b7166be19c95e955a5ecb"}
,"C:\\Users\\matth\\Desktop\\1-FRESH_RESEARCH\\GNN-Application\\frontend\\src\\tests\\testRouterUtils.js": {"path":"C:\\Users\\matth\\Desktop\\1-FRESH_RESEARCH\\GNN-Application\\frontend\\src\\tests\\testRouterUtils.js","statementMap":{"0":{"start":{"line":10,"column":34},"end":{"line":17,"column":2}},"1":{"start":{"line":10,"column":55},"end":{"line":17,"column":1}},"2":{"start":{"line":20,"column":35},"end":{"line":29,"column":1}},"3":{"start":{"line":21,"column":20},"end":{"line":27,"column":3}},"4":{"start":{"line":23,"column":6},"end":{"line":23,"column":36}},"5":{"start":{"line":24,"column":6},"end":{"line":24,"column":23}},"6":{"start":{"line":28,"column":2},"end":{"line":28,"column":19}},"7":{"start":{"line":43,"column":2},"end":{"line":52,"column":4}},"8":{"start":{"line":69,"column":2},"end":{"line":74,"column":4}},"9":{"start":{"line":84,"column":2},"end":{"line":90,"column":5}},"10":{"start":{"line":85,"column":19},"end":{"line":85,"column":57}},"11":{"start":{"line":86,"column":4},"end":{"line":89,"column":6}},"12":{"start":{"line":88,"column":25},"end":{"line":88,"column":29}},"13":{"start":{"line":99,"column":2},"end":{"line":105,"column":5}},"14":{"start":{"line":100,"column":19},"end":{"line":100,"column":57}},"15":{"start":{"line":101,"column":4},"end":{"line":104,"column":6}},"16":{"start":{"line":103,"column":25},"end":{"line":103,"column":33}},"17":{"start":{"line":110,"column":2},"end":{"line":110,"column":22}},"18":{"start":{"line":111,"column":2},"end":{"line":111,"column":23}}},"fnMap":{"0":{"name":"(anonymous_0)","decl":{"start":{"line":10,"column":34},"end":{"line":10,"column":35}},"loc":{"start":{"line":10,"column":55},"end":{"line":17,"column":1}},"line":10},"1":{"name":"(anonymous_1)","decl":{"start":{"line":20,"column":35},"end":{"line":20,"column":36}},"loc":{"start":{"line":20,"column":55},"end":{"line":29,"column":1}},"line":20},"2":{"name":"(anonymous_2)","decl":{"start":{"line":22,"column":19},"end":{"line":22,"column":20}},"loc":{"start":{"line":22,"column":27},"end":{"line":25,"column":5}},"line":22},"3":{"name":"createNavigationContext","decl":{"start":{"line":33,"column":16},"end":{"line":33,"column":39}},"loc":{"start":{"line":42,"column":8},"end":{"line":53,"column":1}},"line":42},"4":{"name":"renderWithProviders","decl":{"start":{"line":65,"column":16},"end":{"line":65,"column":35}},"loc":{"start":{"line":68,"column":2},"end":{"line":75,"column":1}},"line":68},"5":{"name":"setupMockUseNavigate","decl":{"start":{"line":83,"column":16},"end":{"line":83,"column":36}},"loc":{"start":{"line":83,"column":55},"end":{"line":91,"column":1}},"line":83},"6":{"name":"(anonymous_6)","decl":{"start":{"line":84,"column":34},"end":{"line":84,"column":35}},"loc":{"start":{"line":84,"column":40},"end":{"line":90,"column":3}},"line":84},"7":{"name":"(anonymous_7)","decl":{"start":{"line":88,"column":19},"end":{"line":88,"column":20}},"loc":{"start":{"line":88,"column":25},"end":{"line":88,"column":29}},"line":88},"8":{"name":"setupMockUseLocation","decl":{"start":{"line":98,"column":16},"end":{"line":98,"column":36}},"loc":{"start":{"line":98,"column":70},"end":{"line":106,"column":1}},"line":98},"9":{"name":"(anonymous_9)","decl":{"start":{"line":99,"column":34},"end":{"line":99,"column":35}},"loc":{"start":{"line":99,"column":40},"end":{"line":105,"column":3}},"line":99},"10":{"name":"(anonymous_10)","decl":{"start":{"line":103,"column":19},"end":{"line":103,"column":20}},"loc":{"start":{"line":103,"column":25},"end":{"line":103,"column":33}},"line":103},"11":{"name":"cleanupRouterMocks","decl":{"start":{"line":109,"column":16},"end":{"line":109,"column":34}},"loc":{"start":{"line":109,"column":37},"end":{"line":112,"column":1}},"line":109}},"branchMap":{"0":{"loc":{"start":{"line":10,"column":35},"end":{"line":10,"column":49}},"type":"default-arg","locations":[{"start":{"line":10,"column":47},"end":{"line":10,"column":49}}],"line":10},"1":{"loc":{"start":{"line":20,"column":36},"end":{"line":20,"column":50}},"type":"default-arg","locations":[{"start":{"line":20,"column":48},"end":{"line":20,"column":50}}],"line":20},"2":{"loc":{"start":{"line":33,"column":40},"end":{"line":42,"column":6}},"type":"default-arg","locations":[{"start":{"line":42,"column":4},"end":{"line":42,"column":6}}],"line":33},"3":{"loc":{"start":{"line":34,"column":2},"end":{"line":34,"column":35}},"type":"default-arg","locations":[{"start":{"line":34,"column":14},"end":{"line":34,"column":35}}],"line":34},"4":{"loc":{"start":{"line":35,"column":2},"end":{"line":35,"column":15}},"type":"default-arg","locations":[{"start":{"line":35,"column":13},"end":{"line":35,"column":15}}],"line":35},"5":{"loc":{"start":{"line":36,"column":2},"end":{"line":36,"column":33}},"type":"default-arg","locations":[{"start":{"line":36,"column":13},"end":{"line":36,"column":33}}],"line":36},"6":{"loc":{"start":{"line":37,"column":2},"end":{"line":37,"column":14}},"type":"default-arg","locations":[{"start":{"line":37,"column":12},"end":{"line":37,"column":14}}],"line":37},"7":{"loc":{"start":{"line":38,"column":2},"end":{"line":38,"column":19}},"type":"default-arg","locations":[{"start":{"line":38,"column":17},"end":{"line":38,"column":19}}],"line":38},"8":{"loc":{"start":{"line":39,"column":2},"end":{"line":39,"column":27}},"type":"default-arg","locations":[{"start":{"line":39,"column":25},"end":{"line":39,"column":27}}],"line":39},"9":{"loc":{"start":{"line":40,"column":2},"end":{"line":40,"column":21}},"type":"default-arg","locations":[{"start":{"line":40,"column":16},"end":{"line":40,"column":21}}],"line":40},"10":{"loc":{"start":{"line":41,"column":2},"end":{"line":41,"column":41}},"type":"default-arg","locations":[{"start":{"line":41,"column":11},"end":{"line":41,"column":41}}],"line":41},"11":{"loc":{"start":{"line":67,"column":2},"end":{"line":67,"column":71}},"type":"default-arg","locations":[{"start":{"line":67,"column":69},"end":{"line":67,"column":71}}],"line":67},"12":{"loc":{"start":{"line":67,"column":4},"end":{"line":67,"column":26}},"type":"default-arg","locations":[{"start":{"line":67,"column":21},"end":{"line":67,"column":26}}],"line":67},"13":{"loc":{"start":{"line":67,"column":28},"end":{"line":67,"column":46}},"type":"default-arg","locations":[{"start":{"line":67,"column":44},"end":{"line":67,"column":46}}],"line":67},"14":{"loc":{"start":{"line":83,"column":37},"end":{"line":83,"column":53}},"type":"default-arg","locations":[{"start":{"line":83,"column":44},"end":{"line":83,"column":53}}],"line":83},"15":{"loc":{"start":{"line":98,"column":37},"end":{"line":98,"column":68}},"type":"default-arg","locations":[{"start":{"line":98,"column":48},"end":{"line":98,"column":68}}],"line":98}},"s":{"0":2,"1":0,"2":2,"3":0,"4":0,"5":0,"6":0,"7":0,"8":14,"9":0,"10":0,"11":0,"12":0,"13":0,"14":0,"15":0,"16":0,"17":0,"18":0},"f":{"0":0,"1":0,"2":0,"3":0,"4":14,"5":0,"6":0,"7":0,"8":0,"9":0,"10":0,"11":0},"b":{"0":[0],"1":[0],"2":[0],"3":[0],"4":[0],"5":[0],"6":[0],"7":[0],"8":[0],"9":[0],"10":[0],"11":[1],"12":[14],"13":[14],"14":[0],"15":[0]},"_coverageSchema":"1a1c01bbd47fc00a2c39e90264f33305004495a9","hash":"6256635bd05e0602163e6f36f04e34f681ed491d"}
}
