TN:
SF:src\App.js
FN:16,App
FN:59,(anonymous_1)
FN:65,(anonymous_2)
FN:90,(anonymous_3)
FN:106,(anonymous_4)
FNF:5
FNH:4
FNDA:34,App
FNDA:14,(anonymous_1)
FNDA:0,(anonymous_2)
FNDA:10,(anonymous_3)
FNDA:34,(anonymous_4)
DA:13,2
DA:14,2
DA:49,34
DA:52,34
DA:54,34
DA:58,34
DA:59,34
DA:60,14
DA:64,34
DA:67,0
DA:68,0
DA:69,0
DA:70,0
DA:71,0
DA:72,0
DA:73,0
DA:87,34
DA:91,10
DA:92,0
DA:94,10
DA:95,10
DA:97,10
DA:98,10
DA:100,0
DA:106,34
DA:115,34
LF:26
LH:17
BRDA:67,0,0,0
BRDA:67,0,1,0
BRDA:68,1,0,0
BRDA:68,1,1,0
BRDA:69,2,0,0
BRDA:69,2,1,0
BRDA:69,2,2,0
BRDA:70,3,0,0
BRDA:70,3,1,0
BRDA:70,3,2,0
BRDA:71,4,0,0
BRDA:71,4,1,0
BRDA:71,4,2,0
BRDA:72,5,0,0
BRDA:72,5,1,0
BRDA:72,5,2,0
BRDA:74,6,0,0
BRDA:74,6,1,0
BRDA:74,6,2,0
BRDA:74,6,3,0
BRDA:91,7,0,0
BRDA:91,7,1,10
BRDA:94,8,0,10
BRDA:94,8,1,0
BRDA:97,9,0,10
BRDA:97,9,1,0
BRDA:124,10,0,10
BRDA:124,10,1,24
BRDA:124,11,0,34
BRDA:124,11,1,34
BRDA:126,12,0,10
BRDA:126,12,1,0
BRF:32
BRH:8
end_of_record
TN:
SF:src\api.js
FN:11,(anonymous_0)
FN:28,(anonymous_1)
FN:50,(anonymous_2)
FN:65,(anonymous_3)
FN:71,(anonymous_4)
FN:78,(anonymous_5)
FN:93,(anonymous_6)
FNF:7
FNH:5
FNDA:0,(anonymous_0)
FNDA:13,(anonymous_1)
FNDA:0,(anonymous_2)
FNDA:5,(anonymous_3)
FNDA:10,(anonymous_4)
FNDA:8,(anonymous_5)
FNDA:2,(anonymous_6)
DA:3,1
DA:11,1
DA:12,0
DA:13,0
DA:14,0
DA:16,0
DA:28,1
DA:30,13
DA:31,2
DA:32,2
DA:33,2
DA:36,11
DA:37,1
DA:38,1
DA:39,1
DA:42,10
DA:43,1
DA:44,1
DA:45,1
DA:48,9
DA:49,1
DA:50,1
DA:53,9
DA:55,9
DA:67,5
DA:68,5
DA:71,10
DA:74,4
DA:75,4
DA:78,4
DA:79,8
DA:80,8
DA:81,7
DA:83,1
DA:88,4
DA:93,9
DA:95,2
DA:96,2
DA:100,3
DA:101,3
LF:40
LH:36
BRDA:3,0,0,1
BRDA:3,0,1,1
BRDA:30,1,0,2
BRDA:30,1,1,11
BRDA:30,2,0,13
BRDA:30,2,1,13
BRDA:30,2,2,12
BRDA:36,3,0,1
BRDA:36,3,1,10
BRDA:36,4,0,11
BRDA:36,4,1,11
BRDA:42,5,0,1
BRDA:42,5,1,9
BRDA:48,6,0,1
BRDA:48,6,1,8
BRDA:68,7,0,1
BRDA:68,7,1,4
BRDA:74,8,0,4
BRDA:74,8,1,3
BRF:19
BRH:19
end_of_record
TN:
SF:src\sectionsInfo.js
FNF:0
FNH:0
DA:3,2
LF:1
LH:1
BRF:0
BRH:0
end_of_record
TN:
SF:src\components\Header.js
FN:5,(anonymous_0)
FN:16,(anonymous_1)
FNF:2
FNH:2
FNDA:14,(anonymous_0)
FNDA:24,(anonymous_1)
DA:5,2
DA:6,14
DA:17,24
LF:3
LH:3
BRDA:17,0,0,15
BRDA:17,0,1,9
BRF:2
BRH:2
end_of_record
TN:
SF:src\components\InfoButton.js
FN:11,(anonymous_0)
FN:14,(anonymous_1)
FN:15,(anonymous_2)
FNF:3
FNH:1
FNDA:60,(anonymous_0)
FNDA:0,(anonymous_1)
FNDA:0,(anonymous_2)
DA:11,2
DA:12,60
DA:14,60
DA:15,60
DA:17,60
LF:5
LH:5
BRF:0
BRH:0
end_of_record
TN:
SF:src\components\InfoModal.js
FN:7,(anonymous_0)
FNF:1
FNH:1
FNDA:60,(anonymous_0)
DA:5,2
DA:7,2
DA:8,60
LF:3
LH:3
BRF:0
BRH:0
end_of_record
TN:
SF:src\components\Sidebar.js
FN:22,Sidebar
FN:37,(anonymous_1)
FN:55,(anonymous_2)
FN:60,(anonymous_3)
FN:60,(anonymous_4)
FN:62,(anonymous_5)
FN:71,(anonymous_6)
FN:88,(anonymous_7)
FN:94,(anonymous_8)
FN:128,(anonymous_9)
FN:140,(anonymous_10)
FNF:11
FNH:8
FNDA:48,Sidebar
FNDA:14,(anonymous_1)
FNDA:30,(anonymous_2)
FNDA:15,(anonymous_3)
FNDA:3,(anonymous_4)
FNDA:15,(anonymous_5)
FNDA:0,(anonymous_6)
FNDA:0,(anonymous_7)
FNDA:0,(anonymous_8)
FNDA:1,(anonymous_9)
FNDA:9,(anonymous_10)
DA:20,2
DA:23,48
DA:26,48
DA:27,48
DA:30,48
DA:31,48
DA:37,48
DA:38,14
DA:39,2
DA:40,2
DA:43,12
DA:44,12
DA:45,30
DA:47,12
DA:48,18
DA:49,18
DA:54,12
DA:55,12
DA:56,30
DA:60,15
DA:61,12
DA:62,15
DA:64,12
DA:71,48
DA:72,0
DA:73,0
DA:74,0
DA:75,0
DA:77,0
DA:78,0
DA:79,0
DA:80,0
DA:82,0
DA:88,48
DA:89,0
DA:93,0
DA:94,0
DA:96,0
DA:97,0
DA:100,0
DA:101,0
DA:103,0
DA:104,0
DA:105,0
DA:106,0
DA:108,0
DA:111,48
DA:128,1
DA:140,9
LF:49
LH:28
BRDA:26,0,0,48
BRDA:26,0,1,28
BRDA:27,1,0,20
BRDA:27,1,1,28
BRDA:30,2,0,48
BRDA:30,2,1,6
BRDA:31,3,0,48
BRDA:31,3,1,6
BRDA:38,4,0,2
BRDA:38,4,1,12
BRDA:38,5,0,14
BRDA:38,5,1,12
BRDA:48,6,0,18
BRDA:48,6,1,12
BRDA:49,7,0,18
BRDA:49,7,1,18
BRDA:56,8,0,30
BRDA:56,8,1,15
BRDA:72,9,0,0
BRDA:72,9,1,0
BRDA:89,10,0,0
BRDA:89,10,1,0
BRDA:96,11,0,0
BRDA:96,11,1,0
BRDA:97,12,0,0
BRDA:97,12,1,0
BRDA:128,13,0,1
BRDA:128,13,1,0
BRDA:130,14,0,10
BRDA:130,14,1,38
BRDA:140,15,0,9
BRDA:140,15,1,0
BRDA:142,16,0,10
BRDA:142,16,1,38
BRDA:147,17,0,48
BRDA:147,17,1,10
BRDA:156,18,0,48
BRDA:156,18,1,0
BRDA:163,19,0,0
BRDA:163,19,1,0
BRDA:163,20,0,0
BRDA:163,20,1,0
BRDA:221,21,0,30
BRDA:221,21,1,18
BRF:44
BRH:29
end_of_record
TN:
SF:src\components\GraphNet-Tab\ConfigurationPanel.js
FN:16,isFeatureComplete
FN:23,(anonymous_1)
FN:36,(anonymous_2)
FN:42,(anonymous_3)
FN:44,(anonymous_4)
FN:51,(anonymous_5)
FN:52,(anonymous_6)
FN:59,(anonymous_7)
FN:60,(anonymous_8)
FN:74,(anonymous_9)
FN:77,(anonymous_10)
FN:78,(anonymous_11)
FN:80,(anonymous_12)
FN:84,(anonymous_13)
FN:85,(anonymous_14)
FN:94,renderFeatureSummary
FN:132,renderEditForm
FN:140,(anonymous_17)
FN:144,(anonymous_18)
FN:158,(anonymous_19)
FN:162,(anonymous_20)
FN:176,(anonymous_21)
FN:192,(anonymous_22)
FN:208,(anonymous_23)
FN:226,(anonymous_24)
FN:245,(anonymous_25)
FN:264,(anonymous_26)
FN:283,(anonymous_27)
FN:306,(anonymous_28)
FN:320,(anonymous_29)
FN:335,(anonymous_30)
FN:354,(anonymous_31)
FN:406,(anonymous_32)
FN:413,(anonymous_33)
FN:429,(anonymous_34)
FN:433,(anonymous_35)
FN:486,(anonymous_36)
FN:498,(anonymous_37)
FN:507,(anonymous_38)
FN:523,(anonymous_39)
FN:559,(anonymous_40)
FNF:41
FNH:5
FNDA:0,isFeatureComplete
FNDA:3,(anonymous_1)
FNDA:6,(anonymous_2)
FNDA:3,(anonymous_3)
FNDA:0,(anonymous_4)
FNDA:0,(anonymous_5)
FNDA:0,(anonymous_6)
FNDA:0,(anonymous_7)
FNDA:0,(anonymous_8)
FNDA:0,(anonymous_9)
FNDA:0,(anonymous_10)
FNDA:0,(anonymous_11)
FNDA:0,(anonymous_12)
FNDA:0,(anonymous_13)
FNDA:0,(anonymous_14)
FNDA:0,renderFeatureSummary
FNDA:0,renderEditForm
FNDA:0,(anonymous_17)
FNDA:0,(anonymous_18)
FNDA:0,(anonymous_19)
FNDA:0,(anonymous_20)
FNDA:0,(anonymous_21)
FNDA:0,(anonymous_22)
FNDA:0,(anonymous_23)
FNDA:0,(anonymous_24)
FNDA:0,(anonymous_25)
FNDA:0,(anonymous_26)
FNDA:0,(anonymous_27)
FNDA:0,(anonymous_28)
FNDA:0,(anonymous_29)
FNDA:0,(anonymous_30)
FNDA:0,(anonymous_31)
FNDA:12,(anonymous_32)
FNDA:0,(anonymous_33)
FNDA:0,(anonymous_34)
FNDA:12,(anonymous_35)
FNDA:0,(anonymous_36)
FNDA:0,(anonymous_37)
FNDA:0,(anonymous_38)
FNDA:0,(anonymous_39)
FNDA:0,(anonymous_40)
DA:17,0
DA:18,0
DA:19,0
DA:20,0
DA:23,1
DA:35,3
DA:36,6
DA:40,3
DA:42,3
DA:43,3
DA:44,0
DA:51,3
DA:52,0
DA:53,0
DA:54,0
DA:55,0
DA:59,3
DA:60,0
DA:74,0
DA:77,3
DA:78,0
DA:79,0
DA:80,0
DA:81,0
DA:84,3
DA:85,0
DA:86,0
DA:87,0
DA:89,0
DA:91,0
DA:104,0
DA:106,0
DA:133,0
DA:140,0
DA:145,0
DA:158,0
DA:163,0
DA:176,0
DA:193,0
DA:209,0
DA:227,0
DA:246,0
DA:265,0
DA:284,0
DA:307,0
DA:321,0
DA:336,0
DA:355,0
DA:374,3
DA:407,12
DA:413,0
DA:429,0
DA:434,12
DA:487,0
DA:488,0
DA:490,0
DA:498,0
DA:507,0
DA:523,0
DA:559,0
LF:60
LH:13
BRDA:18,0,0,0
BRDA:18,0,1,0
BRDA:18,1,0,0
BRDA:18,1,1,0
BRDA:18,1,2,0
BRDA:19,2,0,0
BRDA:19,2,1,0
BRDA:19,3,0,0
BRDA:19,3,1,0
BRDA:43,4,0,0
BRDA:43,4,1,3
BRDA:86,5,0,0
BRDA:86,5,1,0
BRDA:113,6,0,0
BRDA:113,6,1,0
BRDA:118,7,0,0
BRDA:118,7,1,0
BRDA:123,8,0,0
BRDA:123,8,1,0
BRDA:185,9,0,0
BRDA:185,9,1,0
BRDA:219,10,0,0
BRDA:219,10,1,0
BRDA:225,11,0,0
BRDA:225,11,1,0
BRDA:238,12,0,0
BRDA:238,12,1,0
BRDA:244,13,0,0
BRDA:244,13,1,0
BRDA:256,14,0,0
BRDA:256,14,1,0
BRDA:263,15,0,0
BRDA:263,15,1,0
BRDA:282,16,0,0
BRDA:282,16,1,0
BRDA:286,17,0,0
BRDA:286,17,1,0
BRDA:299,18,0,0
BRDA:299,18,1,0
BRDA:334,19,0,0
BRDA:334,19,1,0
BRDA:347,20,0,0
BRDA:347,20,1,0
BRDA:353,21,0,0
BRDA:353,21,1,0
BRDA:453,22,0,3
BRDA:453,22,1,0
BRDA:503,23,0,0
BRDA:503,23,1,0
BRDA:503,23,2,0
BRDA:514,24,0,0
BRDA:514,24,1,0
BRDA:514,24,2,0
BRDA:516,25,0,0
BRDA:516,25,1,0
BRDA:526,26,0,0
BRDA:526,26,1,0
BRDA:560,27,0,3
BRDA:560,27,1,3
BRDA:562,28,0,0
BRDA:562,28,1,3
BRF:61
BRH:5
end_of_record
TN:
SF:src\components\GraphNet-Tab\FileUploader.js
FN:7,(anonymous_0)
FN:8,(anonymous_1)
FN:15,(anonymous_2)
FN:20,(anonymous_3)
FNF:4
FNH:1
FNDA:3,(anonymous_0)
FNDA:0,(anonymous_1)
FNDA:0,(anonymous_2)
FNDA:0,(anonymous_3)
DA:7,1
DA:8,3
DA:9,0
DA:10,0
DA:12,0
DA:16,0
DA:17,0
DA:18,0
DA:21,0
DA:22,0
DA:27,3
DA:35,3
LF:12
LH:4
BRDA:9,0,0,0
BRDA:9,0,1,0
BRDA:46,1,0,0
BRDA:46,1,1,3
BRDA:49,2,0,0
BRDA:49,2,1,3
BRF:6
BRH:2
end_of_record
TN:
SF:src\components\GraphNet-Tab\GraphNet.js
FN:18,GraphNet
FN:49,(anonymous_1)
FN:51,(anonymous_2)
FN:56,(anonymous_3)
FN:57,(anonymous_4)
FN:60,(anonymous_5)
FN:65,(anonymous_6)
FN:74,(anonymous_7)
FN:95,(anonymous_8)
FNF:9
FNH:3
FNDA:3,GraphNet
FNDA:0,(anonymous_1)
FNDA:0,(anonymous_2)
FNDA:0,(anonymous_3)
FNDA:0,(anonymous_4)
FNDA:3,(anonymous_5)
FNDA:0,(anonymous_6)
FNDA:3,(anonymous_7)
FNDA:0,(anonymous_8)
DA:13,1
DA:14,1
DA:15,1
DA:16,1
DA:17,1
DA:44,3
DA:46,3
DA:49,3
DA:51,3
DA:52,0
DA:53,0
DA:56,3
DA:57,3
DA:60,3
DA:65,0
DA:74,3
DA:83,3
DA:95,0
LF:18
LH:14
BRDA:65,0,0,3
BRDA:65,0,1,3
BRDA:88,1,0,3
BRDA:88,1,1,3
BRDA:92,2,0,3
BRDA:92,2,1,3
BRDA:92,2,2,0
BRDA:101,3,0,3
BRDA:101,3,1,3
BRDA:101,3,2,3
BRDA:114,4,0,3
BRDA:114,4,1,3
BRDA:116,5,0,3
BRDA:116,5,1,0
BRDA:125,6,0,3
BRDA:125,6,1,0
BRDA:125,6,2,0
BRF:17
BRH:13
end_of_record
TN:
SF:src\components\GraphNet-Tab\NodeEditModal.js
FN:6,(anonymous_0)
FN:10,(anonymous_1)
FN:17,(anonymous_2)
FN:38,(anonymous_3)
FNF:4
FNH:0
FNDA:0,(anonymous_0)
FNDA:0,(anonymous_1)
FNDA:0,(anonymous_2)
FNDA:0,(anonymous_3)
DA:4,1
DA:6,1
DA:7,0
DA:8,0
DA:10,0
DA:11,0
DA:12,0
DA:13,0
DA:17,0
DA:18,0
DA:19,0
DA:22,0
DA:38,0
LF:13
LH:2
BRDA:7,0,0,0
BRDA:7,0,1,0
BRDA:8,1,0,0
BRDA:8,1,1,0
BRDA:11,2,0,0
BRDA:11,2,1,0
BRDA:12,3,0,0
BRDA:12,3,1,0
BRDA:13,4,0,0
BRDA:13,4,1,0
BRF:10
BRH:0
end_of_record
TN:
SF:src\components\GraphNet-Tab\ReactFlowWrapper.js
FN:4,(anonymous_0)
FNF:1
FNH:1
FNDA:3,(anonymous_0)
DA:4,1
DA:12,3
LF:2
LH:2
BRF:0
BRH:0
end_of_record
TN:
SF:src\components\GraphNet-Tab\RelationshipModal.js
FN:6,(anonymous_0)
FN:9,(anonymous_1)
FN:30,(anonymous_2)
FNF:3
FNH:0
FNDA:0,(anonymous_0)
FNDA:0,(anonymous_1)
FNDA:0,(anonymous_2)
DA:4,1
DA:6,1
DA:7,0
DA:9,0
DA:10,0
DA:11,0
DA:14,0
DA:30,0
LF:8
LH:2
BRF:0
BRH:0
end_of_record
TN:
SF:src\components\Training-Tab\MetricsVisualizer.js
FN:39,(anonymous_0)
FN:52,(anonymous_1)
FN:55,(anonymous_2)
FN:84,(anonymous_3)
FN:87,(anonymous_4)
FN:116,(anonymous_5)
FN:126,(anonymous_6)
FN:160,(anonymous_7)
FN:180,(anonymous_8)
FN:199,(anonymous_9)
FN:202,(anonymous_10)
FNF:11
FNH:7
FNDA:11,(anonymous_0)
FNDA:9,(anonymous_1)
FNDA:134,(anonymous_2)
FNDA:9,(anonymous_3)
FNDA:134,(anonymous_4)
FNDA:6,(anonymous_5)
FNDA:18,(anonymous_6)
FNDA:0,(anonymous_7)
FNDA:0,(anonymous_8)
FNDA:0,(anonymous_9)
FNDA:0,(anonymous_10)
DA:19,3
DA:39,3
DA:41,11
DA:44,11
DA:45,1
DA:52,10
DA:54,9
DA:55,134
DA:57,9
DA:84,10
DA:86,9
DA:87,134
DA:89,9
DA:116,10
DA:118,6
DA:119,0
DA:122,6
DA:123,6
DA:126,6
DA:127,18
DA:128,18
DA:131,6
DA:144,10
DA:160,0
DA:172,10
DA:180,0
DA:187,10
DA:200,0
DA:201,0
DA:202,0
DA:203,0
DA:204,0
DA:212,10
DA:213,10
DA:214,10
DA:216,10
LF:36
LH:28
BRDA:44,0,0,1
BRDA:44,0,1,10
BRDA:54,1,0,9
BRDA:54,1,1,0
BRDA:55,2,0,9
BRDA:55,2,1,0
BRDA:62,3,0,9
BRDA:62,3,1,0
BRDA:70,4,0,9
BRDA:70,4,1,0
BRDA:86,5,0,9
BRDA:86,5,1,0
BRDA:87,6,0,9
BRDA:87,6,1,0
BRDA:94,7,0,9
BRDA:94,7,1,0
BRDA:102,8,0,9
BRDA:102,8,1,0
BRDA:118,9,0,0
BRDA:118,9,1,6
BRDA:200,10,0,0
BRDA:200,10,1,0
BRDA:201,11,0,0
BRDA:201,11,1,0
BRDA:212,12,0,10
BRDA:212,12,1,10
BRDA:213,13,0,10
BRDA:213,13,1,10
BRDA:214,14,0,10
BRDA:214,14,1,6
BRDA:222,15,0,10
BRDA:222,15,1,9
BRDA:232,16,0,10
BRDA:232,16,1,9
BRDA:251,17,0,10
BRDA:251,17,1,6
BRDA:258,18,0,10
BRDA:258,18,1,6
BRDA:265,19,0,10
BRDA:265,19,1,6
BRDA:272,20,0,10
BRDA:272,20,1,7
BRDA:282,21,0,10
BRDA:282,21,1,6
BRDA:292,22,0,10
BRDA:292,22,1,6
BRF:46
BRH:33
end_of_record
TN:
SF:src\components\Training-Tab\TrainingTab.js
FN:13,(anonymous_0)
FN:21,(anonymous_1)
FN:23,(anonymous_2)
FN:28,(anonymous_3)
FN:41,(anonymous_4)
FN:58,(anonymous_5)
FN:69,(anonymous_6)
FN:74,(anonymous_7)
FN:101,(anonymous_8)
FN:132,(anonymous_9)
FN:140,(anonymous_10)
FN:149,(anonymous_11)
FN:165,(anonymous_12)
FN:174,(anonymous_13)
FN:177,(anonymous_14)
FN:186,(anonymous_15)
FN:220,(anonymous_16)
FN:227,(anonymous_17)
FN:243,(anonymous_18)
FN:276,(anonymous_19)
FN:291,(anonymous_20)
FN:335,(anonymous_21)
FN:366,(anonymous_22)
FN:375,(anonymous_23)
FN:427,(anonymous_24)
FN:442,(anonymous_25)
FN:694,(anonymous_26)
FNF:27
FNH:24
FNDA:72,(anonymous_0)
FNDA:30,(anonymous_1)
FNDA:30,(anonymous_2)
FNDA:65,(anonymous_3)
FNDA:65,(anonymous_4)
FNDA:55,(anonymous_5)
FNDA:86,(anonymous_6)
FNDA:86,(anonymous_7)
FNDA:62,(anonymous_8)
FNDA:33,(anonymous_9)
FNDA:69,(anonymous_10)
FNDA:0,(anonymous_11)
FNDA:0,(anonymous_12)
FNDA:3,(anonymous_13)
FNDA:3,(anonymous_14)
FNDA:6,(anonymous_15)
FNDA:3,(anonymous_16)
FNDA:0,(anonymous_17)
FNDA:1,(anonymous_18)
FNDA:1,(anonymous_19)
FNDA:49,(anonymous_20)
FNDA:49,(anonymous_21)
FNDA:49,(anonymous_22)
FNDA:49,(anonymous_23)
FNDA:86,(anonymous_24)
FNDA:49,(anonymous_25)
FNDA:2,(anonymous_26)
DA:13,3
DA:15,72
DA:16,72
DA:17,72
DA:18,72
DA:21,72
DA:22,30
DA:23,30
DA:24,30
DA:28,72
DA:29,65
DA:33,72
DA:36,72
DA:41,72
DA:42,65
DA:47,8
DA:55,57
DA:56,57
DA:57,57
DA:59,55
DA:63,57
DA:64,57
DA:65,43
DA:70,86
DA:74,86
DA:78,57
DA:91,72
DA:101,72
DA:106,72
DA:118,72
DA:120,72
DA:121,72
DA:122,72
DA:125,72
DA:128,72
DA:132,72
DA:133,33
DA:134,33
DA:135,33
DA:140,72
DA:141,69
DA:142,54
DA:149,72
DA:150,0
DA:152,0
DA:153,0
DA:154,0
DA:156,0
DA:157,0
DA:158,0
DA:160,0
DA:162,0
DA:165,0
DA:174,72
DA:175,3
DA:177,3
DA:186,72
DA:188,6
DA:189,0
DA:190,0
DA:194,6
DA:195,6
DA:196,6
DA:197,6
DA:204,6
DA:213,6
DA:214,0
DA:215,6
DA:216,0
DA:220,6
DA:222,3
DA:224,1
DA:227,0
DA:230,1
DA:232,2
DA:233,0
DA:234,2
DA:235,2
DA:236,2
DA:237,0
DA:238,0
DA:243,6
DA:244,1
DA:246,1
DA:247,1
DA:248,1
DA:249,1
DA:250,0
DA:251,0
DA:253,0
DA:254,0
DA:256,1
DA:257,1
DA:260,6
DA:262,6
DA:269,0
DA:276,72
DA:277,1
DA:278,1
DA:279,1
DA:280,1
DA:291,72
DA:292,49
DA:294,2
DA:311,2
DA:328,45
DA:335,72
DA:336,49
DA:338,3
DA:366,72
DA:367,49
DA:369,3
DA:375,72
DA:378,49
DA:385,49
DA:386,49
DA:395,0
DA:405,49
DA:428,86
DA:442,72
DA:443,49
DA:475,72
DA:476,15
DA:485,57
DA:492,57
DA:493,8
DA:512,49
DA:695,2
LF:128
LH:104
BRDA:17,0,0,72
BRDA:17,0,1,57
BRDA:18,1,0,72
BRDA:18,1,1,0
BRDA:36,2,0,17
BRDA:36,2,1,55
BRDA:42,3,0,8
BRDA:42,3,1,57
BRDA:43,4,0,65
BRDA:43,4,1,65
BRDA:43,4,2,65
BRDA:59,5,0,55
BRDA:59,5,1,43
BRDA:59,5,2,43
BRDA:64,6,0,43
BRDA:64,6,1,14
BRDA:70,7,0,86
BRDA:70,7,1,86
BRDA:70,7,2,86
BRDA:83,8,0,55
BRDA:83,8,1,2
BRDA:91,9,0,49
BRDA:91,9,1,23
BRDA:91,10,0,72
BRDA:91,10,1,72
BRDA:91,10,2,72
BRDA:91,10,3,57
BRDA:91,10,4,49
BRDA:120,11,0,72
BRDA:120,11,1,15
BRDA:141,12,0,54
BRDA:141,12,1,15
BRDA:153,13,0,0
BRDA:153,13,1,0
BRDA:153,14,0,0
BRDA:153,14,1,0
BRDA:153,14,2,0
BRDA:153,14,3,0
BRDA:156,15,0,0
BRDA:156,15,1,0
BRDA:156,16,0,0
BRDA:156,16,1,0
BRDA:157,17,0,0
BRDA:157,17,1,0
BRDA:157,18,0,0
BRDA:157,18,1,0
BRDA:160,19,0,0
BRDA:160,19,1,0
BRDA:160,20,0,0
BRDA:160,20,1,0
BRDA:162,21,0,0
BRDA:162,21,1,0
BRDA:162,22,0,0
BRDA:162,22,1,0
BRDA:188,23,0,0
BRDA:188,23,1,6
BRDA:188,24,0,6
BRDA:188,24,1,6
BRDA:188,24,2,6
BRDA:213,25,0,0
BRDA:213,25,1,6
BRDA:215,26,0,0
BRDA:215,26,1,6
BRDA:222,27,0,1
BRDA:222,27,1,2
BRDA:222,28,0,3
BRDA:222,28,1,1
BRDA:224,29,0,1
BRDA:224,29,1,0
BRDA:225,30,0,1
BRDA:225,30,1,1
BRDA:232,31,0,0
BRDA:232,31,1,2
BRDA:234,32,0,2
BRDA:234,32,1,0
BRDA:237,33,0,0
BRDA:237,33,1,0
BRDA:247,34,0,1
BRDA:247,34,1,0
BRDA:247,35,0,1
BRDA:247,35,1,1
BRDA:248,36,0,1
BRDA:248,36,1,0
BRDA:250,37,0,0
BRDA:250,37,1,0
BRDA:250,38,0,0
BRDA:250,38,1,0
BRDA:250,38,2,0
BRDA:253,39,0,0
BRDA:253,39,1,0
BRDA:277,40,0,1
BRDA:277,40,1,0
BRDA:292,41,0,2
BRDA:292,41,1,2
BRDA:292,41,2,45
BRDA:336,42,0,46
BRDA:336,42,1,3
BRDA:346,43,0,3
BRDA:346,43,1,3
BRDA:352,44,0,3
BRDA:352,44,1,3
BRDA:367,45,0,46
BRDA:367,45,1,3
BRDA:378,46,0,49
BRDA:378,46,1,49
BRDA:378,46,2,49
BRDA:378,46,3,49
BRDA:378,46,4,49
BRDA:385,47,0,49
BRDA:385,47,1,0
BRDA:411,48,0,49
BRDA:411,48,1,0
BRDA:415,49,0,49
BRDA:415,49,1,0
BRDA:419,50,0,49
BRDA:419,50,1,0
BRDA:419,51,0,43
BRDA:419,51,1,6
BRDA:426,52,0,43
BRDA:426,52,1,6
BRDA:426,53,0,49
BRDA:426,53,1,49
BRDA:426,53,2,49
BRDA:447,54,0,49
BRDA:447,54,1,0
BRDA:451,55,0,43
BRDA:451,55,1,6
BRDA:451,56,0,49
BRDA:451,56,1,49
BRDA:455,57,0,3
BRDA:455,57,1,46
BRDA:460,58,0,49
BRDA:460,58,1,0
BRDA:465,59,0,49
BRDA:465,59,1,49
BRDA:465,59,2,6
BRDA:475,60,0,15
BRDA:475,60,1,57
BRDA:475,61,0,72
BRDA:475,61,1,72
BRDA:475,61,2,72
BRDA:475,61,3,72
BRDA:485,62,0,57
BRDA:485,62,1,57
BRDA:485,62,2,57
BRDA:485,62,3,57
BRDA:485,62,4,49
BRDA:492,63,0,8
BRDA:492,63,1,49
BRDA:525,64,0,49
BRDA:525,64,1,0
BRDA:525,65,0,49
BRDA:525,65,1,49
BRDA:537,66,0,49
BRDA:537,66,1,0
BRDA:537,67,0,49
BRDA:537,67,1,49
BRDA:646,68,0,49
BRDA:646,68,1,46
BRDA:648,69,0,3
BRDA:648,69,1,46
BRDA:650,70,0,6
BRDA:650,70,1,40
BRDA:667,71,0,49
BRDA:667,71,1,6
BRDA:680,72,0,49
BRDA:680,72,1,1
BRDA:691,73,0,47
BRDA:691,73,1,2
BRDA:701,74,0,2
BRDA:701,74,1,0
BRF:171
BRH:121
end_of_record
TN:
SF:src\context\GraphDataContext.js
FN:6,graphReplacer
FN:14,graphReviver
FN:35,graphReducer
FN:63,GraphDataProvider
FN:65,(anonymous_4)
FN:96,(anonymous_5)
FN:102,(anonymous_6)
FN:104,(anonymous_7)
FN:124,(anonymous_8)
FN:132,(anonymous_9)
FN:141,(anonymous_10)
FN:160,(anonymous_11)
FN:171,(anonymous_12)
FN:175,(anonymous_13)
FN:188,(anonymous_14)
FN:194,(anonymous_15)
FN:209,(anonymous_16)
FN:215,(anonymous_17)
FN:221,(anonymous_18)
FN:227,(anonymous_19)
FN:234,(anonymous_20)
FN:245,(anonymous_21)
FN:256,(anonymous_22)
FN:269,(anonymous_23)
FN:284,(anonymous_24)
FN:290,(anonymous_25)
FN:301,(anonymous_26)
FN:308,(anonymous_27)
FN:336,useGraphData
FN:350,useGraphActions
FNF:30
FNH:28
FNDA:2650,graphReplacer
FNDA:522,graphReviver
FNDA:66,graphReducer
FNDA:233,GraphDataProvider
FNDA:75,(anonymous_4)
FNDA:138,(anonymous_5)
FNDA:138,(anonymous_6)
FNDA:138,(anonymous_7)
FNDA:75,(anonymous_8)
FNDA:75,(anonymous_9)
FNDA:0,(anonymous_10)
FNDA:75,(anonymous_11)
FNDA:99,(anonymous_12)
FNDA:1,(anonymous_13)
FNDA:99,(anonymous_14)
FNDA:70,(anonymous_15)
FNDA:14,(anonymous_16)
FNDA:1,(anonymous_17)
FNDA:1,(anonymous_18)
FNDA:13,(anonymous_19)
FNDA:2,(anonymous_20)
FNDA:39,(anonymous_21)
FNDA:0,(anonymous_22)
FNDA:1,(anonymous_23)
FNDA:10,(anonymous_24)
FNDA:10,(anonymous_25)
FNDA:138,(anonymous_26)
FNDA:75,(anonymous_27)
FNDA:237,useGraphData
FNDA:202,useGraphActions
DA:8,2650
DA:9,2650
DA:10,2650
DA:11,2650
DA:16,522
DA:21,5
DA:23,5
DA:36,66
DA:38,11
DA:40,1
DA:42,1
DA:44,13
DA:46,2
DA:48,38
DA:50,0
DA:52,0
DA:58,5
DA:59,5
DA:65,233
DA:66,75
DA:67,75
DA:68,75
DA:69,53
DA:71,53
DA:72,53
DA:73,53
DA:74,51
DA:75,2
DA:76,2
DA:79,53
DA:80,53
DA:84,0
DA:86,22
DA:89,233
DA:92,233
DA:95,233
DA:96,233
DA:97,138
DA:101,233
DA:102,233
DA:104,138
DA:105,138
DA:107,138
DA:109,138
DA:114,138
DA:115,138
DA:117,0
DA:119,138
DA:124,233
DA:125,75
DA:130,233
DA:132,233
DA:133,75
DA:134,75
DA:136,0
DA:137,0
DA:138,0
DA:141,75
DA:142,0
DA:143,0
DA:144,0
DA:146,0
DA:147,0
DA:150,0
DA:155,75
DA:156,75
DA:157,75
DA:160,75
DA:161,75
DA:162,75
DA:163,75
DA:171,233
DA:173,99
DA:174,99
DA:175,99
DA:176,1
DA:177,1
DA:178,1
DA:179,1
DA:180,1
DA:183,0
DA:187,99
DA:188,99
DA:189,99
DA:194,233
DA:195,70
DA:196,70
DA:197,70
DA:202,0
DA:209,233
DA:210,14
DA:211,14
DA:212,14
DA:215,233
DA:216,1
DA:217,1
DA:218,1
DA:221,233
DA:222,1
DA:223,1
DA:224,1
DA:227,233
DA:228,13
DA:229,13
DA:230,13
DA:234,233
DA:235,2
DA:241,2
DA:242,2
DA:245,233
DA:246,39
DA:252,39
DA:253,39
DA:256,233
DA:257,0
DA:263,0
DA:264,0
DA:269,233
DA:271,1
DA:272,1
DA:273,0
DA:275,1
DA:284,233
DA:286,10
DA:290,233
DA:292,10
DA:301,233
DA:308,233
DA:319,233
DA:337,237
DA:338,237
DA:339,0
DA:342,237
DA:351,202
DA:352,202
DA:353,0
DA:355,202
LF:137
LH:116
BRDA:8,0,0,0
BRDA:8,0,1,2650
BRDA:9,1,0,0
BRDA:9,1,1,2650
BRDA:9,2,0,2650
BRDA:9,2,1,2650
BRDA:10,3,0,0
BRDA:10,3,1,2650
BRDA:10,4,0,2650
BRDA:10,4,1,2336
BRDA:36,5,0,11
BRDA:36,5,1,1
BRDA:36,5,2,1
BRDA:36,5,3,13
BRDA:36,5,4,2
BRDA:36,5,5,38
BRDA:36,5,6,0
BRDA:36,5,7,0
BRDA:46,6,0,2
BRDA:46,6,1,0
BRDA:68,7,0,53
BRDA:68,7,1,22
BRDA:72,8,0,53
BRDA:72,8,1,0
BRDA:73,9,0,51
BRDA:73,9,1,2
BRDA:75,10,0,2
BRDA:75,10,1,0
BRDA:79,11,0,53
BRDA:79,11,1,0
BRDA:79,12,0,53
BRDA:79,12,1,53
BRDA:79,12,2,53
BRDA:111,13,0,138
BRDA:111,13,1,0
BRDA:112,14,0,138
BRDA:112,14,1,0
BRDA:119,15,0,138
BRDA:119,15,1,0
BRDA:142,16,0,0
BRDA:142,16,1,0
BRDA:146,17,0,0
BRDA:146,17,1,0
BRDA:146,18,0,0
BRDA:146,18,1,0
BRDA:146,18,2,0
BRDA:156,19,0,75
BRDA:156,19,1,0
BRDA:161,20,0,75
BRDA:161,20,1,0
BRDA:173,21,0,0
BRDA:173,21,1,99
BRDA:176,22,0,1
BRDA:176,22,1,0
BRDA:179,23,0,1
BRDA:179,23,1,0
BRDA:179,24,0,1
BRDA:179,24,1,0
BRDA:179,24,2,0
BRDA:189,25,0,97
BRDA:189,25,1,2
BRDA:195,26,0,0
BRDA:195,26,1,70
BRDA:237,27,0,2
BRDA:237,27,1,0
BRDA:272,28,0,0
BRDA:272,28,1,1
BRDA:272,29,0,1
BRDA:272,29,1,1
BRDA:272,29,2,1
BRDA:272,29,3,0
BRDA:276,30,0,1
BRDA:276,30,1,0
BRDA:277,31,0,1
BRDA:277,31,1,0
BRDA:286,32,0,10
BRDA:286,32,1,0
BRDA:293,33,0,10
BRDA:293,33,1,10
BRDA:293,33,2,10
BRDA:293,33,3,10
BRDA:293,33,4,10
BRDA:322,34,0,75
BRDA:322,34,1,158
BRDA:338,35,0,0
BRDA:338,35,1,237
BRDA:344,36,0,237
BRDA:344,36,1,0
BRDA:345,37,0,237
BRDA:345,37,1,0
BRDA:346,38,0,53
BRDA:346,38,1,184
BRDA:352,39,0,0
BRDA:352,39,1,202
BRF:94
BRH:57
end_of_record
TN:
SF:src\hooks\useGraph.js
FN:11,(anonymous_0)
FN:45,(anonymous_1)
FN:62,(anonymous_2)
FN:63,(anonymous_3)
FN:66,(anonymous_4)
FN:67,(anonymous_5)
FN:69,(anonymous_6)
FN:71,(anonymous_7)
FN:73,(anonymous_8)
FN:73,(anonymous_9)
FN:74,(anonymous_10)
FN:74,(anonymous_11)
FN:77,(anonymous_12)
FN:81,(anonymous_13)
FN:97,(anonymous_14)
FN:102,(anonymous_15)
FN:110,(anonymous_16)
FN:112,(anonymous_17)
FN:128,(anonymous_18)
FN:133,(anonymous_19)
FN:134,(anonymous_20)
FN:135,(anonymous_21)
FN:148,(anonymous_22)
FN:149,(anonymous_23)
FN:168,(anonymous_24)
FN:210,(anonymous_25)
FN:221,(anonymous_26)
FN:224,(anonymous_27)
FN:228,(anonymous_28)
FN:250,(anonymous_29)
FN:260,(anonymous_30)
FN:263,(anonymous_31)
FN:273,(anonymous_32)
FN:278,(anonymous_33)
FN:285,(anonymous_34)
FN:374,(anonymous_35)
FN:388,(anonymous_36)
FN:401,(anonymous_37)
FN:405,(anonymous_38)
FN:409,(anonymous_39)
FNF:40
FNH:19
FNDA:115,(anonymous_0)
FNDA:12,(anonymous_1)
FNDA:1,(anonymous_2)
FNDA:1,(anonymous_3)
FNDA:11,(anonymous_4)
FNDA:0,(anonymous_5)
FNDA:0,(anonymous_6)
FNDA:0,(anonymous_7)
FNDA:0,(anonymous_8)
FNDA:0,(anonymous_9)
FNDA:0,(anonymous_10)
FNDA:0,(anonymous_11)
FNDA:11,(anonymous_12)
FNDA:0,(anonymous_13)
FNDA:0,(anonymous_14)
FNDA:0,(anonymous_15)
FNDA:0,(anonymous_16)
FNDA:0,(anonymous_17)
FNDA:0,(anonymous_18)
FNDA:0,(anonymous_19)
FNDA:0,(anonymous_20)
FNDA:0,(anonymous_21)
FNDA:0,(anonymous_22)
FNDA:0,(anonymous_23)
FNDA:12,(anonymous_24)
FNDA:115,(anonymous_25)
FNDA:114,(anonymous_26)
FNDA:98,(anonymous_27)
FNDA:98,(anonymous_28)
FNDA:115,(anonymous_29)
FNDA:115,(anonymous_30)
FNDA:115,(anonymous_31)
FNDA:0,(anonymous_32)
FNDA:0,(anonymous_33)
FNDA:0,(anonymous_34)
FNDA:60,(anonymous_35)
FNDA:60,(anonymous_36)
FNDA:16,(anonymous_37)
FNDA:12,(anonymous_38)
FNDA:12,(anonymous_39)
DA:11,2
DA:13,115
DA:14,115
DA:17,115
DA:18,115
DA:19,115
DA:26,115
DA:27,115
DA:28,115
DA:31,115
DA:32,115
DA:34,115
DA:35,115
DA:37,115
DA:38,115
DA:40,115
DA:41,115
DA:45,115
DA:46,12
DA:47,12
DA:49,12
DA:55,12
DA:56,12
DA:57,12
DA:58,12
DA:59,12
DA:62,115
DA:63,1
DA:66,115
DA:67,11
DA:68,11
DA:69,0
DA:71,0
DA:73,0
DA:74,0
DA:76,11
DA:77,11
DA:81,11
DA:97,115
DA:98,0
DA:99,0
DA:102,115
DA:103,0
DA:105,0
DA:110,0
DA:112,0
DA:124,0
DA:125,0
DA:128,115
DA:129,0
DA:130,0
DA:133,115
DA:134,0
DA:135,0
DA:136,0
DA:137,0
DA:143,0
DA:145,0
DA:148,0
DA:149,0
DA:150,0
DA:151,0
DA:158,0
DA:162,0
DA:163,0
DA:168,115
DA:169,12
DA:170,1
DA:171,1
DA:174,11
DA:175,11
DA:177,11
DA:178,11
DA:188,11
DA:190,10
DA:191,9
DA:192,9
DA:193,9
DA:195,1
DA:196,1
DA:199,1
DA:200,1
DA:201,1
DA:203,11
DA:210,115
DA:211,115
DA:212,115
DA:214,115
DA:219,115
DA:220,115
DA:221,115
DA:222,115
DA:223,115
DA:224,98
DA:227,115
DA:229,98
DA:230,98
DA:235,115
DA:239,115
DA:250,115
DA:251,115
DA:252,115
DA:255,115
DA:256,115
DA:260,115
DA:263,115
DA:264,115
DA:265,115
DA:266,58
DA:267,50
DA:268,44
DA:273,115
DA:274,0
DA:275,0
DA:276,0
DA:278,0
DA:285,0
DA:293,0
DA:295,0
DA:297,0
DA:298,0
DA:300,0
DA:301,0
DA:304,0
DA:310,0
DA:311,0
DA:315,0
DA:317,0
DA:319,0
DA:321,0
DA:322,0
DA:328,115
DA:374,60
DA:390,60
DA:392,60
DA:393,60
DA:398,60
DA:399,60
DA:400,60
DA:401,16
DA:403,60
DA:404,60
DA:405,12
DA:408,60
DA:410,12
DA:411,12
DA:416,60
DA:421,60
DA:425,60
LF:149
LH:103
BRDA:68,0,0,0
BRDA:68,0,1,11
BRDA:74,1,0,0
BRDA:74,1,1,0
BRDA:103,2,0,0
BRDA:103,2,1,0
BRDA:119,3,0,0
BRDA:119,3,1,0
BRDA:136,4,0,0
BRDA:136,4,1,0
BRDA:139,5,0,0
BRDA:139,5,1,0
BRDA:140,6,0,0
BRDA:140,6,1,0
BRDA:150,7,0,0
BRDA:150,7,1,0
BRDA:153,8,0,0
BRDA:153,8,1,0
BRDA:154,9,0,0
BRDA:154,9,1,0
BRDA:155,10,0,0
BRDA:155,10,1,0
BRDA:169,11,0,1
BRDA:169,11,1,11
BRDA:169,12,0,12
BRDA:169,12,1,11
BRDA:182,13,0,0
BRDA:182,13,1,11
BRDA:185,14,0,11
BRDA:185,14,1,0
BRDA:190,15,0,9
BRDA:190,15,1,1
BRDA:200,16,0,1
BRDA:200,16,1,0
BRDA:211,17,0,115
BRDA:211,17,1,0
BRDA:212,18,0,115
BRDA:212,18,1,0
BRDA:214,19,0,115
BRDA:214,19,1,0
BRDA:216,20,0,0
BRDA:216,20,1,0
BRDA:221,21,0,114
BRDA:221,21,1,114
BRDA:221,21,2,98
BRDA:223,22,0,50
BRDA:223,22,1,65
BRDA:227,23,0,50
BRDA:227,23,1,65
BRDA:229,24,0,98
BRDA:229,24,1,98
BRDA:235,25,0,113
BRDA:235,25,1,2
BRDA:252,26,0,115
BRDA:252,26,1,58
BRDA:252,26,2,50
BRDA:264,27,0,0
BRDA:264,27,1,115
BRDA:265,28,0,57
BRDA:265,28,1,58
BRDA:266,29,0,8
BRDA:266,29,1,50
BRDA:267,30,0,6
BRDA:267,30,1,44
BRDA:275,31,0,0
BRDA:275,31,1,0
BRDA:276,32,0,0
BRDA:276,32,1,0
BRDA:280,33,0,0
BRDA:280,33,1,0
BRDA:280,34,0,0
BRDA:280,34,1,0
BRDA:281,35,0,0
BRDA:281,35,1,0
BRDA:282,36,0,0
BRDA:282,36,1,0
BRDA:288,37,0,0
BRDA:288,37,1,0
BRDA:288,37,2,0
BRDA:297,38,0,0
BRDA:297,38,1,0
BRDA:310,39,0,0
BRDA:310,39,1,0
BRDA:310,40,0,0
BRDA:310,40,1,0
BRDA:310,40,2,0
BRDA:319,41,0,0
BRDA:319,41,1,0
BRDA:390,42,0,60
BRDA:390,42,1,0
BRDA:392,43,0,60
BRDA:392,43,1,0
BRDA:393,44,0,60
BRDA:393,44,1,0
BRDA:395,45,0,0
BRDA:395,45,1,0
BRDA:401,46,0,16
BRDA:401,46,1,16
BRDA:401,46,2,12
BRDA:404,47,0,7
BRDA:404,47,1,53
BRDA:408,48,0,7
BRDA:408,48,1,53
BRDA:410,49,0,12
BRDA:410,49,1,12
BRDA:416,50,0,58
BRDA:416,50,1,2
BRDA:421,51,0,10
BRDA:421,51,1,50
BRDA:421,52,0,60
BRDA:421,52,1,10
BRF:111
BRH:52
end_of_record
TN:
SF:src\hooks\useSyncBeforeNavigation.js
FN:24,useSyncBeforeNavigation
FN:62,(anonymous_1)
FN:67,(anonymous_2)
FN:80,(anonymous_3)
FN:94,(anonymous_4)
FN:105,(anonymous_5)
FN:107,(anonymous_6)
FN:113,(anonymous_7)
FN:118,(anonymous_8)
FN:132,(anonymous_9)
FN:139,(anonymous_10)
FN:188,(anonymous_11)
FN:198,(anonymous_12)
FN:199,(anonymous_13)
FNF:14
FNH:13
FNDA:50,useSyncBeforeNavigation
FNDA:77,(anonymous_1)
FNDA:30,(anonymous_2)
FNDA:5,(anonymous_3)
FNDA:29,(anonymous_4)
FNDA:20,(anonymous_5)
FNDA:0,(anonymous_6)
FNDA:19,(anonymous_7)
FNDA:12,(anonymous_8)
FNDA:50,(anonymous_9)
FNDA:15,(anonymous_10)
FNDA:15,(anonymous_11)
FNDA:20,(anonymous_12)
FNDA:20,(anonymous_13)
DA:30,50
DA:33,50
DA:34,50
DA:43,50
DA:45,50
DA:46,50
DA:47,50
DA:49,50
DA:52,50
DA:53,50
DA:54,50
DA:55,50
DA:56,50
DA:59,50
DA:62,50
DA:63,77
DA:67,50
DA:68,30
DA:69,1
DA:70,0
DA:71,0
DA:72,0
DA:74,1
DA:79,29
DA:80,5
DA:81,5
DA:84,5
DA:85,5
DA:86,5
DA:88,5
DA:90,24
DA:94,29
DA:95,29
DA:96,1
DA:97,1
DA:98,1
DA:105,50
DA:106,20
DA:107,19
DA:108,0
DA:109,0
DA:110,0
DA:112,19
DA:113,19
DA:118,50
DA:119,12
DA:120,1
DA:121,1
DA:122,1
DA:124,1
DA:126,11
DA:127,11
DA:128,11
DA:132,50
DA:133,50
DA:134,50
DA:136,15
DA:137,15
DA:139,15
DA:140,15
DA:141,15
DA:142,15
DA:143,0
DA:145,15
DA:146,14
DA:147,0
DA:148,0
DA:150,14
DA:151,14
DA:152,14
DA:153,14
DA:154,14
DA:155,14
DA:156,4
DA:157,4
DA:159,14
DA:160,14
DA:163,0
DA:164,0
DA:165,0
DA:166,0
DA:169,1
DA:170,0
DA:171,0
DA:173,1
DA:174,1
DA:175,1
DA:176,1
DA:178,15
DA:179,15
DA:180,15
DA:185,15
DA:188,15
DA:189,15
DA:198,50
DA:199,20
DA:200,20
DA:201,0
DA:202,0
DA:203,0
DA:205,20
DA:210,50
LF:102
LH:84
BRDA:27,0,0,0
BRDA:28,1,0,0
BRDA:29,2,0,0
BRDA:30,3,0,50
BRDA:30,3,1,0
BRDA:33,4,0,50
BRDA:33,4,1,50
BRDA:33,4,2,50
BRDA:34,5,0,50
BRDA:34,5,1,0
BRDA:38,6,0,50
BRDA:38,6,1,0
BRDA:43,7,0,50
BRDA:43,7,1,0
BRDA:43,8,0,50
BRDA:43,8,1,50
BRDA:49,9,0,50
BRDA:49,9,1,0
BRDA:49,10,0,50
BRDA:49,10,1,50
BRDA:59,11,0,50
BRDA:59,11,1,49
BRDA:59,11,2,49
BRDA:68,12,0,1
BRDA:68,12,1,29
BRDA:69,13,0,0
BRDA:69,13,1,1
BRDA:79,14,0,5
BRDA:79,14,1,24
BRDA:79,15,0,29
BRDA:79,15,1,29
BRDA:81,16,0,5
BRDA:81,16,1,0
BRDA:81,17,0,5
BRDA:81,17,1,5
BRDA:81,17,2,5
BRDA:95,18,0,1
BRDA:95,18,1,28
BRDA:106,19,0,1
BRDA:106,19,1,19
BRDA:119,20,0,1
BRDA:119,20,1,11
BRDA:121,21,0,1
BRDA:121,21,1,0
BRDA:134,22,0,35
BRDA:134,22,1,15
BRDA:134,23,0,50
BRDA:134,23,1,15
BRDA:142,24,0,0
BRDA:142,24,1,15
BRDA:146,25,0,0
BRDA:146,25,1,14
BRDA:146,26,0,14
BRDA:146,26,1,14
BRDA:150,27,0,14
BRDA:150,27,1,0
BRDA:155,28,0,4
BRDA:155,28,1,10
BRDA:159,29,0,14
BRDA:159,29,1,0
BRDA:169,30,0,0
BRDA:169,30,1,1
BRDA:169,31,0,1
BRDA:169,31,1,1
BRDA:176,32,0,1
BRDA:176,32,1,0
BRDA:176,33,0,1
BRDA:176,33,1,1
BRDA:178,34,0,15
BRDA:178,34,1,0
BRDA:200,35,0,0
BRDA:200,35,1,20
BRF:72
BRH:53
end_of_record
TN:
SF:src\tests\testRouterUtils.js
FN:10,(anonymous_0)
FN:20,(anonymous_1)
FN:22,(anonymous_2)
FN:33,createNavigationContext
FN:65,renderWithProviders
FN:83,setupMockUseNavigate
FN:84,(anonymous_6)
FN:88,(anonymous_7)
FN:98,setupMockUseLocation
FN:99,(anonymous_9)
FN:103,(anonymous_10)
FN:109,cleanupRouterMocks
FNF:12
FNH:1
FNDA:0,(anonymous_0)
FNDA:0,(anonymous_1)
FNDA:0,(anonymous_2)
FNDA:0,createNavigationContext
FNDA:14,renderWithProviders
FNDA:0,setupMockUseNavigate
FNDA:0,(anonymous_6)
FNDA:0,(anonymous_7)
FNDA:0,setupMockUseLocation
FNDA:0,(anonymous_9)
FNDA:0,(anonymous_10)
FNDA:0,cleanupRouterMocks
DA:10,2
DA:20,2
DA:21,0
DA:23,0
DA:24,0
DA:28,0
DA:43,0
DA:69,14
DA:84,0
DA:85,0
DA:86,0
DA:88,0
DA:99,0
DA:100,0
DA:101,0
DA:103,0
DA:110,0
DA:111,0
LF:18
LH:3
BRDA:10,0,0,0
BRDA:20,1,0,0
BRDA:33,2,0,0
BRDA:34,3,0,0
BRDA:35,4,0,0
BRDA:36,5,0,0
BRDA:37,6,0,0
BRDA:38,7,0,0
BRDA:39,8,0,0
BRDA:40,9,0,0
BRDA:41,10,0,0
BRDA:67,11,0,1
BRDA:67,12,0,14
BRDA:67,13,0,14
BRDA:83,14,0,0
BRDA:98,15,0,0
BRF:16
BRH:3
end_of_record
